#
# There is insufficient memory for the Java Runtime Environment to continue.
# Native memory allocation (mmap) failed to map 715915264 bytes for committing reserved memory.
# Possible reasons:
#   The system is out of physical RAM or swap space
#   In 32 bit mode, the process size limit was hit
# Possible solutions:
#   Reduce memory load on the system
#   Increase physical memory or swap space
#   Check if swap backing store is full
#   Use 64 bit Java on a 64 bit OS
#   Decrease Java heap size (-Xmx/-Xms)
#   Decrease number of Java threads
#   Decrease Java thread stack sizes (-Xss)
#   Set larger code cache with -XX:ReservedCodeCacheSize=
# This output file may be truncated or incomplete.
#
#  Out of Memory Error (os_linux.cpp:2627), pid=9768, tid=3060886336
#
# JRE version:  (8.0_60-b27) (build )
# Java VM: Java HotSpot(TM) Server VM (25.60-b23 mixed mode linux-x86 )
# Failed to write core dump. Core dumps have been disabled. To enable core dumping, try "ulimit -c unlimited" before starting Java again
#

---------------  T H R E A D  ---------------

Current thread (0xb6507400):  JavaThread "Unknown thread" [_thread_in_vm, id=9769, stack(0xb66c6000,0xb6717000)]

Stack: [0xb66c6000,0xb6717000],  sp=0xb6715b30,  free space=318k
Native frames: (J=compiled Java code, j=interpreted, Vv=VM code, C=native code)
V  [libjvm.so+0x8cd06f]  VMError::report_and_die()+0x16f
V  [libjvm.so+0x38bea5]  report_vm_out_of_memory(char const*, int, unsigned int, VMErrorType, char const*)+0x55
V  [libjvm.so+0x750e26]  os::Linux::commit_memory_impl(char*, unsigned int, bool)+0xe6
V  [libjvm.so+0x7512f8]  os::pd_commit_memory(char*, unsigned int, unsigned int, bool)+0x28
V  [libjvm.so+0x74b21c]  os::commit_memory(char*, unsigned int, unsigned int, bool)+0x2c
V  [libjvm.so+0x7b5818]  PSVirtualSpace::expand_by(unsigned int)+0x48
V  [libjvm.so+0x7a824b]  PSOldGen::initialize(ReservedSpace, unsigned int, char const*, int)+0x8b
V  [libjvm.so+0x1a5767]  AdjoiningGenerations::AdjoiningGenerations(ReservedSpace, GenerationSizer*, unsigned int)+0x2e7
V  [libjvm.so+0x7720df]  ParallelScavengeHeap::initialize()+0x19f
V  [libjvm.so+0x897f9d]  Universe::initialize_heap()+0xcd
V  [libjvm.so+0x8982d3]  universe_init()+0x23
V  [libjvm.so+0x4c1ba5]  init_globals()+0x55
V  [libjvm.so+0x87d51b]  Threads::create_vm(JavaVMInitArgs*, bool*)+0x24b
V  [libjvm.so+0x53c25c]  JNI_CreateJavaVM+0x5c
C  [libjli.so+0x6e28]  JavaMain+0x98
C  [libpthread.so.0+0x6d4c]  start_thread+0xcc
C  [libc.so.6+0xeedde]  clone+0x5e


---------------  P R O C E S S  ---------------

Java Threads: ( => current thread )

Other Threads:

=>0xb6507400 (exited) JavaThread "Unknown thread" [_thread_in_vm, id=9769, stack(0xb66c6000,0xb6717000)]

VM state:not at safepoint (not fully initialized)

VM Mutex/Monitor currently owned by a thread: None

GC Heap History (0 events):
No events

Deoptimization events (0 events):
No events

Internal exceptions (0 events):
No events

Events (0 events):
No events


Dynamic libraries:
08048000-08049000 r-xp 00000000 08:12 6948843    /usr/lib/jvm/java-8-oracle/jre/bin/java
08049000-0804a000 rw-p 00000000 08:12 6948843    /usr/lib/jvm/java-8-oracle/jre/bin/java
092c3000-092e4000 rw-p 00000000 00:00 0          [heap]
6dfff000-6e154000 ---p 00000000 00:00 0 
6e154000-6e200000 rw-p 00000000 00:00 0 
98b25000-ae200000 rw-p 00000000 00:00 0 
ae24a000-ae309000 rw-p 00000000 00:00 0 
ae309000-ae500000 ---p 00000000 00:00 0 
ae500000-ae740000 rwxp 00000000 00:00 0 
ae740000-b6500000 ---p 00000000 00:00 0 
b6500000-b6521000 rw-p 00000000 00:00 0 
b6521000-b6600000 ---p 00000000 00:00 0 
b6630000-b6649000 r-xp 00000000 08:12 6825170    /usr/lib/jvm/java-8-oracle/jre/lib/i386/libzip.so
b6649000-b664a000 rw-p 00019000 08:12 6825170    /usr/lib/jvm/java-8-oracle/jre/lib/i386/libzip.so
b664a000-b6655000 r-xp 00000000 08:12 4850293    /lib/i386-linux-gnu/libnss_files-2.15.so
b6655000-b6656000 r--p 0000a000 08:12 4850293    /lib/i386-linux-gnu/libnss_files-2.15.so
b6656000-b6657000 rw-p 0000b000 08:12 4850293    /lib/i386-linux-gnu/libnss_files-2.15.so
b6657000-b6661000 r-xp 00000000 08:12 4850298    /lib/i386-linux-gnu/libnss_nis-2.15.so
b6661000-b6662000 r--p 00009000 08:12 4850298    /lib/i386-linux-gnu/libnss_nis-2.15.so
b6662000-b6663000 rw-p 0000a000 08:12 4850298    /lib/i386-linux-gnu/libnss_nis-2.15.so
b6663000-b6679000 r-xp 00000000 08:12 4850327    /lib/i386-linux-gnu/libnsl-2.15.so
b6679000-b667a000 r--p 00015000 08:12 4850327    /lib/i386-linux-gnu/libnsl-2.15.so
b667a000-b667b000 rw-p 00016000 08:12 4850327    /lib/i386-linux-gnu/libnsl-2.15.so
b667b000-b667d000 rw-p 00000000 00:00 0 
b667d000-b6684000 r-xp 00000000 08:12 4850291    /lib/i386-linux-gnu/libnss_compat-2.15.so
b6684000-b6685000 r--p 00006000 08:12 4850291    /lib/i386-linux-gnu/libnss_compat-2.15.so
b6685000-b6686000 rw-p 00007000 08:12 4850291    /lib/i386-linux-gnu/libnss_compat-2.15.so
b6690000-b6698000 rw-s 00000000 08:12 3017676    /tmp/hsperfdata_marco/9768
b6698000-b66bc000 r-xp 00000000 08:12 6825145    /usr/lib/jvm/java-8-oracle/jre/lib/i386/libjava.so
b66bc000-b66bd000 rw-p 00023000 08:12 6825145    /usr/lib/jvm/java-8-oracle/jre/lib/i386/libjava.so
b66bd000-b66c4000 r-xp 00000000 08:12 4850296    /lib/i386-linux-gnu/librt-2.15.so
b66c4000-b66c5000 r--p 00006000 08:12 4850296    /lib/i386-linux-gnu/librt-2.15.so
b66c5000-b66c6000 rw-p 00007000 08:12 4850296    /lib/i386-linux-gnu/librt-2.15.so
b66c6000-b66c9000 ---p 00000000 00:00 0 
b66c9000-b6717000 rw-p 00000000 00:00 0 
b6717000-b6741000 r-xp 00000000 08:12 4850318    /lib/i386-linux-gnu/libm-2.15.so
b6741000-b6742000 r--p 00029000 08:12 4850318    /lib/i386-linux-gnu/libm-2.15.so
b6742000-b6743000 rw-p 0002a000 08:12 4850318    /lib/i386-linux-gnu/libm-2.15.so
b6743000-b70c3000 r-xp 00000000 08:12 6825149    /usr/lib/jvm/java-8-oracle/jre/lib/i386/server/libjvm.so
b70c3000-b7130000 rw-p 00980000 08:12 6825149    /usr/lib/jvm/java-8-oracle/jre/lib/i386/server/libjvm.so
b7130000-b7556000 rw-p 00000000 00:00 0 
b7556000-b76f9000 r-xp 00000000 08:12 4850289    /lib/i386-linux-gnu/libc-2.15.so
b76f9000-b76fb000 r--p 001a3000 08:12 4850289    /lib/i386-linux-gnu/libc-2.15.so
b76fb000-b76fc000 rw-p 001a5000 08:12 4850289    /lib/i386-linux-gnu/libc-2.15.so
b76fc000-b76ff000 rw-p 00000000 00:00 0 
b76ff000-b7702000 r-xp 00000000 08:12 4850322    /lib/i386-linux-gnu/libdl-2.15.so
b7702000-b7703000 r--p 00002000 08:12 4850322    /lib/i386-linux-gnu/libdl-2.15.so
b7703000-b7704000 rw-p 00003000 08:12 4850322    /lib/i386-linux-gnu/libdl-2.15.so
b7704000-b7705000 rw-p 00000000 00:00 0 
b7705000-b7719000 r-xp 00000000 08:12 6825129    /usr/lib/jvm/java-8-oracle/jre/lib/i386/jli/libjli.so
b7719000-b771a000 rw-p 00014000 08:12 6825129    /usr/lib/jvm/java-8-oracle/jre/lib/i386/jli/libjli.so
b771a000-b7731000 r-xp 00000000 08:12 4850316    /lib/i386-linux-gnu/libpthread-2.15.so
b7731000-b7732000 r--p 00016000 08:12 4850316    /lib/i386-linux-gnu/libpthread-2.15.so
b7732000-b7733000 rw-p 00017000 08:12 4850316    /lib/i386-linux-gnu/libpthread-2.15.so
b7733000-b7735000 rw-p 00000000 00:00 0 
b7736000-b773a000 rw-p 00000000 00:00 0 
b773a000-b773b000 r--p 00000000 00:00 0 
b773b000-b7746000 r-xp 00000000 08:12 6825147    /usr/lib/jvm/java-8-oracle/jre/lib/i386/libverify.so
b7746000-b7747000 rw-p 0000b000 08:12 6825147    /usr/lib/jvm/java-8-oracle/jre/lib/i386/libverify.so
b7747000-b7749000 rw-p 00000000 00:00 0 
b7749000-b774a000 r-xp 00000000 00:00 0          [vdso]
b774a000-b776a000 r-xp 00000000 08:12 4850319    /lib/i386-linux-gnu/ld-2.15.so
b776a000-b776b000 r--p 0001f000 08:12 4850319    /lib/i386-linux-gnu/ld-2.15.so
b776b000-b776c000 rw-p 00020000 08:12 4850319    /lib/i386-linux-gnu/ld-2.15.so
bf943000-bf944000 rwxp 00000000 00:00 0 
bf976000-bf997000 rw-p 00000000 00:00 0          [stack]

VM Arguments:
jvm_args: -Xms1024m -Xmx1024m -XX:ReservedCodeCacheSize=128m -XX:MaxMetaspaceSize=256m 
java_command: /usr/share/sbt-launcher-packaging/bin/sbt-launch.jar run
java_class_path (initial): /usr/share/sbt-launcher-packaging/bin/sbt-launch.jar
Launcher Type: SUN_STANDARD

Environment Variables:
PATH=/usr/lib/lightdm/lightdm:/usr/local/sbin:/usr/local/bin:/usr/sbin:/usr/bin:/sbin:/bin:/usr/games
SHELL=/bin/bash
DISPLAY=:0.0

Signal Handlers:
SIGSEGV: [libjvm.so+0x8cdb80], sa_mask[0]=11111111011111111101111111111110, sa_flags=SA_RESTART|SA_SIGINFO
SIGBUS: [libjvm.so+0x8cdb80], sa_mask[0]=11111111011111111101111111111110, sa_flags=SA_RESTART|SA_SIGINFO
SIGFPE: [libjvm.so+0x74db00], sa_mask[0]=11111111011111111101111111111110, sa_flags=SA_RESTART|SA_SIGINFO
SIGPIPE: [libjvm.so+0x74db00], sa_mask[0]=11111111011111111101111111111110, sa_flags=SA_RESTART|SA_SIGINFO
SIGXFSZ: [libjvm.so+0x74db00], sa_mask[0]=11111111011111111101111111111110, sa_flags=SA_RESTART|SA_SIGINFO
SIGILL: [libjvm.so+0x74db00], sa_mask[0]=11111111011111111101111111111110, sa_flags=SA_RESTART|SA_SIGINFO
SIGUSR1: SIG_DFL, sa_mask[0]=00000000000000000000000000000000, sa_flags=none
SIGUSR2: [libjvm.so+0x74f180], sa_mask[0]=00000000000000000000000000000000, sa_flags=SA_RESTART|SA_SIGINFO
SIGHUP: SIG_DFL, sa_mask[0]=00000000000000000000000000000000, sa_flags=none
SIGINT: SIG_DFL, sa_mask[0]=00000000000000000000000000000000, sa_flags=none
SIGTERM: SIG_DFL, sa_mask[0]=00000000000000000000000000000000, sa_flags=none
SIGQUIT: SIG_DFL, sa_mask[0]=00000000000000000000000000000000, sa_flags=none


---------------  S Y S T E M  ---------------

OS:DISTRIB_ID=Ubuntu
DISTRIB_RELEASE=12.04
DISTRIB_CODENAME=precise
DISTRIB_DESCRIPTION="Ubuntu 12.04.2 LTS"

uname:Linux 3.2.0-48-generic-pae #74-Ubuntu SMP Thu Jun 6 20:05:01 UTC 2013 i686
libc:glibc 2.15 NPTL 2.15 
rlimit: STACK 8192k, CORE 0k, NPROC 28637, NOFILE 4096, AS infinity
load average:1.01 1.37 1.04

/proc/meminfo:
MemTotal:        3680248 kB
MemFree:          407108 kB
Buffers:           41040 kB
Cached:           182764 kB
SwapCached:            0 kB
Active:          3028596 kB
Inactive:         137064 kB
Active(anon):    2946156 kB
Inactive(anon):     6688 kB
Active(file):      82440 kB
Inactive(file):   130376 kB
Unevictable:           0 kB
Mlocked:               0 kB
HighTotal:       2821832 kB
HighFree:          56260 kB
LowTotal:         858416 kB
LowFree:          350848 kB
SwapTotal:             0 kB
SwapFree:              0 kB
Dirty:               440 kB
Writeback:             0 kB
AnonPages:       2941904 kB
Mapped:            81496 kB
Shmem:             10988 kB
Slab:              36812 kB
SReclaimable:      17484 kB
SUnreclaim:        19328 kB
KernelStack:        5096 kB
PageTables:        14264 kB
NFS_Unstable:          0 kB
Bounce:                0 kB
WritebackTmp:          0 kB
CommitLimit:     1840124 kB
Committed_AS:   10046892 kB
VmallocTotal:     122880 kB
VmallocUsed:       84420 kB
VmallocChunk:      19356 kB
HardwareCorrupted:     0 kB
AnonHugePages:         0 kB
HugePages_Total:       0
HugePages_Free:        0
HugePages_Rsvd:        0
HugePages_Surp:        0
Hugepagesize:       2048 kB
DirectMap4k:        8184 kB
DirectMap2M:      905216 kB


CPU:total 4 (4 cores per cpu, 1 threads per core) family 6 model 15 stepping 11, cmov, cx8, fxsr, mmx, sse, sse2, sse3, ssse3, tsc

/proc/cpuinfo:
processor	: 0
vendor_id	: GenuineIntel
cpu family	: 6
model		: 15
model name	: Intel(R) Core(TM)2 Quad CPU    Q6600  @ 2.40GHz
stepping	: 11
microcode	: 0xb3
cpu MHz		: 2400.000
cache size	: 4096 KB
physical id	: 0
siblings	: 4
core id		: 0
cpu cores	: 4
apicid		: 0
initial apicid	: 0
fdiv_bug	: no
hlt_bug		: no
f00f_bug	: no
coma_bug	: no
fpu		: yes
fpu_exception	: yes
cpuid level	: 10
wp		: yes
flags		: fpu vme de pse tsc msr pae mce cx8 apic sep mtrr pge mca cmov pat pse36 clflush dts acpi mmx fxsr sse sse2 ss ht tm pbe nx lm constant_tsc arch_perfmon pebs bts aperfmperf pni dtes64 monitor ds_cpl vmx est tm2 ssse3 cx16 xtpr pdcm lahf_lm dtherm tpr_shadow vnmi flexpriority
bogomips	: 4788.31
clflush size	: 64
cache_alignment	: 64
address sizes	: 36 bits physical, 48 bits virtual
power management:

processor	: 1
vendor_id	: GenuineIntel
cpu family	: 6
model		: 15
model name	: Intel(R) Core(TM)2 Quad CPU    Q6600  @ 2.40GHz
stepping	: 11
microcode	: 0xb3
cpu MHz		: 2400.000
cache size	: 4096 KB
physical id	: 0
siblings	: 4
core id		: 1
cpu cores	: 4
apicid		: 1
initial apicid	: 1
fdiv_bug	: no
hlt_bug		: no
f00f_bug	: no
coma_bug	: no
fpu		: yes
fpu_exception	: yes
cpuid level	: 10
wp		: yes
flags		: fpu vme de pse tsc msr pae mce cx8 apic sep mtrr pge mca cmov pat pse36 clflush dts acpi mmx fxsr sse sse2 ss ht tm pbe nx lm constant_tsc arch_perfmon pebs bts aperfmperf pni dtes64 monitor ds_cpl vmx est tm2 ssse3 cx16 xtpr pdcm lahf_lm dtherm tpr_shadow vnmi flexpriority
bogomips	: 4788.84
clflush size	: 64
cache_alignment	: 64
address sizes	: 36 bits physical, 48 bits virtual
power management:

processor	: 2
vendor_id	: GenuineIntel
cpu family	: 6
model		: 15
model name	: Intel(R) Core(TM)2 Quad CPU    Q6600  @ 2.40GHz
stepping	: 11
microcode	: 0xb3
cpu MHz		: 1600.000
cache size	: 4096 KB
physical id	: 0
siblings	: 4
core id		: 2
cpu cores	: 4
apicid		: 2
initial apicid	: 2
fdiv_bug	: no
hlt_bug		: no
f00f_bug	: no
coma_bug	: no
fpu		: yes
fpu_exception	: yes
cpuid level	: 10
wp		: yes
flags		: fpu vme de pse tsc msr pae mce cx8 apic sep mtrr pge mca cmov pat pse36 clflush dts acpi mmx fxsr sse sse2 ss ht tm pbe nx lm constant_tsc arch_perfmon pebs bts aperfmperf pni dtes64 monitor ds_cpl vmx est tm2 ssse3 cx16 xtpr pdcm lahf_lm dtherm tpr_shadow vnmi flexpriority
bogomips	: 4788.90
clflush size	: 64
cache_alignment	: 64
address sizes	: 36 bits physical, 48 bits virtual
power management:

processor	: 3
vendor_id	: GenuineIntel
cpu family	: 6
model		: 15
model name	: Intel(R) Core(TM)2 Quad CPU    Q6600  @ 2.40GHz
stepping	: 11
microcode	: 0xb3
cpu MHz		: 1600.000
cache size	: 4096 KB
physical id	: 0
siblings	: 4
core id		: 3
cpu cores	: 4
apicid		: 3
initial apicid	: 3
fdiv_bug	: no
hlt_bug		: no
f00f_bug	: no
coma_bug	: no
fpu		: yes
fpu_exception	: yes
cpuid level	: 10
wp		: yes
flags		: fpu vme de pse tsc msr pae mce cx8 apic sep mtrr pge mca cmov pat pse36 clflush dts acpi mmx fxsr sse sse2 ss ht tm pbe nx lm constant_tsc arch_perfmon pebs bts aperfmperf pni dtes64 monitor ds_cpl vmx est tm2 ssse3 cx16 xtpr pdcm lahf_lm dtherm tpr_shadow vnmi flexpriority
bogomips	: 4788.88
clflush size	: 64
cache_alignment	: 64
address sizes	: 36 bits physical, 48 bits virtual
power management:



Memory: 4k page, physical 3680248k(407108k free), swap 0k(0k free)

vm_info: Java HotSpot(TM) Server VM (25.60-b23) for linux-x86 JRE (1.8.0_60-b27), built on Aug  4 2015 10:44:54 by "java_re" with gcc 4.3.0 20080428 (Red Hat 4.3.0-8)

time: Fri Sep 25 17:23:58 2015
elapsed time: 0 seconds (0d 0h 0m 0s)

