#
# There is insufficient memory for the Java Runtime Environment to continue.
# Native memory allocation (mmap) failed to map 715915264 bytes for committing reserved memory.
# Possible reasons:
#   The system is out of physical RAM or swap space
#   In 32 bit mode, the process size limit was hit
# Possible solutions:
#   Reduce memory load on the system
#   Increase physical memory or swap space
#   Check if swap backing store is full
#   Use 64 bit Java on a 64 bit OS
#   Decrease Java heap size (-Xmx/-Xms)
#   Decrease number of Java threads
#   Decrease Java thread stack sizes (-Xss)
#   Set larger code cache with -XX:ReservedCodeCacheSize=
# This output file may be truncated or incomplete.
#
#  Out of Memory Error (os_linux.cpp:2627), pid=8181, tid=3060587328
#
# JRE version:  (8.0_60-b27) (build )
# Java VM: Java HotSpot(TM) Server VM (25.60-b23 mixed mode linux-x86 )
# Failed to write core dump. Core dumps have been disabled. To enable core dumping, try "ulimit -c unlimited" before starting Java again
#

---------------  T H R E A D  ---------------

Current thread (0xb6507400):  JavaThread "Unknown thread" [_thread_in_vm, id=8182, stack(0xb667d000,0xb66ce000)]

Stack: [0xb667d000,0xb66ce000],  sp=0xb66ccb30,  free space=318k
Native frames: (J=compiled Java code, j=interpreted, Vv=VM code, C=native code)
V  [libjvm.so+0x8cd06f]  VMError::report_and_die()+0x16f
V  [libjvm.so+0x38bea5]  report_vm_out_of_memory(char const*, int, unsigned int, VMErrorType, char const*)+0x55
V  [libjvm.so+0x750e26]  os::Linux::commit_memory_impl(char*, unsigned int, bool)+0xe6
V  [libjvm.so+0x7512f8]  os::pd_commit_memory(char*, unsigned int, unsigned int, bool)+0x28
V  [libjvm.so+0x74b21c]  os::commit_memory(char*, unsigned int, unsigned int, bool)+0x2c
V  [libjvm.so+0x7b5818]  PSVirtualSpace::expand_by(unsigned int)+0x48
V  [libjvm.so+0x7a824b]  PSOldGen::initialize(ReservedSpace, unsigned int, char const*, int)+0x8b
V  [libjvm.so+0x1a5767]  AdjoiningGenerations::AdjoiningGenerations(ReservedSpace, GenerationSizer*, unsigned int)+0x2e7
V  [libjvm.so+0x7720df]  ParallelScavengeHeap::initialize()+0x19f
V  [libjvm.so+0x897f9d]  Universe::initialize_heap()+0xcd
V  [libjvm.so+0x8982d3]  universe_init()+0x23
V  [libjvm.so+0x4c1ba5]  init_globals()+0x55
V  [libjvm.so+0x87d51b]  Threads::create_vm(JavaVMInitArgs*, bool*)+0x24b
V  [libjvm.so+0x53c25c]  JNI_CreateJavaVM+0x5c
C  [libjli.so+0x6e28]  JavaMain+0x98
C  [libpthread.so.0+0x6d4c]  start_thread+0xcc
C  [libc.so.6+0xeedde]  clone+0x5e


---------------  P R O C E S S  ---------------

Java Threads: ( => current thread )

Other Threads:

=>0xb6507400 (exited) JavaThread "Unknown thread" [_thread_in_vm, id=8182, stack(0xb667d000,0xb66ce000)]

VM state:not at safepoint (not fully initialized)

VM Mutex/Monitor currently owned by a thread: None

GC Heap History (0 events):
No events

Deoptimization events (0 events):
No events

Internal exceptions (0 events):
No events

Events (0 events):
No events


Dynamic libraries:
08048000-08049000 r-xp 00000000 08:12 6948843    /usr/lib/jvm/java-8-oracle/jre/bin/java
08049000-0804a000 rw-p 00000000 08:12 6948843    /usr/lib/jvm/java-8-oracle/jre/bin/java
08f22000-08f43000 rw-p 00000000 00:00 0          [heap]
6dfff000-6e154000 ---p 00000000 00:00 0 
6e154000-6e200000 rw-p 00000000 00:00 0 
98b25000-ae200000 rw-p 00000000 00:00 0 
ae230000-ae2ef000 rw-p 00000000 00:00 0 
ae2ef000-ae4e6000 ---p 00000000 00:00 0 
ae4e6000-ae726000 rwxp 00000000 00:00 0 
ae726000-b64e6000 ---p 00000000 00:00 0 
b64e6000-b64ff000 r-xp 00000000 08:12 6825170    /usr/lib/jvm/java-8-oracle/jre/lib/i386/libzip.so
b64ff000-b6500000 rw-p 00019000 08:12 6825170    /usr/lib/jvm/java-8-oracle/jre/lib/i386/libzip.so
b6500000-b6521000 rw-p 00000000 00:00 0 
b6521000-b6600000 ---p 00000000 00:00 0 
b6601000-b660c000 r-xp 00000000 08:12 4850293    /lib/i386-linux-gnu/libnss_files-2.15.so
b660c000-b660d000 r--p 0000a000 08:12 4850293    /lib/i386-linux-gnu/libnss_files-2.15.so
b660d000-b660e000 rw-p 0000b000 08:12 4850293    /lib/i386-linux-gnu/libnss_files-2.15.so
b660e000-b6618000 r-xp 00000000 08:12 4850298    /lib/i386-linux-gnu/libnss_nis-2.15.so
b6618000-b6619000 r--p 00009000 08:12 4850298    /lib/i386-linux-gnu/libnss_nis-2.15.so
b6619000-b661a000 rw-p 0000a000 08:12 4850298    /lib/i386-linux-gnu/libnss_nis-2.15.so
b661a000-b6630000 r-xp 00000000 08:12 4850327    /lib/i386-linux-gnu/libnsl-2.15.so
b6630000-b6631000 r--p 00015000 08:12 4850327    /lib/i386-linux-gnu/libnsl-2.15.so
b6631000-b6632000 rw-p 00016000 08:12 4850327    /lib/i386-linux-gnu/libnsl-2.15.so
b6632000-b6634000 rw-p 00000000 00:00 0 
b6634000-b663b000 r-xp 00000000 08:12 4850291    /lib/i386-linux-gnu/libnss_compat-2.15.so
b663b000-b663c000 r--p 00006000 08:12 4850291    /lib/i386-linux-gnu/libnss_compat-2.15.so
b663c000-b663d000 rw-p 00007000 08:12 4850291    /lib/i386-linux-gnu/libnss_compat-2.15.so
b6647000-b664f000 rw-s 00000000 08:12 3017666    /tmp/hsperfdata_marco/8181
b664f000-b6673000 r-xp 00000000 08:12 6825145    /usr/lib/jvm/java-8-oracle/jre/lib/i386/libjava.so
b6673000-b6674000 rw-p 00023000 08:12 6825145    /usr/lib/jvm/java-8-oracle/jre/lib/i386/libjava.so
b6674000-b667b000 r-xp 00000000 08:12 4850296    /lib/i386-linux-gnu/librt-2.15.so
b667b000-b667c000 r--p 00006000 08:12 4850296    /lib/i386-linux-gnu/librt-2.15.so
b667c000-b667d000 rw-p 00007000 08:12 4850296    /lib/i386-linux-gnu/librt-2.15.so
b667d000-b6680000 ---p 00000000 00:00 0 
b6680000-b66ce000 rw-p 00000000 00:00 0 
b66ce000-b66f8000 r-xp 00000000 08:12 4850318    /lib/i386-linux-gnu/libm-2.15.so
b66f8000-b66f9000 r--p 00029000 08:12 4850318    /lib/i386-linux-gnu/libm-2.15.so
b66f9000-b66fa000 rw-p 0002a000 08:12 4850318    /lib/i386-linux-gnu/libm-2.15.so
b66fa000-b707a000 r-xp 00000000 08:12 6825149    /usr/lib/jvm/java-8-oracle/jre/lib/i386/server/libjvm.so
b707a000-b70e7000 rw-p 00980000 08:12 6825149    /usr/lib/jvm/java-8-oracle/jre/lib/i386/server/libjvm.so
b70e7000-b750d000 rw-p 00000000 00:00 0 
b750d000-b76b0000 r-xp 00000000 08:12 4850289    /lib/i386-linux-gnu/libc-2.15.so
b76b0000-b76b2000 r--p 001a3000 08:12 4850289    /lib/i386-linux-gnu/libc-2.15.so
b76b2000-b76b3000 rw-p 001a5000 08:12 4850289    /lib/i386-linux-gnu/libc-2.15.so
b76b3000-b76b6000 rw-p 00000000 00:00 0 
b76b6000-b76b9000 r-xp 00000000 08:12 4850322    /lib/i386-linux-gnu/libdl-2.15.so
b76b9000-b76ba000 r--p 00002000 08:12 4850322    /lib/i386-linux-gnu/libdl-2.15.so
b76ba000-b76bb000 rw-p 00003000 08:12 4850322    /lib/i386-linux-gnu/libdl-2.15.so
b76bb000-b76bc000 rw-p 00000000 00:00 0 
b76bc000-b76d0000 r-xp 00000000 08:12 6825129    /usr/lib/jvm/java-8-oracle/jre/lib/i386/jli/libjli.so
b76d0000-b76d1000 rw-p 00014000 08:12 6825129    /usr/lib/jvm/java-8-oracle/jre/lib/i386/jli/libjli.so
b76d1000-b76e8000 r-xp 00000000 08:12 4850316    /lib/i386-linux-gnu/libpthread-2.15.so
b76e8000-b76e9000 r--p 00016000 08:12 4850316    /lib/i386-linux-gnu/libpthread-2.15.so
b76e9000-b76ea000 rw-p 00017000 08:12 4850316    /lib/i386-linux-gnu/libpthread-2.15.so
b76ea000-b76ec000 rw-p 00000000 00:00 0 
b76ed000-b76f1000 rw-p 00000000 00:00 0 
b76f1000-b76f2000 r--p 00000000 00:00 0 
b76f2000-b76fd000 r-xp 00000000 08:12 6825147    /usr/lib/jvm/java-8-oracle/jre/lib/i386/libverify.so
b76fd000-b76fe000 rw-p 0000b000 08:12 6825147    /usr/lib/jvm/java-8-oracle/jre/lib/i386/libverify.so
b76fe000-b7700000 rw-p 00000000 00:00 0 
b7700000-b7701000 r-xp 00000000 00:00 0          [vdso]
b7701000-b7721000 r-xp 00000000 08:12 4850319    /lib/i386-linux-gnu/ld-2.15.so
b7721000-b7722000 r--p 0001f000 08:12 4850319    /lib/i386-linux-gnu/ld-2.15.so
b7722000-b7723000 rw-p 00020000 08:12 4850319    /lib/i386-linux-gnu/ld-2.15.so
bf810000-bf811000 rwxp 00000000 00:00 0 
bf843000-bf864000 rw-p 00000000 00:00 0          [stack]

VM Arguments:
jvm_args: -Xms1024m -Xmx1024m -XX:ReservedCodeCacheSize=128m -XX:MaxMetaspaceSize=256m 
java_command: /usr/share/sbt-launcher-packaging/bin/sbt-launch.jar run
java_class_path (initial): /usr/share/sbt-launcher-packaging/bin/sbt-launch.jar
Launcher Type: SUN_STANDARD

Environment Variables:
PATH=/usr/lib/lightdm/lightdm:/usr/local/sbin:/usr/local/bin:/usr/sbin:/usr/bin:/sbin:/bin:/usr/games
SHELL=/bin/bash
DISPLAY=:0.0

Signal Handlers:
SIGSEGV: [libjvm.so+0x8cdb80], sa_mask[0]=11111111011111111101111111111110, sa_flags=SA_RESTART|SA_SIGINFO
SIGBUS: [libjvm.so+0x8cdb80], sa_mask[0]=11111111011111111101111111111110, sa_flags=SA_RESTART|SA_SIGINFO
SIGFPE: [libjvm.so+0x74db00], sa_mask[0]=11111111011111111101111111111110, sa_flags=SA_RESTART|SA_SIGINFO
SIGPIPE: [libjvm.so+0x74db00], sa_mask[0]=11111111011111111101111111111110, sa_flags=SA_RESTART|SA_SIGINFO
SIGXFSZ: [libjvm.so+0x74db00], sa_mask[0]=11111111011111111101111111111110, sa_flags=SA_RESTART|SA_SIGINFO
SIGILL: [libjvm.so+0x74db00], sa_mask[0]=11111111011111111101111111111110, sa_flags=SA_RESTART|SA_SIGINFO
SIGUSR1: SIG_DFL, sa_mask[0]=00000000000000000000000000000000, sa_flags=none
SIGUSR2: [libjvm.so+0x74f180], sa_mask[0]=00000000000000000000000000000000, sa_flags=SA_RESTART|SA_SIGINFO
SIGHUP: SIG_DFL, sa_mask[0]=00000000000000000000000000000000, sa_flags=none
SIGINT: SIG_DFL, sa_mask[0]=00000000000000000000000000000000, sa_flags=none
SIGTERM: SIG_DFL, sa_mask[0]=00000000000000000000000000000000, sa_flags=none
SIGQUIT: SIG_DFL, sa_mask[0]=00000000000000000000000000000000, sa_flags=none


---------------  S Y S T E M  ---------------

OS:DISTRIB_ID=Ubuntu
DISTRIB_RELEASE=12.04
DISTRIB_CODENAME=precise
DISTRIB_DESCRIPTION="Ubuntu 12.04.2 LTS"

uname:Linux 3.2.0-48-generic-pae #74-Ubuntu SMP Thu Jun 6 20:05:01 UTC 2013 i686
libc:glibc 2.15 NPTL 2.15 
rlimit: STACK 8192k, CORE 0k, NPROC 28637, NOFILE 4096, AS infinity
load average:0.21 1.42 1.77

/proc/meminfo:
MemTotal:        3680248 kB
MemFree:          597048 kB
Buffers:           43264 kB
Cached:           121332 kB
SwapCached:            0 kB
Active:          2897084 kB
Inactive:          83172 kB
Active(anon):    2816672 kB
Inactive(anon):      636 kB
Active(file):      80412 kB
Inactive(file):    82536 kB
Unevictable:           0 kB
Mlocked:               0 kB
HighTotal:       2821832 kB
HighFree:         300416 kB
LowTotal:         858416 kB
LowFree:          296632 kB
SwapTotal:             0 kB
SwapFree:              0 kB
Dirty:               180 kB
Writeback:             0 kB
AnonPages:       2815944 kB
Mapped:            62280 kB
Shmem:              1424 kB
Slab:              37772 kB
SReclaimable:      20264 kB
SUnreclaim:        17508 kB
KernelStack:        5008 kB
PageTables:        13432 kB
NFS_Unstable:          0 kB
Bounce:                0 kB
WritebackTmp:          0 kB
CommitLimit:     1840124 kB
Committed_AS:    8700972 kB
VmallocTotal:     122880 kB
VmallocUsed:       83888 kB
VmallocChunk:      37236 kB
HardwareCorrupted:     0 kB
AnonHugePages:         0 kB
HugePages_Total:       0
HugePages_Free:        0
HugePages_Rsvd:        0
HugePages_Surp:        0
Hugepagesize:       2048 kB
DirectMap4k:        8184 kB
DirectMap2M:      905216 kB


CPU:total 4 (4 cores per cpu, 1 threads per core) family 6 model 15 stepping 11, cmov, cx8, fxsr, mmx, sse, sse2, sse3, ssse3, tsc

/proc/cpuinfo:
processor	: 0
vendor_id	: GenuineIntel
cpu family	: 6
model		: 15
model name	: Intel(R) Core(TM)2 Quad CPU    Q6600  @ 2.40GHz
stepping	: 11
microcode	: 0xb3
cpu MHz		: 1600.000
cache size	: 4096 KB
physical id	: 0
siblings	: 4
core id		: 0
cpu cores	: 4
apicid		: 0
initial apicid	: 0
fdiv_bug	: no
hlt_bug		: no
f00f_bug	: no
coma_bug	: no
fpu		: yes
fpu_exception	: yes
cpuid level	: 10
wp		: yes
flags		: fpu vme de pse tsc msr pae mce cx8 apic sep mtrr pge mca cmov pat pse36 clflush dts acpi mmx fxsr sse sse2 ss ht tm pbe nx lm constant_tsc arch_perfmon pebs bts aperfmperf pni dtes64 monitor ds_cpl vmx est tm2 ssse3 cx16 xtpr pdcm lahf_lm dtherm tpr_shadow vnmi flexpriority
bogomips	: 4788.37
clflush size	: 64
cache_alignment	: 64
address sizes	: 36 bits physical, 48 bits virtual
power management:

processor	: 1
vendor_id	: GenuineIntel
cpu family	: 6
model		: 15
model name	: Intel(R) Core(TM)2 Quad CPU    Q6600  @ 2.40GHz
stepping	: 11
microcode	: 0xb3
cpu MHz		: 1600.000
cache size	: 4096 KB
physical id	: 0
siblings	: 4
core id		: 1
cpu cores	: 4
apicid		: 1
initial apicid	: 1
fdiv_bug	: no
hlt_bug		: no
f00f_bug	: no
coma_bug	: no
fpu		: yes
fpu_exception	: yes
cpuid level	: 10
wp		: yes
flags		: fpu vme de pse tsc msr pae mce cx8 apic sep mtrr pge mca cmov pat pse36 clflush dts acpi mmx fxsr sse sse2 ss ht tm pbe nx lm constant_tsc arch_perfmon pebs bts aperfmperf pni dtes64 monitor ds_cpl vmx est tm2 ssse3 cx16 xtpr pdcm lahf_lm dtherm tpr_shadow vnmi flexpriority
bogomips	: 4788.85
clflush size	: 64
cache_alignment	: 64
address sizes	: 36 bits physical, 48 bits virtual
power management:

processor	: 2
vendor_id	: GenuineIntel
cpu family	: 6
model		: 15
model name	: Intel(R) Core(TM)2 Quad CPU    Q6600  @ 2.40GHz
stepping	: 11
microcode	: 0xb3
cpu MHz		: 2400.000
cache size	: 4096 KB
physical id	: 0
siblings	: 4
core id		: 2
cpu cores	: 4
apicid		: 2
initial apicid	: 2
fdiv_bug	: no
hlt_bug		: no
f00f_bug	: no
coma_bug	: no
fpu		: yes
fpu_exception	: yes
cpuid level	: 10
wp		: yes
flags		: fpu vme de pse tsc msr pae mce cx8 apic sep mtrr pge mca cmov pat pse36 clflush dts acpi mmx fxsr sse sse2 ss ht tm pbe nx lm constant_tsc arch_perfmon pebs bts aperfmperf pni dtes64 monitor ds_cpl vmx est tm2 ssse3 cx16 xtpr pdcm lahf_lm dtherm tpr_shadow vnmi flexpriority
bogomips	: 4788.89
clflush size	: 64
cache_alignment	: 64
address sizes	: 36 bits physical, 48 bits virtual
power management:

processor	: 3
vendor_id	: GenuineIntel
cpu family	: 6
model		: 15
model name	: Intel(R) Core(TM)2 Quad CPU    Q6600  @ 2.40GHz
stepping	: 11
microcode	: 0xb3
cpu MHz		: 1600.000
cache size	: 4096 KB
physical id	: 0
siblings	: 4
core id		: 3
cpu cores	: 4
apicid		: 3
initial apicid	: 3
fdiv_bug	: no
hlt_bug		: no
f00f_bug	: no
coma_bug	: no
fpu		: yes
fpu_exception	: yes
cpuid level	: 10
wp		: yes
flags		: fpu vme de pse tsc msr pae mce cx8 apic sep mtrr pge mca cmov pat pse36 clflush dts acpi mmx fxsr sse sse2 ss ht tm pbe nx lm constant_tsc arch_perfmon pebs bts aperfmperf pni dtes64 monitor ds_cpl vmx est tm2 ssse3 cx16 xtpr pdcm lahf_lm dtherm tpr_shadow vnmi flexpriority
bogomips	: 4788.89
clflush size	: 64
cache_alignment	: 64
address sizes	: 36 bits physical, 48 bits virtual
power management:



Memory: 4k page, physical 3680248k(597048k free), swap 0k(0k free)

vm_info: Java HotSpot(TM) Server VM (25.60-b23) for linux-x86 JRE (1.8.0_60-b27), built on Aug  4 2015 10:44:54 by "java_re" with gcc 4.3.0 20080428 (Red Hat 4.3.0-8)

time: Mon Oct 12 17:16:05 2015
elapsed time: 0 seconds (0d 0h 0m 0s)

