#
# There is insufficient memory for the Java Runtime Environment to continue.
# Native memory allocation (malloc) failed to allocate 1222328 bytes for Chunk::new
# Possible reasons:
#   The system is out of physical RAM or swap space
#   In 32 bit mode, the process size limit was hit
# Possible solutions:
#   Reduce memory load on the system
#   Increase physical memory or swap space
#   Check if swap backing store is full
#   Use 64 bit Java on a 64 bit OS
#   Decrease Java heap size (-Xmx/-Xms)
#   Decrease number of Java threads
#   Decrease Java thread stack sizes (-Xss)
#   Set larger code cache with -XX:ReservedCodeCacheSize=
# This output file may be truncated or incomplete.
#
#  Out of Memory Error (allocation.cpp:390), pid=6867, tid=1784675136
#
# JRE version: Java(TM) SE Runtime Environment (8.0_60-b27) (build 1.8.0_60-b27)
# Java VM: Java HotSpot(TM) Server VM (25.60-b23 mixed mode linux-x86 )
# Failed to write core dump. Core dumps have been disabled. To enable core dumping, try "ulimit -c unlimited" before starting Java again
#

---------------  T H R E A D  ---------------

Current thread (0x6aca4c00):  JavaThread "C2 CompilerThread1" daemon [_thread_in_native, id=6878, stack(0x6a57f000,0x6a600000)]

Stack: [0x6a57f000,0x6a600000],  sp=0x6a5fd380,  free space=504k
Native frames: (J=compiled Java code, j=interpreted, Vv=VM code, C=native code)
V  [libjvm.so+0x8cd06f]  VMError::report_and_die()+0x16f
V  [libjvm.so+0x38bea5]  report_vm_out_of_memory(char const*, int, unsigned int, VMErrorType, char const*)+0x55
V  [libjvm.so+0x1acd04]  Chunk::operator new(unsigned int, AllocFailStrategy::AllocFailEnum, unsigned int)+0xe4
V  [libjvm.so+0x1ad28c]  Arena::grow(unsigned int, AllocFailStrategy::AllocFailEnum)+0x2c
V  [libjvm.so+0x7cf804]  resource_allocate_bytes(unsigned int, AllocFailStrategy::AllocFailEnum)+0x64
V  [libjvm.so+0x402e2e]  PhaseIdealLoop::Dominators()+0x6e
V  [libjvm.so+0x67487e]  PhaseIdealLoop::build_and_optimize(bool, bool)+0x41e
V  [libjvm.so+0x33f8ed]  PhaseIdealLoop::PhaseIdealLoop(PhaseIterGVN&, bool, bool)+0x15d
V  [libjvm.so+0x33c0b3]  Compile::Optimize()+0x863
V  [libjvm.so+0x33d380]  Compile::Compile(ciEnv*, C2Compiler*, ciMethod*, int, bool, bool, bool)+0x1230
V  [libjvm.so+0x293704]  C2Compiler::compile_method(ciEnv*, ciMethod*, int)+0x1b4
V  [libjvm.so+0x347b51]  CompileBroker::invoke_compiler_on_method(CompileTask*)+0xda1
V  [libjvm.so+0x348967]  CompileBroker::compiler_thread_loop()+0x567
V  [libjvm.so+0x876578]  compiler_thread_entry(JavaThread*, Thread*)+0x18
V  [libjvm.so+0x880ae9]  JavaThread::thread_main_inner()+0x109
V  [libjvm.so+0x880c6b]  JavaThread::run()+0x14b
V  [libjvm.so+0x753469]  java_start(Thread*)+0x119
C  [libpthread.so.0+0x6d4c]  start_thread+0xcc
C  [libc.so.6+0xeedde]  clone+0x5e


Current CompileTask:
C2:  43745 5507   !   4       java.net.URLClassLoader$1::run (63 bytes)


---------------  P R O C E S S  ---------------

Java Threads: ( => current thread )
  0x64748400 JavaThread "Priority-akka.remote.default-remote-dispatcher-14" [_thread_blocked, id=7195, stack(0x648af000,0x64900000)]
  0x67e99000 JavaThread "New I/O server boss #6" [_thread_in_native, id=7190, stack(0x64a00000,0x64a51000)]
  0x695f8000 JavaThread "New I/O worker #5" [_thread_in_native, id=7189, stack(0x64a51000,0x64aa2000)]
  0x695d2000 JavaThread "New I/O worker #4" [_thread_in_native, id=7188, stack(0x64aa2000,0x64af3000)]
  0x695d0800 JavaThread "New I/O boss #3" [_thread_in_native, id=7187, stack(0x64af3000,0x64b44000)]
  0x67708800 JavaThread "New I/O worker #2" [_thread_in_native, id=7186, stack(0x64c44000,0x64c95000)]
  0x6da95400 JavaThread "New I/O worker #1" [_thread_in_native, id=7185, stack(0x64c95000,0x64ce6000)]
  0x6a8c3400 JavaThread "Priority-akka.remote.default-remote-dispatcher-6" [_thread_in_vm, id=7184, stack(0x64ce6000,0x64d37000)]
  0x6a8bd800 JavaThread "Priority-akka.actor.default-dispatcher-5" [_thread_blocked, id=7183, stack(0x64e37000,0x64e88000)]
  0x66d1d800 JavaThread "Priority-akka.actor.default-dispatcher-4" [_thread_blocked, id=7182, stack(0x64e88000,0x64ed9000)]
  0x08932800 JavaThread "Priority-akka.actor.default-dispatcher-3" [_thread_in_vm, id=7181, stack(0x64ed9000,0x64f2a000)]
  0x66d20400 JavaThread "Priority-akka.actor.default-dispatcher-2" [_thread_blocked, id=7180, stack(0x64f2a000,0x64f7b000)]
  0x67049c00 JavaThread "Priority-scheduler-1" [_thread_blocked, id=7178, stack(0x6507b000,0x650cc000)]
  0x6dd3c800 JavaThread "run-main-0" [_thread_blocked, id=7163, stack(0x6680d000,0x6685e000)]
  0x67793c00 JavaThread "pool-4-thread-6" [_thread_blocked, id=7157, stack(0x668af000,0x66900000)]
  0x6a85c800 JavaThread "pool-4-thread-5" [_thread_blocked, id=7155, stack(0x666af000,0x66700000)]
  0x671e6800 JavaThread "pool-4-thread-4" [_thread_blocked, id=7154, stack(0x65629000,0x6567a000)]
  0x6721f800 JavaThread "pool-4-thread-3" [_thread_blocked, id=7152, stack(0x65e2c000,0x65e7d000)]
  0x6721f000 JavaThread "pool-4-thread-2" [_thread_blocked, id=7150, stack(0x6685e000,0x668af000)]
  0x6721e800 JavaThread "pool-4-thread-1" [_thread_blocked, id=7149, stack(0x6655e000,0x665af000)]
  0x69cf1c00 JavaThread "process reaper" daemon [_thread_blocked, id=6887, stack(0x698b2000,0x698cb000)]
  0x6aca9800 JavaThread "Service Thread" daemon [_thread_blocked, id=6880, stack(0x6d92e000,0x6d97f000)]
  0x6aca6400 JavaThread "C1 CompilerThread2" daemon [_thread_blocked, id=6879, stack(0x6a4fe000,0x6a57f000)]
=>0x6aca4c00 JavaThread "C2 CompilerThread1" daemon [_thread_in_native, id=6878, stack(0x6a57f000,0x6a600000)]
  0x6aca3000 JavaThread "C2 CompilerThread0" daemon [_thread_in_native, id=6877, stack(0x6a97f000,0x6aa00000)]
  0x6aca1800 JavaThread "Signal Dispatcher" daemon [_thread_blocked, id=6876, stack(0x6dc2e000,0x6dc7f000)]
  0x6ac85800 JavaThread "Finalizer" daemon [_thread_blocked, id=6875, stack(0xae22e000,0xae27f000)]
  0x6ac84000 JavaThread "Reference Handler" daemon [_thread_blocked, id=6874, stack(0x6ab2e000,0x6ab7f000)]
  0xb6507400 JavaThread "main" [_thread_blocked, id=6868, stack(0xb66e0000,0xb6731000)]

Other Threads:
  0x6ac81000 VMThread [stack: 0x6ab7f000,0x6ac00000] [id=6873]
  0x6acac800 WatcherThread [stack: 0x6a47d000,0x6a4fe000] [id=6881]

VM state:not at safepoint (normal execution)

VM Mutex/Monitor currently owned by a thread: None

Heap:
 PSYoungGen      total 305920K, used 252114K [0x98cc0000, 0xae200000, 0xae200000)
  eden space 262400K, 96% used [0x98cc0000,0xa82f48e0,0xa8d00000)
  from space 43520K, 0% used [0xa8d00000,0xa8d00000,0xab780000)
  to   space 43520K, 0% used [0xab780000,0xab780000,0xae200000)
 ParOldGen       total 699136K, used 8732K [0x6e200000, 0x98cc0000, 0x98cc0000)
  object space 699136K, 1% used [0x6e200000,0x6ea872d0,0x98cc0000)
 Metaspace       used 35626K, capacity 35949K, committed 35968K, reserved 36144K

Card table byte_map: [0x6dfff000,0x6e200000] byte_map_base: 0x6dc8e000

Marking Bits: (ParMarkBitMap*) 0xb715b380
 Begin Bits: [0x6b800000, 0x6c800000)
 End Bits:   [0x6c800000, 0x6d800000)

Polling page: 0xb7754000

CodeCache: size=131072Kb used=8885Kb max_used=9284Kb free=122186Kb
 bounds [0xae500000, 0xaee20000, 0xb6500000]
 total_blobs=4916 nmethods=4696 adapters=131
 compilation: enabled

Compilation events (10 events):
Event: 43,243 Thread 0x6aca6400 5593       3       akka.actor.LightArrayRevolverScheduler$$anon$4::executeBucket$1 (102 bytes)
Event: 43,245 Thread 0x6aca6400 nmethod 5593 0xae775dc8 code [0xae775fa0, 0xae7769b8]
Event: 43,245 Thread 0x6aca6400 5594       3       akka.actor.LightArrayRevolverScheduler$$anon$4::tick_$eq (6 bytes)
Event: 43,246 Thread 0x6aca6400 nmethod 5594 0xae775b48 code [0xae775c60, 0xae775d40]
Event: 43,455 Thread 0x6aca6400 5595       3       akka.actor.LightArrayRevolverScheduler$$anon$4::checkQueue (174 bytes)
Event: 43,457 Thread 0x6aca6400 nmethod 5595 0xae9ea2c8 code [0xae9ea4c0, 0xae9eb1f8]
Event: 43,458 Thread 0x6aca6400 5596   !   3       akka.actor.LightArrayRevolverScheduler::waitNanos (50 bytes)
Event: 43,458 Thread 0x6aca6400 nmethod 5596 0xae5a8bc8 code [0xae5a8d20, 0xae5a9058]
Event: 43,487 Thread 0x6aca6400 5597       3       scala.collection.IndexedSeqOptimized$class::$init$ (1 bytes)
Event: 43,488 Thread 0x6aca6400 nmethod 5597 0xae5fdc08 code [0xae5fdd00, 0xae5fddc0]

GC Heap History (10 events):
Event: 9,275 GC heap before
{Heap before GC invocations=2 (full 1):
 PSYoungGen      total 305920K, used 19913K [0x98cc0000, 0xae200000, 0xae200000)
  eden space 262400K, 0% used [0x98cc0000,0x98cc0000,0xa8d00000)
  from space 43520K, 45% used [0xa8d00000,0xaa072540,0xab780000)
  to   space 43520K, 0% used [0xab780000,0xab780000,0xae200000)
 ParOldGen       total 699136K, used 12K [0x6e200000, 0x98cc0000, 0x98cc0000)
  object space 699136K, 0% used [0x6e200000,0x6e203000,0x98cc0000)
 Metaspace       used 16117K, capacity 16344K, committed 16384K, reserved 16688K
Event: 9,510 GC heap after
Heap after GC invocations=2 (full 1):
 PSYoungGen      total 305920K, used 0K [0x98cc0000, 0xae200000, 0xae200000)
  eden space 262400K, 0% used [0x98cc0000,0x98cc0000,0xa8d00000)
  from space 43520K, 0% used [0xa8d00000,0xa8d00000,0xab780000)
  to   space 43520K, 0% used [0xab780000,0xab780000,0xae200000)
 ParOldGen       total 699136K, used 19061K [0x6e200000, 0x98cc0000, 0x98cc0000)
  object space 699136K, 2% used [0x6e200000,0x6f49d688,0x98cc0000)
 Metaspace       used 16117K, capacity 16344K, committed 16384K, reserved 16688K
}
Event: 19,036 GC heap before
{Heap before GC invocations=3 (full 1):
 PSYoungGen      total 305920K, used 166472K [0x98cc0000, 0xae200000, 0xae200000)
  eden space 262400K, 63% used [0x98cc0000,0xa2f52318,0xa8d00000)
  from space 43520K, 0% used [0xa8d00000,0xa8d00000,0xab780000)
  to   space 43520K, 0% used [0xab780000,0xab780000,0xae200000)
 ParOldGen       total 699136K, used 19061K [0x6e200000, 0x98cc0000, 0x98cc0000)
  object space 699136K, 2% used [0x6e200000,0x6f49d688,0x98cc0000)
 Metaspace       used 26390K, capacity 26618K, committed 26752K, reserved 26928K
Event: 19,209 GC heap after
Heap after GC invocations=3 (full 1):
 PSYoungGen      total 305920K, used 17466K [0x98cc0000, 0xae200000, 0xae200000)
  eden space 262400K, 0% used [0x98cc0000,0x98cc0000,0xa8d00000)
  from space 43520K, 40% used [0xab780000,0xac88eab8,0xae200000)
  to   space 43520K, 0% used [0xa8d00000,0xa8d00000,0xab780000)
 ParOldGen       total 699136K, used 19061K [0x6e200000, 0x98cc0000, 0x98cc0000)
  object space 699136K, 2% used [0x6e200000,0x6f49d688,0x98cc0000)
 Metaspace       used 26390K, capacity 26618K, committed 26752K, reserved 26928K
}
Event: 19,210 GC heap before
{Heap before GC invocations=4 (full 2):
 PSYoungGen      total 305920K, used 17466K [0x98cc0000, 0xae200000, 0xae200000)
  eden space 262400K, 0% used [0x98cc0000,0x98cc0000,0xa8d00000)
  from space 43520K, 40% used [0xab780000,0xac88eab8,0xae200000)
  to   space 43520K, 0% used [0xa8d00000,0xa8d00000,0xab780000)
 ParOldGen       total 699136K, used 19061K [0x6e200000, 0x98cc0000, 0x98cc0000)
  object space 699136K, 2% used [0x6e200000,0x6f49d688,0x98cc0000)
 Metaspace       used 26390K, capacity 26618K, committed 26752K, reserved 26928K
Event: 19,571 GC heap after
Heap after GC invocations=4 (full 2):
 PSYoungGen      total 305920K, used 0K [0x98cc0000, 0xae200000, 0xae200000)
  eden space 262400K, 0% used [0x98cc0000,0x98cc0000,0xa8d00000)
  from space 43520K, 0% used [0xab780000,0xab780000,0xae200000)
  to   space 43520K, 0% used [0xa8d00000,0xa8d00000,0xab780000)
 ParOldGen       total 699136K, used 20319K [0x6e200000, 0x98cc0000, 0x98cc0000)
  object space 699136K, 2% used [0x6e200000,0x6f5d7e20,0x98cc0000)
 Metaspace       used 26389K, capacity 26616K, committed 26752K, reserved 26928K
}
Event: 19,608 GC heap before
{Heap before GC invocations=5 (full 2):
 PSYoungGen      total 305920K, used 4361K [0x98cc0000, 0xae200000, 0xae200000)
  eden space 262400K, 1% used [0x98cc0000,0x99102430,0xa8d00000)
  from space 43520K, 0% used [0xab780000,0xab780000,0xae200000)
  to   space 43520K, 0% used [0xa8d00000,0xa8d00000,0xab780000)
 ParOldGen       total 699136K, used 20319K [0x6e200000, 0x98cc0000, 0x98cc0000)
  object space 699136K, 2% used [0x6e200000,0x6f5d7e20,0x98cc0000)
 Metaspace       used 26392K, capacity 26616K, committed 26752K, reserved 26928K
Event: 19,613 GC heap after
Heap after GC invocations=5 (full 2):
 PSYoungGen      total 305920K, used 16K [0x98cc0000, 0xae200000, 0xae200000)
  eden space 262400K, 0% used [0x98cc0000,0x98cc0000,0xa8d00000)
  from space 43520K, 0% used [0xa8d00000,0xa8d04000,0xab780000)
  to   space 43520K, 0% used [0xab780000,0xab780000,0xae200000)
 ParOldGen       total 699136K, used 20319K [0x6e200000, 0x98cc0000, 0x98cc0000)
  object space 699136K, 2% used [0x6e200000,0x6f5d7e20,0x98cc0000)
 Metaspace       used 26392K, capacity 26616K, committed 26752K, reserved 26928K
}
Event: 19,613 GC heap before
{Heap before GC invocations=6 (full 3):
 PSYoungGen      total 305920K, used 16K [0x98cc0000, 0xae200000, 0xae200000)
  eden space 262400K, 0% used [0x98cc0000,0x98cc0000,0xa8d00000)
  from space 43520K, 0% used [0xa8d00000,0xa8d04000,0xab780000)
  to   space 43520K, 0% used [0xab780000,0xab780000,0xae200000)
 ParOldGen       total 699136K, used 20319K [0x6e200000, 0x98cc0000, 0x98cc0000)
  object space 699136K, 2% used [0x6e200000,0x6f5d7e20,0x98cc0000)
 Metaspace       used 26392K, capacity 26616K, committed 26752K, reserved 26928K
Event: 19,847 GC heap after
Heap after GC invocations=6 (full 3):
 PSYoungGen      total 305920K, used 0K [0x98cc0000, 0xae200000, 0xae200000)
  eden space 262400K, 0% used [0x98cc0000,0x98cc0000,0xa8d00000)
  from space 43520K, 0% used [0xa8d00000,0xa8d00000,0xab780000)
  to   space 43520K, 0% used [0xab780000,0xab780000,0xae200000)
 ParOldGen       total 699136K, used 8732K [0x6e200000, 0x98cc0000, 0x98cc0000)
  object space 699136K, 1% used [0x6e200000,0x6ea872d0,0x98cc0000)
 Metaspace       used 26392K, capacity 26616K, committed 26752K, reserved 26928K
}

Deoptimization events (10 events):
Event: 40,929 Thread 0x6dd3c800 Uncommon trap: reason=class_check action=maybe_recompile pc=0xaedbfed8 method=com.typesafe.config.impl.Tokenizer$TokenIterator.nextCharRaw()I @ 14
Event: 40,929 Thread 0x6dd3c800 Uncommon trap: reason=class_check action=maybe_recompile pc=0xaedbfed8 method=com.typesafe.config.impl.Tokenizer$TokenIterator.nextCharRaw()I @ 14
Event: 41,385 Thread 0x6dd3c800 Uncommon trap: reason=range_check action=make_not_entrant pc=0xaee0f784 method=sun.reflect.generics.parser.SignatureParser.current()C @ 34
Event: 41,565 Thread 0x6dd3c800 Uncommon trap: reason=class_check action=maybe_recompile pc=0xae952378 method=java.lang.Throwable.<init>(Ljava/lang/String;Ljava/lang/Throwable;)V @ 24
Event: 41,741 Thread 0x6dd3c800 Uncommon trap: reason=class_check action=maybe_recompile pc=0xaeac9e74 method=java.net.URLClassLoader.defineClass(Ljava/lang/String;Lsun/misc/Resource;)Ljava/lang/Class; @ 34
Event: 41,799 Thread 0x6dd3c800 Uncommon trap: reason=class_check action=maybe_recompile pc=0xae644ac4 method=java.lang.String.equals(Ljava/lang/Object;)Z @ 8
Event: 41,799 Thread 0x6dd3c800 Uncommon trap: reason=class_check action=maybe_recompile pc=0xae644ac4 method=java.lang.String.equals(Ljava/lang/Object;)Z @ 8
Event: 41,799 Thread 0x6dd3c800 Uncommon trap: reason=class_check action=maybe_recompile pc=0xae644ac4 method=java.lang.String.equals(Ljava/lang/Object;)Z @ 8
Event: 41,799 Thread 0x6dd3c800 Uncommon trap: reason=class_check action=maybe_recompile pc=0xae644ac4 method=java.lang.String.equals(Ljava/lang/Object;)Z @ 8
Event: 41,965 Thread 0x6a8c3400 Uncommon trap: reason=class_check action=maybe_recompile pc=0xae952378 method=java.lang.Throwable.<init>(Ljava/lang/String;Ljava/lang/Throwable;)V @ 24

Internal exceptions (10 events):
Event: 37,061 Thread 0x67793c00 Exception <a 'java/lang/NoSuchMethodError': <clinit>> (0x9f41e4b0) thrown at [/HUDSON3/workspace/8-2-build-linux-i586/jdk8u60/4407/hotspot/src/share/vm/prims/jni.cpp, line 1591]
Event: 37,080 Thread 0x67793c00 Exception <a 'java/lang/NoSuchMethodError': <clinit>> (0x9f4324c8) thrown at [/HUDSON3/workspace/8-2-build-linux-i586/jdk8u60/4407/hotspot/src/share/vm/prims/jni.cpp, line 1591]
Event: 37,099 Thread 0x67793c00 Exception <a 'java/lang/NoSuchMethodError': <clinit>> (0x9f448e00) thrown at [/HUDSON3/workspace/8-2-build-linux-i586/jdk8u60/4407/hotspot/src/share/vm/prims/jni.cpp, line 1591]
Event: 37,105 Thread 0x67793c00 Exception <a 'java/lang/NoSuchMethodError': <clinit>> (0x9f454dc0) thrown at [/HUDSON3/workspace/8-2-build-linux-i586/jdk8u60/4407/hotspot/src/share/vm/prims/jni.cpp, line 1591]
Event: 37,113 Thread 0x67793c00 Exception <a 'java/lang/NoSuchMethodError': <clinit>> (0x9f45e990) thrown at [/HUDSON3/workspace/8-2-build-linux-i586/jdk8u60/4407/hotspot/src/share/vm/prims/jni.cpp, line 1591]
Event: 37,130 Thread 0x67793c00 Exception <a 'java/lang/NoSuchMethodError': <clinit>> (0x9f4692c8) thrown at [/HUDSON3/workspace/8-2-build-linux-i586/jdk8u60/4407/hotspot/src/share/vm/prims/jni.cpp, line 1591]
Event: 39,785 Thread 0x6dd3c800 Implicit null exception at 0xae68b57f to 0xae68b8b5
Event: 39,785 Thread 0x6dd3c800 Implicit null exception at 0xae65803f to 0xae65837d
Event: 41,384 Thread 0x6dd3c800 Exception <a 'java/lang/ArrayIndexOutOfBoundsException'> (0xa4ceb940) thrown at [/HUDSON3/workspace/8-2-build-linux-i586/jdk8u60/4407/hotspot/src/share/vm/runtime/sharedRuntime.cpp, line 605]
Event: 41,386 Thread 0x6dd3c800 Exception <a 'java/lang/ArrayIndexOutOfBoundsException': 40> (0xa4cec750) thrown at [/HUDSON3/workspace/8-2-build-linux-i586/jdk8u60/4407/hotspot/src/share/vm/interpreter/interpreterRuntime.cpp, line 366]

Events (10 events):
Event: 43,488 Thread 0x6aca6400 flushing nmethod 0xae763d08
Event: 43,488 Thread 0x6aca6400 flushing nmethod 0xae7a07c8
Event: 43,488 Thread 0x6aca6400 flushing nmethod 0xae7a0ac8
Event: 43,488 Thread 0x6aca6400 flushing nmethod 0xae7a2688
Event: 43,489 loading class akka/remote/transport/ActorTransportAdapter$
Event: 43,489 loading class akka/remote/transport/ActorTransportAdapter$ done
Event: 43,490 loading class akka/actor/ActorRef$
Event: 43,490 loading class akka/actor/ActorRef$ done
Event: 43,491 loading class akka/actor/SelectParent$
Event: 43,491 loading class akka/actor/SelectParent$ done


Dynamic libraries:
08048000-08049000 r-xp 00000000 08:12 6948843    /usr/lib/jvm/java-8-oracle/jre/bin/java
08049000-0804a000 rw-p 00000000 08:12 6948843    /usr/lib/jvm/java-8-oracle/jre/bin/java
08830000-089db000 rw-p 00000000 00:00 0          [heap]
64700000-6476a000 rw-p 00000000 00:00 0 
6476a000-64800000 ---p 00000000 00:00 0 
648af000-648b2000 ---p 00000000 00:00 0 
648b2000-64900000 rw-p 00000000 00:00 0 
64900000-64a00000 rw-p 00000000 00:00 0 
64a00000-64a03000 ---p 00000000 00:00 0 
64a03000-64a51000 rw-p 00000000 00:00 0 
64a51000-64a54000 ---p 00000000 00:00 0 
64a54000-64aa2000 rw-p 00000000 00:00 0 
64aa2000-64aa5000 ---p 00000000 00:00 0 
64aa5000-64af3000 rw-p 00000000 00:00 0 
64af3000-64af6000 ---p 00000000 00:00 0 
64af6000-64c24000 rw-p 00000000 00:00 0 
64c44000-64c47000 ---p 00000000 00:00 0 
64c47000-64c95000 rw-p 00000000 00:00 0 
64c95000-64c98000 ---p 00000000 00:00 0 
64c98000-64ce6000 rw-p 00000000 00:00 0 
64ce6000-64ce9000 ---p 00000000 00:00 0 
64ce9000-64e37000 rw-p 00000000 00:00 0 
64e37000-64e3a000 ---p 00000000 00:00 0 
64e3a000-64e88000 rw-p 00000000 00:00 0 
64e88000-64e8b000 ---p 00000000 00:00 0 
64e8b000-64ed9000 rw-p 00000000 00:00 0 
64ed9000-64edc000 ---p 00000000 00:00 0 
64edc000-64f2a000 rw-p 00000000 00:00 0 
64f2a000-64f2d000 ---p 00000000 00:00 0 
64f2d000-6507b000 rw-p 00000000 00:00 0 
6507b000-6507e000 ---p 00000000 00:00 0 
6507e000-651cc000 rw-p 00000000 00:00 0 
651cc000-652cc000 rw-p 00000000 00:00 0 
652cc000-653cc000 rw-p 00000000 00:00 0 
653cc000-654cc000 rw-p 00000000 00:00 0 
654cc000-655cc000 rw-p 00000000 00:00 0 
655eb000-65604000 r--s 00167000 08:12 3408569    /home/marco/.ivy2/cache/com.assembla.scala-incubator/graph-core_2.11/jars/graph-core_2.11-1.9.4.jar
65604000-65629000 r--s 00247000 08:12 3805000    /home/marco/.ivy2/cache/org.scalafx/scalafx_2.11/jars/scalafx_2.11-8.0.40-R8.jar
65629000-6562c000 ---p 00000000 00:00 0 
6562c000-6567a000 rw-p 00000000 00:00 0 
6567c000-65694000 r--s 00115000 08:12 3542049    /home/marco/Scaricati/activator-dist-1.3.5/repository/io.netty/netty/3.8.0.Final/bundles/netty.jar
65694000-65698000 r--s 00031000 08:12 3672645    /home/marco/.ivy2/cache/jline/jline/jars/jline-2.12.1.jar
65698000-656a3000 r--s 0005d000 08:12 3935839    /home/marco/.ivy2/cache/org.scala-lang.modules/scala-parser-combinators_2.11/bundles/scala-parser-combinators_2.11-1.0.4.jar
656a3000-656ae000 r--s 00094000 08:12 4067853    /home/marco/.ivy2/cache/org.scala-lang.modules/scala-xml_2.11/bundles/scala-xml_2.11-1.0.4.jar
656ae000-656fa000 r--s 00412000 08:12 3672793    /home/marco/.ivy2/cache/org.scala-lang/scala-reflect/jars/scala-reflect-2.11.7.jar
656fa000-65800000 r--s 00d84000 08:12 3672792    /home/marco/.ivy2/cache/org.scala-lang/scala-compiler/jars/scala-compiler-2.11.7.jar
65800000-65900000 rw-p 00000000 00:00 0 
65900000-65a00000 rw-p 00000000 00:00 0 
65a00000-65a81000 rw-p 00000000 00:00 0 
65a81000-65b00000 ---p 00000000 00:00 0 
65b00000-65c00000 rw-p 00000000 00:00 0 
65c00000-65d00000 rw-p 00000000 00:00 0 
65d00000-65dba000 rw-p 00000000 00:00 0 
65dba000-65e00000 ---p 00000000 00:00 0 
65e01000-65e2c000 r--s 002ca000 08:12 4063349    /home/marco/.ivy2/cache/com.typesafe.akka/akka-actor_2.11/jars/akka-actor_2.11-2.4-SNAPSHOT.jar
65e2c000-65e2f000 ---p 00000000 00:00 0 
65e2f000-65e7d000 rw-p 00000000 00:00 0 
65e87000-65e9c000 r--s 0012f000 08:12 4063347    /home/marco/.ivy2/cache/com.typesafe.akka/akka-remote_2.11/jars/akka-remote_2.11-2.3.5.jar
65e9c000-65f00000 r--s 003e8000 08:12 3410922    /home/marco/Scaricati/activator-dist-1.3.5/repository/org.scalaz/scalaz-core_2.10/6.0.4/jars/scalaz-core_2.10.jar
65f00000-65ff8000 rw-p 00000000 00:00 0 
65ff8000-66000000 ---p 00000000 00:00 0 
66000000-66100000 rw-p 00000000 00:00 0 
66100000-661fc000 rw-p 00000000 00:00 0 
661fc000-66200000 ---p 00000000 00:00 0 
66200000-662fd000 rw-p 00000000 00:00 0 
662fd000-66300000 ---p 00000000 00:00 0 
66300000-66400000 rw-p 00000000 00:00 0 
66400000-664fa000 rw-p 00000000 00:00 0 
664fa000-66500000 ---p 00000000 00:00 0 
66506000-6655e000 r--s 00523000 08:12 3672791    /home/marco/.ivy2/cache/org.scala-lang/scala-library/jars/scala-library-2.11.7.jar
6655e000-66561000 ---p 00000000 00:00 0 
66561000-666af000 rw-p 00000000 00:00 0 
666af000-666b2000 ---p 00000000 00:00 0 
666b2000-66700000 rw-p 00000000 00:00 0 
66700000-66800000 rw-p 00000000 00:00 0 
66805000-6680d000 r--s 0007b000 08:12 4066788    /home/marco/.ivy2/cache/com.google.protobuf/protobuf-java/bundles/protobuf-java-2.5.0.jar
6680d000-66810000 ---p 00000000 00:00 0 
66810000-6685e000 rw-p 00000000 00:00 0 
6685e000-66861000 ---p 00000000 00:00 0 
66861000-668af000 rw-p 00000000 00:00 0 
668af000-668b2000 ---p 00000000 00:00 0 
668b2000-66900000 rw-p 00000000 00:00 0 
66900000-66b00000 rw-p 00000000 00:00 0 
66b00000-66c00000 rw-p 00000000 00:00 0 
66c00000-66cf9000 rw-p 00000000 00:00 0 
66cf9000-66d00000 ---p 00000000 00:00 0 
66d00000-66dc1000 rw-p 00000000 00:00 0 
66dc1000-66e00000 ---p 00000000 00:00 0 
66e00000-66f00000 rw-p 00000000 00:00 0 
66f00000-67000000 rw-p 00000000 00:00 0 
67000000-670f9000 rw-p 00000000 00:00 0 
670f9000-67100000 ---p 00000000 00:00 0 
67100000-671fa000 rw-p 00000000 00:00 0 
671fa000-67200000 ---p 00000000 00:00 0 
67200000-672fb000 rw-p 00000000 00:00 0 
672fb000-67300000 ---p 00000000 00:00 0 
67300000-673e2000 rw-p 00000000 00:00 0 
673e2000-67400000 ---p 00000000 00:00 0 
67400000-674dc000 rw-p 00000000 00:00 0 
674dc000-67500000 ---p 00000000 00:00 0 
67500000-675fb000 rw-p 00000000 00:00 0 
675fb000-67600000 ---p 00000000 00:00 0 
67600000-676fd000 rw-p 00000000 00:00 0 
676fd000-67700000 ---p 00000000 00:00 0 
67700000-677fc000 rw-p 00000000 00:00 0 
677fc000-67800000 ---p 00000000 00:00 0 
67800000-67900000 rw-p 00000000 00:00 0 
67900000-679fc000 rw-p 00000000 00:00 0 
679fc000-67a00000 ---p 00000000 00:00 0 
67a00000-67afc000 rw-p 00000000 00:00 0 
67afc000-67b00000 ---p 00000000 00:00 0 
67b00000-67bfb000 rw-p 00000000 00:00 0 
67bfb000-67c00000 ---p 00000000 00:00 0 
67c00000-67d00000 rw-p 00000000 00:00 0 
67d00000-67e00000 rw-p 00000000 00:00 0 
67e00000-67f00000 rw-p 00000000 00:00 0 
67f00000-67ff4000 rw-p 00000000 00:00 0 
67ff4000-68000000 ---p 00000000 00:00 0 
68000000-68100000 rw-p 00000000 00:00 0 
68100000-681fd000 rw-p 00000000 00:00 0 
681fd000-68200000 ---p 00000000 00:00 0 
68200000-68300000 rw-p 00000000 00:00 0 
68300000-683fd000 rw-p 00000000 00:00 0 
683fd000-68400000 ---p 00000000 00:00 0 
68400000-684ef000 rw-p 00000000 00:00 0 
684ef000-68500000 ---p 00000000 00:00 0 
68500000-685e8000 rw-p 00000000 00:00 0 
685e8000-68600000 ---p 00000000 00:00 0 
68600000-686e8000 rw-p 00000000 00:00 0 
686e8000-68700000 ---p 00000000 00:00 0 
68700000-687ec000 rw-p 00000000 00:00 0 
687ec000-68800000 ---p 00000000 00:00 0 
68800000-688fc000 rw-p 00000000 00:00 0 
688fc000-68900000 ---p 00000000 00:00 0 
68900000-68a00000 rw-p 00000000 00:00 0 
68a00000-68b00000 rw-p 00000000 00:00 0 
68b00000-68c00000 rw-p 00000000 00:00 0 
68c00000-68d00000 rw-p 00000000 00:00 0 
68d00000-68dff000 rw-p 00000000 00:00 0 
68dff000-68e00000 ---p 00000000 00:00 0 
68e00000-68f00000 rw-p 00000000 00:00 0 
68f00000-69000000 rw-p 00000000 00:00 0 
69000000-690ff000 rw-p 00000000 00:00 0 
690ff000-69100000 ---p 00000000 00:00 0 
69100000-691ff000 rw-p 00000000 00:00 0 
691ff000-69200000 ---p 00000000 00:00 0 
69200000-69300000 rw-p 00000000 00:00 0 
69300000-693ff000 rw-p 00000000 00:00 0 
693ff000-69400000 ---p 00000000 00:00 0 
69400000-69500000 rw-p 00000000 00:00 0 
69500000-695fa000 rw-p 00000000 00:00 0 
695fa000-69600000 ---p 00000000 00:00 0 
69600000-69700000 rw-p 00000000 00:00 0 
69700000-697ff000 rw-p 00000000 00:00 0 
697ff000-69800000 ---p 00000000 00:00 0 
69800000-69810000 r--s 000f0000 08:12 4063344    /home/marco/.ivy2/cache/com.typesafe.akka/akka-cluster_2.11/jars/akka-cluster_2.11-2.3.5.jar
69810000-6981a000 r--s 00095000 08:12 3540717    /home/marco/Scaricati/activator-dist-1.3.5/repository/org.scala-lang.modules/scala-xml_2.11/1.0.2/bundles/scala-xml_2.11.jar
6981a000-6981f000 r--s 0003f000 08:12 3542348    /home/marco/Scaricati/activator-dist-1.3.5/repository/com.typesafe/config/1.3.0/bundles/config.jar
6981f000-69826000 r--s 0003c000 08:12 4067492    /home/marco/.ivy2/cache/scala_2.10/sbt_0.13/com.typesafe.sbteclipse/sbteclipse-core/jars/sbteclipse-core-2.2.0.jar
69826000-69839000 r--s 00344000 08:12 6825257    /usr/lib/jvm/java-8-oracle/jre/lib/resources.jar
69839000-698b2000 r--s 010e2000 08:12 6819668    /usr/lib/jvm/java-8-oracle/lib/tools.jar
698b2000-698b5000 ---p 00000000 00:00 0 
698b5000-699cb000 rw-p 00000000 00:00 0 
699cb000-699d5000 r--s 00116000 08:12 6948817    /usr/lib/jvm/java-8-oracle/jre/lib/ext/localedata.jar
699d5000-69ad5000 rw-p 00000000 00:00 0 
69ad5000-69adc000 r--s 00000000 08:12 4207080    /usr/lib/i386-linux-gnu/gconv/gconv-modules.cache
69adc000-69b00000 r--p 00000000 08:12 4599130    /usr/share/locale-langpack/it/LC_MESSAGES/libc.mo
69b00000-69c00000 rw-p 00000000 00:00 0 
69c00000-69d00000 rw-p 00000000 00:00 0 
69d00000-69e00000 rw-p 00000000 00:00 0 
69e00000-69f00000 rw-p 00000000 00:00 0 
69f00000-6a000000 rw-p 00000000 00:00 0 
6a000000-6a100000 rw-p 00000000 00:00 0 
6a100000-6a200000 rw-p 00000000 00:00 0 
6a202000-6a300000 r--s 00cd0000 08:12 3412254    /home/marco/.sbt/boot/scala-2.10.5/lib/scala-compiler.jar
6a300000-6a400000 rw-p 00000000 00:00 0 
6a401000-6a403000 r--s 0000a000 08:12 3408381    /home/marco/Scaricati/activator-dist-1.3.5/repository/org.uncommons.maths/uncommons-maths/1.2.2a/jars/uncommons-maths.jar
6a403000-6a405000 r--s 00001000 08:12 4067490    /home/marco/.ivy2/cache/scala_2.10/sbt_0.13/com.typesafe.sbteclipse/sbteclipse-plugin/jars/sbteclipse-plugin-2.2.0.jar
6a405000-6a409000 r--s 00095000 08:12 6825080    /usr/lib/jvm/java-8-oracle/jre/lib/jsse.jar
6a409000-6a40b000 r--s 0000b000 08:12 3412224    /home/marco/.sbt/boot/scala-2.10.5/org.scala-sbt/sbt/0.13.9/xsbti/interface-0.13.9.jar
6a40b000-6a47d000 r--s 0065b000 08:12 3412251    /home/marco/.sbt/boot/scala-2.10.5/lib/scala-library.jar
6a47d000-6a47e000 ---p 00000000 00:00 0 
6a47e000-6a4fe000 rw-p 00000000 00:00 0 
6a4fe000-6a501000 ---p 00000000 00:00 0 
6a501000-6a57f000 rw-p 00000000 00:00 0 
6a57f000-6a582000 ---p 00000000 00:00 0 
6a582000-6a600000 rw-p 00000000 00:00 0 
6a600000-6a800000 r--p 00000000 08:12 4201162    /usr/lib/locale/locale-archive
6a800000-6a8da000 rw-p 00000000 00:00 0 
6a8da000-6a900000 ---p 00000000 00:00 0 
6a901000-6a908000 r--s 0004b000 08:12 3412234    /home/marco/.sbt/boot/scala-2.10.5/org.scala-sbt/sbt/0.13.9/serialization_2.10-0.1.1.jar
6a908000-6a911000 r--s 0006e000 08:12 3412216    /home/marco/.sbt/boot/scala-2.10.5/org.scala-sbt/sbt/0.13.9/actions-0.13.9.jar
6a911000-6a913000 r--s 00001000 08:12 3412204    /home/marco/.sbt/boot/scala-2.10.5/org.scala-sbt/sbt/0.13.9/compiler-ivy-integration-0.13.9.jar
6a913000-6a915000 r--s 0000b000 08:12 3412195    /home/marco/.sbt/boot/scala-2.10.5/org.scala-sbt/sbt/0.13.9/tracking-0.13.9.jar
6a915000-6a94a000 r--s 002da000 08:12 3412236    /home/marco/.sbt/boot/scala-2.10.5/org.scala-sbt/sbt/0.13.9/scala-reflect-2.10.5.jar
6a94a000-6a97f000 r--s 002da000 08:12 3412255    /home/marco/.sbt/boot/scala-2.10.5/lib/scala-reflect.jar
6a97f000-6a982000 ---p 00000000 00:00 0 
6a982000-6aa00000 rw-p 00000000 00:00 0 
6aa00000-6ab00000 rw-p 00000000 00:00 0 
6ab00000-6ab02000 r--s 00012000 08:12 3412208    /home/marco/.sbt/boot/scala-2.10.5/org.scala-sbt/sbt/0.13.9/jawn-parser_2.10-0.6.0.jar
6ab02000-6ab05000 r--s 0001e000 08:12 3412243    /home/marco/.sbt/boot/scala-2.10.5/org.scala-sbt/sbt/0.13.9/run-0.13.9.jar
6ab05000-6ab1a000 r--s 00101000 08:12 3412225    /home/marco/.sbt/boot/scala-2.10.5/org.scala-sbt/sbt/0.13.9/ivy-2.3.0-sbt-c5d1b95fdcc1e1007740ffbecf4eb07abc51ec93.jar
6ab1a000-6ab1c000 r--s 00017000 08:12 3412196    /home/marco/.sbt/boot/scala-2.10.5/org.scala-sbt/sbt/0.13.9/testing-0.13.9.jar
6ab1c000-6ab1f000 r--s 0001a000 08:12 3412187    /home/marco/.sbt/boot/scala-2.10.5/org.scala-sbt/sbt/0.13.9/cache-0.13.9.jar
6ab1f000-6ab2e000 r--s 000bb000 08:12 3412227    /home/marco/.sbt/boot/scala-2.10.5/org.scala-sbt/sbt/0.13.9/scala-pickling_2.10-0.10.0.jar
6ab2e000-6ab31000 ---p 00000000 00:00 0 
6ab31000-6ab7f000 rw-p 00000000 00:00 0 
6ab7f000-6ab80000 ---p 00000000 00:00 0 
6ab80000-6ac00000 rw-p 00000000 00:00 0 
6ac00000-6acfe000 rw-p 00000000 00:00 0 
6acfe000-6ad00000 ---p 00000000 00:00 0 
6ad00000-6ad04000 r--s 00034000 08:12 3412235    /home/marco/.sbt/boot/scala-2.10.5/org.scala-sbt/sbt/0.13.9/jsch-0.1.46.jar
6ad04000-6ad07000 r--s 00018000 08:12 3412220    /home/marco/.sbt/boot/scala-2.10.5/org.scala-sbt/sbt/0.13.9/logging-0.13.9.jar
6ad07000-6ad0a000 r--s 00030000 08:12 3412239    /home/marco/.sbt/boot/scala-2.10.5/org.scala-sbt/sbt/0.13.9/jline-2.11.jar
6ad0a000-6ad0d000 r--s 00013000 08:12 3412188    /home/marco/.sbt/boot/scala-2.10.5/org.scala-sbt/sbt/0.13.9/classpath-0.13.9.jar
6ad0d000-6ad11000 r--s 0001c000 08:12 3412210    /home/marco/.sbt/boot/scala-2.10.5/org.scala-sbt/sbt/0.13.9/compiler-integration-0.13.9.jar
6ad11000-6ad13000 r--s 00006000 08:12 3412213    /home/marco/.sbt/boot/scala-2.10.5/org.scala-sbt/sbt/0.13.9/relation-0.13.9.jar
6ad13000-6ad16000 r--s 0001d000 08:12 3412202    /home/marco/.sbt/boot/scala-2.10.5/org.scala-sbt/sbt/0.13.9/tasks-0.13.9.jar
6ad16000-6ad1e000 r--s 00057000 08:12 3412199    /home/marco/.sbt/boot/scala-2.10.5/org.scala-sbt/sbt/0.13.9/completion-0.13.9.jar
6ad1e000-6ad21000 r--s 00012000 08:12 3412217    /home/marco/.sbt/boot/scala-2.10.5/org.scala-sbt/sbt/0.13.9/classfile-0.13.9.jar
6ad21000-6ad26000 r--s 00024000 08:12 3412197    /home/marco/.sbt/boot/scala-2.10.5/org.scala-sbt/sbt/0.13.9/persist-0.13.9.jar
6ad26000-6ad32000 r--s 000a4000 08:12 3412233    /home/marco/.sbt/boot/scala-2.10.5/org.scala-sbt/sbt/0.13.9/quasiquotes_2.10-2.0.1.jar
6ad32000-6ad81000 rw-p 00000000 00:00 0 
6ad81000-6af59000 r--s 03d17000 08:12 6825081    /usr/lib/jvm/java-8-oracle/jre/lib/rt.jar
6af59000-6b3fa000 rw-p 00000000 00:00 0 
6b3fa000-6b400000 ---p 00000000 00:00 0 
6b400000-6d800000 rw-p 00000000 00:00 0 
6d800000-6d8ef000 rw-p 00000000 00:00 0 
6d8ef000-6d900000 ---p 00000000 00:00 0 
6d900000-6d902000 r--s 00014000 08:12 3412242    /home/marco/.sbt/boot/scala-2.10.5/org.scala-sbt/sbt/0.13.9/apply-macro-0.13.9.jar
6d902000-6d90d000 r--s 00096000 08:12 3412205    /home/marco/.sbt/boot/scala-2.10.5/org.scala-sbt/sbt/0.13.9/main-settings-0.13.9.jar
6d90d000-6d910000 r--s 0001d000 08:12 3412237    /home/marco/.sbt/boot/scala-2.10.5/org.scala-sbt/sbt/0.13.9/task-system-0.13.9.jar
6d910000-6d917000 r--s 00049000 08:12 3412200    /home/marco/.sbt/boot/scala-2.10.5/org.scala-sbt/sbt/0.13.9/api-0.13.9.jar
6d917000-6d91c000 r--s 00036000 08:12 3412226    /home/marco/.sbt/boot/scala-2.10.5/org.scala-sbt/sbt/0.13.9/compile-0.13.9.jar
6d91c000-6d924000 r--s 00060000 08:12 3412206    /home/marco/.sbt/boot/scala-2.10.5/org.scala-sbt/sbt/0.13.9/collections-0.13.9.jar
6d924000-6d92e000 r--s 0006e000 08:12 3412198    /home/marco/.sbt/boot/scala-2.10.5/org.scala-sbt/sbt/0.13.9/incremental-compiler-0.13.9.jar
6d92e000-6d931000 ---p 00000000 00:00 0 
6d931000-6d97f000 rw-p 00000000 00:00 0 
6d97f000-6d980000 ---p 00000000 00:00 0 
6d980000-6da00000 rw-p 00000000 00:00 0 
6da00000-6dafc000 rw-p 00000000 00:00 0 
6dafc000-6db00000 ---p 00000000 00:00 0 
6db00000-6db21000 rw-p 00000000 00:00 0 
6db21000-6dc00000 ---p 00000000 00:00 0 
6dc01000-6dc03000 r--s 00002000 08:12 3412238    /home/marco/.sbt/boot/scala-2.10.5/org.scala-sbt/sbt/0.13.9/test-interface-1.0.jar
6dc03000-6dc2e000 r--s 00239000 08:12 3412231    /home/marco/.sbt/boot/scala-2.10.5/org.scala-sbt/sbt/0.13.9/main-0.13.9.jar
6dc2e000-6dc31000 ---p 00000000 00:00 0 
6dc31000-6dc7f000 rw-p 00000000 00:00 0 
6dc7f000-6dc80000 ---p 00000000 00:00 0 
6dc80000-6dd00000 rw-p 00000000 00:00 0 
6dd00000-6dd8d000 rw-p 00000000 00:00 0 
6dd8d000-6de00000 ---p 00000000 00:00 0 
6de00000-6de01000 r--s 00001000 08:12 3412207    /home/marco/.sbt/boot/scala-2.10.5/org.scala-sbt/sbt/0.13.9/cross-0.13.9.jar
6de01000-6de02000 r--s 00005000 08:12 3412221    /home/marco/.sbt/boot/scala-2.10.5/org.scala-sbt/sbt/0.13.9/test-agent-0.13.9.jar
6de02000-6de06000 r--s 0001b000 08:12 3412241    /home/marco/.sbt/boot/scala-2.10.5/org.scala-sbt/sbt/0.13.9/process-0.13.9.jar
6de06000-6de28000 r--s 001b3000 08:12 3412228    /home/marco/.sbt/boot/scala-2.10.5/org.scala-sbt/sbt/0.13.9/ivy-0.13.9.jar
6de28000-6de29000 ---p 00000000 00:00 0 
6de29000-ae200000 rw-p 00000000 00:00 0 
ae200000-ae202000 r--s 00002000 08:12 3412203    /home/marco/.sbt/boot/scala-2.10.5/org.scala-sbt/sbt/0.13.9/control-0.13.9.jar
ae202000-ae204000 r--s 00007000 08:12 3412232    /home/marco/.sbt/boot/scala-2.10.5/org.scala-sbt/sbt/0.13.9/paranamer-2.6.jar
ae204000-ae205000 r--s 00001000 08:12 3412192    /home/marco/.sbt/boot/scala-2.10.5/org.scala-sbt/sbt/0.13.9/json4s-support_2.10-0.6.0.jar
ae205000-ae20a000 r--s 00037000 08:12 3412189    /home/marco/.sbt/boot/scala-2.10.5/org.scala-sbt/sbt/0.13.9/command-0.13.9.jar
ae20a000-ae20b000 r--s 00002000 08:12 3412209    /home/marco/.sbt/boot/scala-2.10.5/org.scala-sbt/sbt/0.13.9/launcher-interface-1.0.0-M1.jar
ae20b000-ae20c000 r--s 00005000 08:12 3412201    /home/marco/.sbt/boot/scala-2.10.5/org.scala-sbt/sbt/0.13.9/sbt-0.13.9.jar
ae20c000-ae210000 r--s 00022000 08:12 3412191    /home/marco/.sbt/boot/scala-2.10.5/org.scala-sbt/sbt/0.13.9/sbinary_2.10-0.4.2.jar
ae210000-ae21a000 r--s 00085000 08:12 3412186    /home/marco/.sbt/boot/scala-2.10.5/org.scala-sbt/sbt/0.13.9/json4s-core_2.10-3.2.10.jar
ae21a000-ae21c000 r--s 00013000 08:12 3412240    /home/marco/.sbt/boot/scala-2.10.5/org.scala-sbt/sbt/0.13.9/json4s-ast_2.10-3.2.10.jar
ae21c000-ae21e000 r--s 0000e000 08:12 3412222    /home/marco/.sbt/boot/scala-2.10.5/org.scala-sbt/sbt/0.13.9/logic-0.13.9.jar
ae21e000-ae22d000 r-xp 00000000 08:12 6825168    /usr/lib/jvm/java-8-oracle/jre/lib/i386/libnio.so
ae22d000-ae22e000 rw-p 0000e000 08:12 6825168    /usr/lib/jvm/java-8-oracle/jre/lib/i386/libnio.so
ae22e000-ae231000 ---p 00000000 00:00 0 
ae231000-ae27f000 rw-p 00000000 00:00 0 
ae27f000-ae280000 ---p 00000000 00:00 0 
ae280000-ae325000 rw-p 00000000 00:00 0 
ae325000-ae500000 ---p 00000000 00:00 0 
ae500000-aee20000 rwxp 00000000 00:00 0 
aee20000-b6500000 ---p 00000000 00:00 0 
b6500000-b65fb000 rw-p 00000000 00:00 0 
b65fb000-b6600000 ---p 00000000 00:00 0 
b6600000-b6615000 r-xp 00000000 08:12 6825137    /usr/lib/jvm/java-8-oracle/jre/lib/i386/libnet.so
b6615000-b6616000 rw-p 00015000 08:12 6825137    /usr/lib/jvm/java-8-oracle/jre/lib/i386/libnet.so
b6616000-b6632000 r--s 0010c000 08:12 6818484    /usr/share/sbt-launcher-packaging/bin/sbt-launch.jar
b6632000-b664a000 rw-p 00000000 00:00 0 
b664a000-b6663000 r-xp 00000000 08:12 6825170    /usr/lib/jvm/java-8-oracle/jre/lib/i386/libzip.so
b6663000-b6664000 rw-p 00019000 08:12 6825170    /usr/lib/jvm/java-8-oracle/jre/lib/i386/libzip.so
b6664000-b666f000 r-xp 00000000 08:12 4850293    /lib/i386-linux-gnu/libnss_files-2.15.so
b666f000-b6670000 r--p 0000a000 08:12 4850293    /lib/i386-linux-gnu/libnss_files-2.15.so
b6670000-b6671000 rw-p 0000b000 08:12 4850293    /lib/i386-linux-gnu/libnss_files-2.15.so
b6671000-b667b000 r-xp 00000000 08:12 4850298    /lib/i386-linux-gnu/libnss_nis-2.15.so
b667b000-b667c000 r--p 00009000 08:12 4850298    /lib/i386-linux-gnu/libnss_nis-2.15.so
b667c000-b667d000 rw-p 0000a000 08:12 4850298    /lib/i386-linux-gnu/libnss_nis-2.15.so
b667d000-b6693000 r-xp 00000000 08:12 4850327    /lib/i386-linux-gnu/libnsl-2.15.so
b6693000-b6694000 r--p 00015000 08:12 4850327    /lib/i386-linux-gnu/libnsl-2.15.so
b6694000-b6695000 rw-p 00016000 08:12 4850327    /lib/i386-linux-gnu/libnsl-2.15.so
b6695000-b6697000 rw-p 00000000 00:00 0 
b6697000-b669e000 r-xp 00000000 08:12 4850291    /lib/i386-linux-gnu/libnss_compat-2.15.so
b669e000-b669f000 r--p 00006000 08:12 4850291    /lib/i386-linux-gnu/libnss_compat-2.15.so
b669f000-b66a0000 rw-p 00007000 08:12 4850291    /lib/i386-linux-gnu/libnss_compat-2.15.so
b66a0000-b66a6000 r--s 0003e000 08:12 3412190    /home/marco/.sbt/boot/scala-2.10.5/org.scala-sbt/sbt/0.13.9/io-0.13.9.jar
b66a6000-b66aa000 r--s 00025000 08:12 3412253    /home/marco/.sbt/boot/scala-2.10.5/lib/jline.jar
b66aa000-b66b2000 rw-s 00000000 08:12 3017531    /tmp/hsperfdata_marco/6867
b66b2000-b66d6000 r-xp 00000000 08:12 6825145    /usr/lib/jvm/java-8-oracle/jre/lib/i386/libjava.so
b66d6000-b66d7000 rw-p 00023000 08:12 6825145    /usr/lib/jvm/java-8-oracle/jre/lib/i386/libjava.so
b66d7000-b66de000 r-xp 00000000 08:12 4850296    /lib/i386-linux-gnu/librt-2.15.so
b66de000-b66df000 r--p 00006000 08:12 4850296    /lib/i386-linux-gnu/librt-2.15.so
b66df000-b66e0000 rw-p 00007000 08:12 4850296    /lib/i386-linux-gnu/librt-2.15.so
b66e0000-b66e3000 ---p 00000000 00:00 0 
b66e3000-b6731000 rw-p 00000000 00:00 0 
b6731000-b675b000 r-xp 00000000 08:12 4850318    /lib/i386-linux-gnu/libm-2.15.so
b675b000-b675c000 r--p 00029000 08:12 4850318    /lib/i386-linux-gnu/libm-2.15.so
b675c000-b675d000 rw-p 0002a000 08:12 4850318    /lib/i386-linux-gnu/libm-2.15.so
b675d000-b70dd000 r-xp 00000000 08:12 6825149    /usr/lib/jvm/java-8-oracle/jre/lib/i386/server/libjvm.so
b70dd000-b714a000 rw-p 00980000 08:12 6825149    /usr/lib/jvm/java-8-oracle/jre/lib/i386/server/libjvm.so
b714a000-b7570000 rw-p 00000000 00:00 0 
b7570000-b7713000 r-xp 00000000 08:12 4850289    /lib/i386-linux-gnu/libc-2.15.so
b7713000-b7715000 r--p 001a3000 08:12 4850289    /lib/i386-linux-gnu/libc-2.15.so
b7715000-b7716000 rw-p 001a5000 08:12 4850289    /lib/i386-linux-gnu/libc-2.15.so
b7716000-b7719000 rw-p 00000000 00:00 0 
b7719000-b771c000 r-xp 00000000 08:12 4850322    /lib/i386-linux-gnu/libdl-2.15.so
b771c000-b771d000 r--p 00002000 08:12 4850322    /lib/i386-linux-gnu/libdl-2.15.so
b771d000-b771e000 rw-p 00003000 08:12 4850322    /lib/i386-linux-gnu/libdl-2.15.so
b771e000-b771f000 rw-p 00000000 00:00 0 
b771f000-b7733000 r-xp 00000000 08:12 6825129    /usr/lib/jvm/java-8-oracle/jre/lib/i386/jli/libjli.so
b7733000-b7734000 rw-p 00014000 08:12 6825129    /usr/lib/jvm/java-8-oracle/jre/lib/i386/jli/libjli.so
b7734000-b774b000 r-xp 00000000 08:12 4850316    /lib/i386-linux-gnu/libpthread-2.15.so
b774b000-b774c000 r--p 00016000 08:12 4850316    /lib/i386-linux-gnu/libpthread-2.15.so
b774c000-b774d000 rw-p 00017000 08:12 4850316    /lib/i386-linux-gnu/libpthread-2.15.so
b774d000-b774f000 rw-p 00000000 00:00 0 
b774f000-b7752000 r--s 00018000 08:12 3412252    /home/marco/.sbt/boot/scala-2.10.5/lib/jansi.jar
b7752000-b7753000 r--p 00859000 08:12 4201162    /usr/lib/locale/locale-archive
b7753000-b7754000 rw-p 00000000 00:00 0 
b7754000-b7755000 r--p 00000000 00:00 0 
b7755000-b7760000 r-xp 00000000 08:12 6825147    /usr/lib/jvm/java-8-oracle/jre/lib/i386/libverify.so
b7760000-b7761000 rw-p 0000b000 08:12 6825147    /usr/lib/jvm/java-8-oracle/jre/lib/i386/libverify.so
b7761000-b7763000 rw-p 00000000 00:00 0 
b7763000-b7764000 r-xp 00000000 00:00 0          [vdso]
b7764000-b7784000 r-xp 00000000 08:12 4850319    /lib/i386-linux-gnu/ld-2.15.so
b7784000-b7785000 r--p 0001f000 08:12 4850319    /lib/i386-linux-gnu/ld-2.15.so
b7785000-b7786000 rw-p 00020000 08:12 4850319    /lib/i386-linux-gnu/ld-2.15.so
bfb82000-bfb83000 rwxp 00000000 00:00 0 
bfbb5000-bfbd6000 rw-p 00000000 00:00 0          [stack]

VM Arguments:
jvm_args: -Xms1024m -Xmx1024m -XX:ReservedCodeCacheSize=128m -XX:MaxMetaspaceSize=256m 
java_command: /usr/share/sbt-launcher-packaging/bin/sbt-launch.jar
java_class_path (initial): /usr/share/sbt-launcher-packaging/bin/sbt-launch.jar
Launcher Type: SUN_STANDARD

Environment Variables:
PATH=/usr/lib/lightdm/lightdm:/usr/local/sbin:/usr/local/bin:/usr/sbin:/usr/bin:/sbin:/bin:/usr/games
SHELL=/bin/bash
DISPLAY=:0.0

Signal Handlers:
SIGSEGV: [libjvm.so+0x8cdb80], sa_mask[0]=11111111011111111101111111111110, sa_flags=SA_RESTART|SA_SIGINFO
SIGBUS: [libjvm.so+0x8cdb80], sa_mask[0]=11111111011111111101111111111110, sa_flags=SA_RESTART|SA_SIGINFO
SIGFPE: [libjvm.so+0x74db00], sa_mask[0]=11111111011111111101111111111110, sa_flags=SA_RESTART|SA_SIGINFO
SIGPIPE: [libjvm.so+0x74db00], sa_mask[0]=11111111011111111101111111111110, sa_flags=SA_RESTART|SA_SIGINFO
SIGXFSZ: [libjvm.so+0x74db00], sa_mask[0]=11111111011111111101111111111110, sa_flags=SA_RESTART|SA_SIGINFO
SIGILL: [libjvm.so+0x74db00], sa_mask[0]=11111111011111111101111111111110, sa_flags=SA_RESTART|SA_SIGINFO
SIGUSR1: SIG_DFL, sa_mask[0]=00000000000000000000000000000000, sa_flags=none
SIGUSR2: [libjvm.so+0x74f180], sa_mask[0]=00000000000000000000000000000000, sa_flags=SA_RESTART|SA_SIGINFO
SIGHUP: [libjvm.so+0x750630], sa_mask[0]=11111111011111111101111111111110, sa_flags=SA_RESTART|SA_SIGINFO
SIGINT: [libjvm.so+0x750630], sa_mask[0]=11111111011111111101111111111110, sa_flags=SA_RESTART|SA_SIGINFO
SIGTERM: [libjvm.so+0x750630], sa_mask[0]=11111111011111111101111111111110, sa_flags=SA_RESTART|SA_SIGINFO
SIGQUIT: [libjvm.so+0x750630], sa_mask[0]=11111111011111111101111111111110, sa_flags=SA_RESTART|SA_SIGINFO


---------------  S Y S T E M  ---------------

OS:DISTRIB_ID=Ubuntu
DISTRIB_RELEASE=12.04
DISTRIB_CODENAME=precise
DISTRIB_DESCRIPTION="Ubuntu 12.04.2 LTS"

uname:Linux 3.2.0-48-generic-pae #74-Ubuntu SMP Thu Jun 6 20:05:01 UTC 2013 i686
libc:glibc 2.15 NPTL 2.15 
rlimit: STACK 8192k, CORE 0k, NPROC 28637, NOFILE 4096, AS infinity
load average:20,52 6,87 3,31

/proc/meminfo:
MemTotal:        3680248 kB
MemFree:          148800 kB
Buffers:           22180 kB
Cached:            45856 kB
SwapCached:            0 kB
Active:          3392180 kB
Inactive:          31900 kB
Active(anon):    3357172 kB
Inactive(anon):      592 kB
Active(file):      35008 kB
Inactive(file):    31308 kB
Unevictable:           0 kB
Mlocked:               0 kB
HighTotal:       2821832 kB
HighFree:            440 kB
LowTotal:         858416 kB
LowFree:          148360 kB
SwapTotal:             0 kB
SwapFree:              0 kB
Dirty:               572 kB
Writeback:             0 kB
AnonPages:       3356328 kB
Mapped:            26172 kB
Shmem:              1428 kB
Slab:              38656 kB
SReclaimable:      19704 kB
SUnreclaim:        18952 kB
KernelStack:        6320 kB
PageTables:        14820 kB
NFS_Unstable:          0 kB
Bounce:                0 kB
WritebackTmp:          0 kB
CommitLimit:     1840124 kB
Committed_AS:   10443356 kB
VmallocTotal:     122880 kB
VmallocUsed:       83876 kB
VmallocChunk:      23292 kB
HardwareCorrupted:     0 kB
AnonHugePages:         0 kB
HugePages_Total:       0
HugePages_Free:        0
HugePages_Rsvd:        0
HugePages_Surp:        0
Hugepagesize:       2048 kB
DirectMap4k:        8184 kB
DirectMap2M:      905216 kB


CPU:total 4 (4 cores per cpu, 1 threads per core) family 6 model 15 stepping 11, cmov, cx8, fxsr, mmx, sse, sse2, sse3, ssse3, tsc

/proc/cpuinfo:
processor	: 0
vendor_id	: GenuineIntel
cpu family	: 6
model		: 15
model name	: Intel(R) Core(TM)2 Quad CPU    Q6600  @ 2.40GHz
stepping	: 11
microcode	: 0xb3
cpu MHz		: 2400.000
cache size	: 4096 KB
physical id	: 0
siblings	: 4
core id		: 0
cpu cores	: 4
apicid		: 0
initial apicid	: 0
fdiv_bug	: no
hlt_bug		: no
f00f_bug	: no
coma_bug	: no
fpu		: yes
fpu_exception	: yes
cpuid level	: 10
wp		: yes
flags		: fpu vme de pse tsc msr pae mce cx8 apic sep mtrr pge mca cmov pat pse36 clflush dts acpi mmx fxsr sse sse2 ss ht tm pbe nx lm constant_tsc arch_perfmon pebs bts aperfmperf pni dtes64 monitor ds_cpl vmx est tm2 ssse3 cx16 xtpr pdcm lahf_lm dtherm tpr_shadow vnmi flexpriority
bogomips	: 4788.35
clflush size	: 64
cache_alignment	: 64
address sizes	: 36 bits physical, 48 bits virtual
power management:

processor	: 1
vendor_id	: GenuineIntel
cpu family	: 6
model		: 15
model name	: Intel(R) Core(TM)2 Quad CPU    Q6600  @ 2.40GHz
stepping	: 11
microcode	: 0xb3
cpu MHz		: 2400.000
cache size	: 4096 KB
physical id	: 0
siblings	: 4
core id		: 1
cpu cores	: 4
apicid		: 1
initial apicid	: 1
fdiv_bug	: no
hlt_bug		: no
f00f_bug	: no
coma_bug	: no
fpu		: yes
fpu_exception	: yes
cpuid level	: 10
wp		: yes
flags		: fpu vme de pse tsc msr pae mce cx8 apic sep mtrr pge mca cmov pat pse36 clflush dts acpi mmx fxsr sse sse2 ss ht tm pbe nx lm constant_tsc arch_perfmon pebs bts aperfmperf pni dtes64 monitor ds_cpl vmx est tm2 ssse3 cx16 xtpr pdcm lahf_lm dtherm tpr_shadow vnmi flexpriority
bogomips	: 4788.85
clflush size	: 64
cache_alignment	: 64
address sizes	: 36 bits physical, 48 bits virtual
power management:

processor	: 2
vendor_id	: GenuineIntel
cpu family	: 6
model		: 15
model name	: Intel(R) Core(TM)2 Quad CPU    Q6600  @ 2.40GHz
stepping	: 11
microcode	: 0xb3
cpu MHz		: 2400.000
cache size	: 4096 KB
physical id	: 0
siblings	: 4
core id		: 2
cpu cores	: 4
apicid		: 2
initial apicid	: 2
fdiv_bug	: no
hlt_bug		: no
f00f_bug	: no
coma_bug	: no
fpu		: yes
fpu_exception	: yes
cpuid level	: 10
wp		: yes
flags		: fpu vme de pse tsc msr pae mce cx8 apic sep mtrr pge mca cmov pat pse36 clflush dts acpi mmx fxsr sse sse2 ss ht tm pbe nx lm constant_tsc arch_perfmon pebs bts aperfmperf pni dtes64 monitor ds_cpl vmx est tm2 ssse3 cx16 xtpr pdcm lahf_lm dtherm tpr_shadow vnmi flexpriority
bogomips	: 4788.89
clflush size	: 64
cache_alignment	: 64
address sizes	: 36 bits physical, 48 bits virtual
power management:

processor	: 3
vendor_id	: GenuineIntel
cpu family	: 6
model		: 15
model name	: Intel(R) Core(TM)2 Quad CPU    Q6600  @ 2.40GHz
stepping	: 11
microcode	: 0xb3
cpu MHz		: 2400.000
cache size	: 4096 KB
physical id	: 0
siblings	: 4
core id		: 3
cpu cores	: 4
apicid		: 3
initial apicid	: 3
fdiv_bug	: no
hlt_bug		: no
f00f_bug	: no
coma_bug	: no
fpu		: yes
fpu_exception	: yes
cpuid level	: 10
wp		: yes
flags		: fpu vme de pse tsc msr pae mce cx8 apic sep mtrr pge mca cmov pat pse36 clflush dts acpi mmx fxsr sse sse2 ss ht tm pbe nx lm constant_tsc arch_perfmon pebs bts aperfmperf pni dtes64 monitor ds_cpl vmx est tm2 ssse3 cx16 xtpr pdcm lahf_lm dtherm tpr_shadow vnmi flexpriority
bogomips	: 4788.89
clflush size	: 64
cache_alignment	: 64
address sizes	: 36 bits physical, 48 bits virtual
power management:



Memory: 4k page, physical 3680248k(148676k free), swap 0k(0k free)

vm_info: Java HotSpot(TM) Server VM (25.60-b23) for linux-x86 JRE (1.8.0_60-b27), built on Aug  4 2015 10:44:54 by "java_re" with gcc 4.3.0 20080428 (Red Hat 4.3.0-8)

time: Mon Nov 30 11:05:24 2015
elapsed time: 43 seconds (0d 0h 0m 43s)

