\BOOKMARK [1][-]{section.1}{Introduzione}{}
\BOOKMARK [2][-]{subsection.1.1}{Problema}{section.1}
\BOOKMARK [1][-]{section.2}{Esecuzione}{}
\BOOKMARK [2][-]{subsection.2.1}{SBT}{section.2}
\BOOKMARK [2][-]{subsection.2.2}{Scala}{section.2}
\BOOKMARK [2][-]{subsection.2.3}{Akka}{section.2}
\BOOKMARK [1][-]{section.3}{Studio del problema}{}
\BOOKMARK [2][-]{subsection.3.1}{Entit\340}{section.3}
\BOOKMARK [2][-]{subsection.3.2}{Stati}{section.3}
\BOOKMARK [2][-]{subsection.3.3}{Azioni}{section.3}
\BOOKMARK [2][-]{subsection.3.4}{Sincronizzazione}{section.3}
\BOOKMARK [1][-]{section.4}{Implementazione}{}
\BOOKMARK [2][-]{subsection.4.1}{Progettazione}{section.4}
\BOOKMARK [3][-]{subsubsection.4.1.1}{Linguaggio}{subsection.4.1}
\BOOKMARK [3][-]{subsubsection.4.1.2}{Concorrenza}{subsection.4.1}
\BOOKMARK [3][-]{subsubsection.4.1.3}{Distribuzione}{subsection.4.1}
\BOOKMARK [3][-]{subsubsection.4.1.4}{Lista classi}{subsection.4.1}
\BOOKMARK [3][-]{subsubsection.4.1.5}{Descrizione classi}{subsection.4.1}
\BOOKMARK [3][-]{subsubsection.4.1.6}{Correttezza ordinamento messaggi}{subsection.4.1}
\BOOKMARK [2][-]{subsection.4.2}{Funzionalit\340 non implementate}{section.4}
\BOOKMARK [2][-]{subsection.4.3}{Screenshots}{section.4}
\BOOKMARK [1][-]{section.5}{Bibliografia}{}
