This is pdfTeX, Version 3.1415926-1.40.10 (TeX Live 2009/Debian) (format=pdflatex 2013.1.7)  25 JAN 2016 18:35
entering extended mode
 %&-line parsing enabled.
**SCD.tex
(./SCD.tex
LaTeX2e <2009/09/24>
Babel <v3.8l> and hyphenation patterns for english, usenglishmax, dumylang, noh
yphenation, loaded.
(/usr/share/texmf-texlive/tex/latex/base/article.cls
Document Class: article 2007/10/19 v1.4h Standard LaTeX document class
(/usr/share/texmf-texlive/tex/latex/base/size10.clo
File: size10.clo 2007/10/19 v1.4h Standard LaTeX file (size option)
)
\c@part=\count79
\c@section=\count80
\c@subsection=\count81
\c@subsubsection=\count82
\c@paragraph=\count83
\c@subparagraph=\count84
\c@figure=\count85
\c@table=\count86
\abovecaptionskip=\skip41
\belowcaptionskip=\skip42
\bibindent=\dimen102
)
(/usr/share/texmf-texlive/tex/latex/fancyhdr/fancyhdr.sty
\fancy@headwidth=\skip43
\f@ncyO@elh=\skip44
\f@ncyO@erh=\skip45
\f@ncyO@olh=\skip46
\f@ncyO@orh=\skip47
\f@ncyO@elf=\skip48
\f@ncyO@erf=\skip49
\f@ncyO@olf=\skip50
\f@ncyO@orf=\skip51
) (./lastpage.sty
Package: lastpage 1994/06/25 v0.1b LaTeX2e package for refs to last page number
 (JPG)
)
(/usr/share/texmf-texlive/tex/latex/graphics/color.sty
Package: color 2005/11/14 v1.0j Standard LaTeX Color (DPC)

(/etc/texmf/tex/latex/config/color.cfg
File: color.cfg 2007/01/18 v1.5 color configuration of teTeX/TeXLive
)
Package color Info: Driver file: pdftex.def on input line 130.

(/usr/share/texmf-texlive/tex/latex/pdftex-def/pdftex.def
File: pdftex.def 2010/03/12 v0.04p Graphics/color for pdfTeX
\Gread@gobject=\count87
))
(/usr/share/texmf-texlive/tex/latex/graphics/graphicx.sty
Package: graphicx 1999/02/16 v1.0f Enhanced LaTeX Graphics (DPC,SPQR)

(/usr/share/texmf-texlive/tex/latex/graphics/keyval.sty
Package: keyval 1999/03/16 v1.13 key=value parser (DPC)
\KV@toks@=\toks14
)
(/usr/share/texmf-texlive/tex/latex/graphics/graphics.sty
Package: graphics 2009/02/05 v1.0o Standard LaTeX Graphics (DPC,SPQR)

(/usr/share/texmf-texlive/tex/latex/graphics/trig.sty
Package: trig 1999/03/16 v1.09 sin cos tan (DPC)
)
(/etc/texmf/tex/latex/config/graphics.cfg
File: graphics.cfg 2009/08/28 v1.8 graphics configuration of TeX Live
)
Package graphics Info: Driver file: pdftex.def on input line 91.
)
\Gin@req@height=\dimen103
\Gin@req@width=\dimen104
) (./midpage.sty
Package: midpage 2009/09/03 v1.1a vertical centering
)
(/usr/share/texmf-texlive/tex/latex/booktabs/booktabs.sty
Package: booktabs 2005/04/14 v1.61803 publication quality tables
\heavyrulewidth=\dimen105
\lightrulewidth=\dimen106
\cmidrulewidth=\dimen107
\belowrulesep=\dimen108
\belowbottomsep=\dimen109
\aboverulesep=\dimen110
\abovetopsep=\dimen111
\cmidrulesep=\dimen112
\cmidrulekern=\dimen113
\defaultaddspace=\dimen114
\@cmidla=\count88
\@cmidlb=\count89
\@aboverulesep=\dimen115
\@belowrulesep=\dimen116
\@thisruleclass=\count90
\@lastruleclass=\count91
\@thisrulewidth=\dimen117
)
(/usr/share/texmf-texlive/tex/latex/float/float.sty
Package: float 2001/11/08 v1.3d Float enhancements (AL)
\c@float@type=\count92
\float@exts=\toks15
\float@box=\box26
\@float@everytoks=\toks16
\@floatcapt=\box27
)
(/usr/share/texmf-texlive/tex/generic/babel/babel.sty
Package: babel 2008/07/06 v3.8l The Babel package

(/usr/share/texmf-texlive/tex/generic/babel/italian.ldf
Language: italian 2008/03/14 v1.2t Italian support from the babel system

(/usr/share/texmf-texlive/tex/generic/babel/babel.def
File: babel.def 2008/07/06 v3.8l Babel common definitions
\babel@savecnt=\count93
\U@D=\dimen118
)

Package babel Warning: No hyphenation patterns were loaded for
(babel)                the language `Italian'
(babel)                I will use the patterns loaded for \language=0 instead.

\l@italian = a dialect from \language0
Package babel Info: Making " an active character on input line 94.
)) (/usr/share/texmf-texlive/tex/latex/hyperref/hyperref.sty
Package: hyperref 2009/10/09 v6.79a Hypertext links for LaTeX

(/usr/share/texmf-texlive/tex/generic/oberdiek/ifpdf.sty
Package: ifpdf 2009/04/10 v2.0 Provides the ifpdf switch (HO)
Package ifpdf Info: pdfTeX in pdf mode detected.
)
(/usr/share/texmf-texlive/tex/generic/oberdiek/ifvtex.sty
Package: ifvtex 2008/11/04 v1.4 Switches for detecting VTeX and its modes (HO)
Package ifvtex Info: VTeX not detected.
)
(/usr/share/texmf-texlive/tex/generic/ifxetex/ifxetex.sty
Package: ifxetex 2009/01/23 v0.5 Provides ifxetex conditional
)
(/usr/share/texmf-texlive/tex/latex/oberdiek/hycolor.sty
Package: hycolor 2009/10/02 v1.5 Code for color options of hyperref/bookmark (H
O)

(/usr/share/texmf-texlive/tex/latex/oberdiek/xcolor-patch.sty
Package: xcolor-patch 2009/10/02 xcolor patch
))
\@linkdim=\dimen119
\Hy@linkcounter=\count94
\Hy@pagecounter=\count95

(/usr/share/texmf-texlive/tex/latex/hyperref/pd1enc.def
File: pd1enc.def 2009/10/09 v6.79a Hyperref: PDFDocEncoding definition (HO)
)
(/usr/share/texmf-texlive/tex/generic/oberdiek/etexcmds.sty
Package: etexcmds 2007/12/12 v1.2 Prefix for e-TeX command names (HO)

(/usr/share/texmf-texlive/tex/generic/oberdiek/infwarerr.sty
Package: infwarerr 2007/09/09 v1.2 Providing info/warning/message (HO)
)
Package etexcmds Info: Could not find \expanded.
(etexcmds)             That can mean that you are not using pdfTeX 1.50 or
(etexcmds)             that some package has redefined \expanded.
(etexcmds)             In the latter case, load this package earlier.
)
(/usr/share/texmf-texlive/tex/latex/latexconfig/hyperref.cfg
File: hyperref.cfg 2002/06/06 v1.2 hyperref configuration of TeXLive
)
(/usr/share/texmf-texlive/tex/latex/oberdiek/kvoptions.sty
Package: kvoptions 2009/08/13 v3.4 Keyval support for LaTeX options (HO)

(/usr/share/texmf-texlive/tex/generic/oberdiek/kvsetkeys.sty
Package: kvsetkeys 2009/07/30 v1.5 Key value parser with default handler suppor
t (HO)
))
Package hyperref Info: Hyper figures OFF on input line 2975.
Package hyperref Info: Link nesting OFF on input line 2980.
Package hyperref Info: Hyper index ON on input line 2983.
Package hyperref Info: Plain pages OFF on input line 2990.
Package hyperref Info: Backreferencing OFF on input line 2995.

Implicit mode ON; LaTeX internals redefined
Package hyperref Info: Bookmarks ON on input line 3191.
(/usr/share/texmf-texlive/tex/latex/ltxmisc/url.sty
\Urlmuskip=\muskip10
Package: url 2006/04/12  ver 3.3  Verb mode for urls, etc.
)
LaTeX Info: Redefining \url on input line 3428.

(/usr/share/texmf-texlive/tex/generic/oberdiek/bitset.sty
Package: bitset 2007/09/28 v1.0 Data type bit set (HO)

(/usr/share/texmf-texlive/tex/generic/oberdiek/intcalc.sty
Package: intcalc 2007/09/27 v1.1 Expandable integer calculations (HO)
)
(/usr/share/texmf-texlive/tex/generic/oberdiek/bigintcalc.sty
Package: bigintcalc 2007/11/11 v1.1 Expandable big integer calculations (HO)

(/usr/share/texmf-texlive/tex/generic/oberdiek/pdftexcmds.sty
Package: pdftexcmds 2009/09/23 v0.6 LuaTeX support for pdfTeX utility functions
 (HO)

(/usr/share/texmf-texlive/tex/generic/oberdiek/ifluatex.sty
Package: ifluatex 2009/04/17 v1.2 Provides the ifluatex switch (HO)
Package ifluatex Info: LuaTeX not detected.
)
(/usr/share/texmf-texlive/tex/generic/oberdiek/ltxcmds.sty
Package: ltxcmds 2009/08/05 v1.0 Some LaTeX kernel commands for general use (HO
)
)
Package pdftexcmds Info: LuaTeX not detected.
Package pdftexcmds Info: \pdf@primitive is available.
Package pdftexcmds Info: \pdf@ifprimitive is available.
)))
\Fld@menulength=\count96
\Field@Width=\dimen120
\Fld@charsize=\dimen121
\Field@toks=\toks17
Package hyperref Info: Hyper figures OFF on input line 4377.
Package hyperref Info: Link nesting OFF on input line 4382.
Package hyperref Info: Hyper index ON on input line 4385.
Package hyperref Info: backreferencing OFF on input line 4392.
Package hyperref Info: Link coloring OFF on input line 4397.
Package hyperref Info: Link coloring with OCG OFF on input line 4402.
Package hyperref Info: PDF/A mode OFF on input line 4407.

(/usr/share/texmf-texlive/tex/generic/oberdiek/atbegshi.sty
Package: atbegshi 2008/07/31 v1.9 At begin shipout hook (HO)
)
\Hy@abspage=\count97
\c@Item=\count98
\c@Hfootnote=\count99
)
*hyperref using default driver hpdftex*
(/usr/share/texmf-texlive/tex/latex/hyperref/hpdftex.def
File: hpdftex.def 2009/10/09 v6.79a Hyperref driver for pdfTeX
\Fld@listcount=\count100
) (./lettrine.sty
File: lettrine.sty 2002/10/26 v1.4 (D. Flipo)
\c@DefaultLines=\count101
\DefaultFindent=\dimen122
\DefaultNindent=\dimen123
\DefaultSlope=\dimen124
\L@lbox=\box28
\L@tbox=\box29
\c@L@lines=\count102
\L@Pindent=\dimen125
\L@Findent=\dimen126
\L@Nindent=\dimen127
\L@lraise=\dimen128
\L@first=\dimen129
\L@next=\dimen130
\L@slope=\dimen131
\L@height=\dimen132

(/usr/share/texmf-texlive/tex/latex/lettrine/lettrine.cfg))
Package hyperref Info: Option `colorlinks' set `true' on input line 22.
 (./SCD.aux
! Missing \endcsname inserted.
<to be read again> 
                   \unhbox 
l.34 ...{a}}{{4}{9}{Citt\`{a}\relax }{figure.4}{}}
                                                  
? 

LaTeX Warning: Label `fig:Citt\`{a}' multiply defined.

! Missing \endcsname inserted.
<to be read again> 
                   \unhbox 
l.34 ...{a}}{{4}{9}{Citt\`{a}\relax }{figure.4}{}}
                                                  
? 

! LaTeX Error: Missing \begin{document}.

See the LaTeX manual or LaTeX Companion for explanation.
Type  H <return>  for immediate help.
 ...                                              
                                                  
l.34 ...{a}}{{4}{9}{Citt\`{a}\relax }{figure.4}{}}
                                                  
? 
! Missing number, treated as zero.
<to be read again> 
                   \accent@spacefactor 
l.34 ...{a}}{{4}{9}{Citt\`{a}\relax }{figure.4}{}}
                                                  
? 
! Bad space factor (0).
<to be read again> 
                   \accent@spacefactor 
l.34 ...{a}}{{4}{9}{Citt\`{a}\relax }{figure.4}{}}
                                                  
? 
! Extra \endcsname.
\@namedef ...xpandafter \def \csname #1\endcsname 
                                                  
l.34 ...{a}}{{4}{9}{Citt\`{a}\relax }{figure.4}{}}
                                                  
? 
! Extra }, or forgotten \endgroup.
\@newl@bel ...ined}}\global \@namedef {#1@#2}{#3}}
                                                  
l.34 ...{a}}{{4}{9}{Citt\`{a}\relax }{figure.4}{}}
                                                  
? 
)
\openout1 = `SCD.aux'.

LaTeX Font Info:    Checking defaults for OML/cmm/m/it on input line 31.
LaTeX Font Info:    ... okay on input line 31.
LaTeX Font Info:    Checking defaults for T1/cmr/m/n on input line 31.
LaTeX Font Info:    ... okay on input line 31.
LaTeX Font Info:    Checking defaults for OT1/cmr/m/n on input line 31.
LaTeX Font Info:    ... okay on input line 31.
LaTeX Font Info:    Checking defaults for OMS/cmsy/m/n on input line 31.
LaTeX Font Info:    ... okay on input line 31.
LaTeX Font Info:    Checking defaults for OMX/cmex/m/n on input line 31.
LaTeX Font Info:    ... okay on input line 31.
LaTeX Font Info:    Checking defaults for U/cmr/m/n on input line 31.
LaTeX Font Info:    ... okay on input line 31.
LaTeX Font Info:    Checking defaults for LGR/cmr/m/n on input line 31.
LaTeX Font Info:    Try loading font information for LGR+cmr on input line 31.
 (/usr/share/texmf-texlive/tex/generic/babel/lgrcmr.fd
File: lgrcmr.fd 2008/06/17 v2.3 Greek Computer Modern
)
LaTeX Font Info:    ... okay on input line 31.
LaTeX Font Info:    Checking defaults for PD1/pdf/m/n on input line 31.
LaTeX Font Info:    ... okay on input line 31.

(/usr/share/texmf-texlive/tex/context/base/supp-pdf.mkii
[Loading MPS to PDF converter (version 2006.09.02).]
\scratchcounter=\count103
\scratchdimen=\dimen133
\scratchbox=\box30
\nofMPsegments=\count104
\nofMParguments=\count105
\everyMPshowfont=\toks18
\MPscratchCnt=\count106
\MPscratchDim=\dimen134
\MPnumerator=\count107
\everyMPtoPDFconversion=\toks19
)
Package hyperref Info: Link coloring ON on input line 31.
 (/usr/share/texmf-texlive/tex/latex/hyperref/nameref.sty
Package: nameref 2007/05/29 v2.31 Cross-referencing by name of section

(/usr/share/texmf-texlive/tex/latex/oberdiek/refcount.sty
Package: refcount 2008/08/11 v3.1 Data extraction from references (HO)
)
\c@section@level=\count108
)
LaTeX Info: Redefining \ref on input line 31.
LaTeX Info: Redefining \pageref on input line 31.
 (./SCD.out)
(./SCD.out)
\@outlinefile=\write3
\openout3 = `SCD.out'.

\AtBeginShipoutBox=\box31
 [1

{/var/lib/texmf/fonts/map/pdftex/updmap/pdftex.map}]
<./img/Logo_Padova.png, id=92, 598.235pt x 602.25pt>
File: ./img/Logo_Padova.png Graphic file (type png)

<use ./img/Logo_Padova.png>pdfTeX warning (ext4): destination with the same ide
ntifier (name{page.1}) has been already used, duplicate ignored
<to be read again> 
                   \relax 
l.61  \clearpage
                {\pagestyle{empty}\cleardoublepage} % puoi toglierlo, credo
[1 <./img/Logo_Padova.png>]pdfTeX warning (ext4): destination with the same ide
ntifier (name{page.1}) has been already used, duplicate ignored
<to be read again> 
                   \relax 
l.70 \newpage
              [1


]
LaTeX Font Info:    Try loading font information for OMS+cmr on input line 74.
 (/usr/share/texmf-texlive/tex/latex/base/omscmr.fd
File: omscmr.fd 1999/05/25 v2.5h Standard LaTeX font definitions
)
LaTeX Font Info:    Font shape `OMS/cmr/m/n' in size <10> not available
(Font)              Font shape `OMS/cmsy/m/n' tried instead on input line 74.
 [2]
(./SCD.toc
LaTeX Font Info:    External font `cmex10' loaded for size
(Font)              <7> on input line 3.
LaTeX Font Info:    External font `cmex10' loaded for size
(Font)              <5> on input line 3.
)
\tf@toc=\write4
\openout4 = `SCD.toc'.

 (./SCD.lot)
\tf@lot=\write5
\openout5 = `SCD.lot'.

 (./SCD.lof)
\tf@lof=\write6
\openout6 = `SCD.lof'.

 [3] [4]

Package Fancyhdr Warning: \headheight is too small (12.0pt): 
 Make it at least 22.54448pt.
 We now make it that large for the rest of the document.
 This may cause the page layout to be inconsistent, however.

[5] <./img/SBT1.png, id=182, 728.7225pt x 454.69875pt>
File: ./img/SBT1.png Graphic file (type png)
 <use ./img/SBT1.png>
Overfull \hbox (6.31378pt too wide) in paragraph at lines 133--134
 [] 
 []

<./img/SBT2.png, id=183, 728.7225pt x 454.69875pt>
File: ./img/SBT2.png Graphic file (type png)
 <use ./img/SBT2.png>
Overfull \hbox (6.31378pt too wide) in paragraph at lines 143--144
 [] 
 []

[6 <./img/SBT1.png>]
Overfull \hbox (6.69893pt too wide) in paragraph at lines 150--151
\OT1/cmr/m/n/10 toolk-it Ak-ka baster^^Ra sem-plice-mente speci-fi-care nel fil
e di con-fig-u-razione (\OT1/cmr/m/it/10 build.sbt\OT1/cmr/m/n/10 )
 []

<./img/build.png, id=190, 882.29625pt x 147.55125pt>
File: ./img/build.png Graphic file (type png)
 <use ./img/build.png>
Overfull \hbox (6.31378pt too wide) in paragraph at lines 154--155
 [] 
 []

[7 <./img/SBT2.png> <./img/build.png>]
<./img/Citta.png, id=198, 222.8325pt x 167.87718pt>
File: ./img/Citta.png Graphic file (type png)
 <use ./img/Citta.png>
<./img/Zone.png, id=199, 222.8325pt x 167.87718pt>
File: ./img/Zone.png Graphic file (type png)
 <use ./img/Zone.png>
[8] [9 <./img/Citta.png (PNG copy)> <./img/Zone.png (PNG copy)>]
<./img/Direzioni.png, id=210, 100.12407pt x 121.95563pt>
File: ./img/Direzioni.png Graphic file (type png)

<use ./img/Direzioni.png> [10 <./img/Direzioni.png (PNG copy)>] [11] [12]
[13] <./img/Semaforo1.png, id=232, 228.10219pt x 144.54pt>
File: ./img/Semaforo1.png Graphic file (type png)

<use ./img/Semaforo1.png>
<./img/Semaforo2.png, id=233, 284.56313pt x 143.78719pt>
File: ./img/Semaforo2.png Graphic file (type png)

<use ./img/Semaforo2.png> [14 <./img/Semaforo1.png>]
<./img/Semaforo3.png, id=240, 223.58531pt x 151.3153pt>
File: ./img/Semaforo3.png Graphic file (type png)

<use ./img/Semaforo3.png>
<./img/Semaforo4.png, id=241, 222.07968pt x 151.3153pt>
File: ./img/Semaforo4.png Graphic file (type png)

<use ./img/Semaforo4.png> [15 <./img/Semaforo2.png> <./img/Semaforo3.png>]
<./img/Semaforo5.png, id=249, 254.45062pt x 146.79843pt>
File: ./img/Semaforo5.png Graphic file (type png)

<use ./img/Semaforo5.png> [16 <./img/Semaforo4.png> <./img/Semaforo5.png>]
<./img/Strade2.png, id=257, 203.25937pt x 166.37157pt>
File: ./img/Strade2.png Graphic file (type png)
 <use ./img/Strade2.png>
[17 <./img/Strade2.png>]
Underfull \hbox (badness 10000) in paragraph at lines 383--385

 []

Missing character: There is no â in font cmr10!
Missing character: There is no € in font cmr10!
Missing character: There is no ¦ in font cmr10!
<./img/Protocollo.png, id=265, 325.215pt x 262.73157pt>
File: ./img/Protocollo.png Graphic file (type png)

<use ./img/Protocollo.png> [18]
Missing character: There is no Ã in font cmr10!
Missing character: There is no ¹ in font cmr10!
Missing character: There is no Ã in font cmr10!
Missing character: There is no   in font cmr10!

<./img/Schema2.png, id=271, 531.48563pt x 218.31563pt>
File: ./img/Schema2.png Graphic file (type png)
 <use ./img/Schema2.png>
Overfull \hbox (6.31378pt too wide) in paragraph at lines 407--408
 [] 
 []

[19 <./img/Protocollo.png>] [20 <./img/Schema2.png>]
Missing character: There is no Ã in font cmr10!
Missing character: There is no © in font cmr10!
Missing character: There is no Ã in font cmr10!
Missing character: There is no © in font cmr10!
 [21] [22]
LaTeX Font Info:    Try loading font information for OML+cmr on input line 483.


(/usr/share/texmf-texlive/tex/latex/base/omlcmr.fd
File: omlcmr.fd 1999/05/25 v2.5h Standard LaTeX font definitions
)
LaTeX Font Info:    Font shape `OML/cmr/m/n' in size <10> not available
(Font)              Font shape `OML/cmm/m/it' tried instead on input line 483.
 [23]
Underfull \hbox (badness 10000) in paragraph at lines 499--502

 []

[24]
Overfull \hbox (43.49081pt too wide) in paragraph at lines 525--526
[]\OT1/cmr/m/n/10 [4] Sis-te-mi Con-cor-ren-ti e Dis-tribuiti: \OT1/cmr/m/it/10
 http://www.math.unipd.it/$\OMS/cmsy/m/n/10 ^^X$\OT1/cmr/m/it/10 tullio/SCD/201
4/ 
 []

AED: lastpage setting LastPage [25] (./SCD.aux
! Missing \endcsname inserted.
<to be read again> 
                   \unhbox 
l.34 ...{a}}{{4}{9}{Citt\`{a}\relax }{figure.4}{}}
                                                  
? 
! Extra \endcsname.
\@newl@bel ... \bbl@tempa \csname #1@#2\endcsname 
                                                  \def \bbl@tempb {#3}\@safe...
l.34 ...{a}}{{4}{9}{Citt\`{a}\relax }{figure.4}{}}
                                                  
? 
)

LaTeX Warning: There were multiply-defined labels.

 ) 
Here is how much of TeX's memory you used:
 5092 strings out of 495061
 73593 string characters out of 1182622
 149992 words of memory out of 3000000
 8107 multiletter control sequences out of 15000+50000
 7658 words of font info for 27 fonts, out of 3000000 for 9000
 28 hyphenation exceptions out of 8191
 38i,13n,43p,1165b,424s stack positions out of 5000i,500n,10000p,200000b,50000s
</usr/share/texmf-texlive/fonts/type1/public/amsfonts/cm/cmbx10.pfb></usr/sha
re/texmf-texlive/fonts/type1/public/amsfonts/cm/cmbx12.pfb></usr/share/texmf-te
xlive/fonts/type1/public/amsfonts/cm/cmcsc10.pfb></usr/share/texmf-texlive/font
s/type1/public/amsfonts/cm/cmmi10.pfb></usr/share/texmf-texlive/fonts/type1/pub
lic/amsfonts/cm/cmr10.pfb></usr/share/texmf-texlive/fonts/type1/public/amsfonts
/cm/cmr12.pfb></usr/share/texmf-texlive/fonts/type1/public/amsfonts/cm/cmr17.pf
b></usr/share/texmf-texlive/fonts/type1/public/amsfonts/cm/cmsl10.pfb></usr/sha
re/texmf-texlive/fonts/type1/public/amsfonts/cm/cmssbx10.pfb></usr/share/texmf-
texlive/fonts/type1/public/amsfonts/cm/cmsy10.pfb></usr/share/texmf-texlive/fon
ts/type1/public/amsfonts/cm/cmti10.pfb>
Output written on SCD.pdf (27 pages, 614638 bytes).
PDF statistics:
 363 PDF objects out of 1000 (max. 8388607)
 63 named destinations out of 1000 (max. 500000)
 236 words of extra memory for PDF output out of 10000 (max. 10000000)

