#
# There is insufficient memory for the Java Runtime Environment to continue.
# Native memory allocation (mmap) failed to map 32768 bytes for committing reserved memory.
# Possible reasons:
#   The system is out of physical RAM or swap space
#   In 32 bit mode, the process size limit was hit
# Possible solutions:
#   Reduce memory load on the system
#   Increase physical memory or swap space
#   Check if swap backing store is full
#   Use 64 bit Java on a 64 bit OS
#   Decrease Java heap size (-Xmx/-Xms)
#   Decrease number of Java threads
#   Decrease Java thread stack sizes (-Xss)
#   Set larger code cache with -XX:ReservedCodeCacheSize=
# This output file may be truncated or incomplete.
#
#  Out of Memory Error (os_linux.cpp:2627), pid=6699, tid=1788869440
#
# JRE version: Java(TM) SE Runtime Environment (8.0_60-b27) (build 1.8.0_60-b27)
# Java VM: Java HotSpot(TM) Server VM (25.60-b23 mixed mode linux-x86 )
# Failed to write core dump. Core dumps have been disabled. To enable core dumping, try "ulimit -c unlimited" before starting Java again
#

---------------  T H R E A D  ---------------

Current thread (0x6aca3000):  JavaThread "C2 CompilerThread0" daemon [_thread_in_vm, id=6709, stack(0x6a97f000,0x6aa00000)]

Stack: [0x6a97f000,0x6aa00000],  sp=0x6a9fdd10,  free space=507k
Native frames: (J=compiled Java code, j=interpreted, Vv=VM code, C=native code)
V  [libjvm.so+0x8cd06f]  VMError::report_and_die()+0x16f
V  [libjvm.so+0x38bea5]  report_vm_out_of_memory(char const*, int, unsigned int, VMErrorType, char const*)+0x55
V  [libjvm.so+0x750e26]  os::Linux::commit_memory_impl(char*, unsigned int, bool)+0xe6
V  [libjvm.so+0x7512f8]  os::pd_commit_memory(char*, unsigned int, unsigned int, bool)+0x28
V  [libjvm.so+0x74b21c]  os::commit_memory(char*, unsigned int, unsigned int, bool)+0x2c
V  [libjvm.so+0x8c910c]  VirtualSpace::expand_by(unsigned int, bool)+0x1ec
V  [libjvm.so+0x4a18b5]  CodeHeap::expand_by(unsigned int)+0x65
V  [libjvm.so+0x31db52]  CodeCache::allocate(int, bool)+0x72
V  [libjvm.so+0x72420e]  nmethod::new_nmethod(methodHandle, int, int, CodeOffsets*, int, DebugInformationRecorder*, Dependencies*, CodeBuffer*, int, OopMapSet*, ExceptionHandlerTable*, ImplicitExceptionTable*, AbstractCompiler*, int)+0x1ae
V  [libjvm.so+0x2b4a5b]  ciEnv::register_method(ciMethod*, int, CodeOffsets*, int, CodeBuffer*, int, OopMapSet*, ExceptionHandlerTable*, ImplicitExceptionTable*, AbstractCompiler*, int, bool, bool, RTMState)+0x37b
V  [libjvm.so+0x33d515]  Compile::Compile(ciEnv*, C2Compiler*, ciMethod*, int, bool, bool, bool)+0x13c5
V  [libjvm.so+0x293704]  C2Compiler::compile_method(ciEnv*, ciMethod*, int)+0x1b4
V  [libjvm.so+0x347b51]  CompileBroker::invoke_compiler_on_method(CompileTask*)+0xda1
V  [libjvm.so+0x348967]  CompileBroker::compiler_thread_loop()+0x567
V  [libjvm.so+0x876578]  compiler_thread_entry(JavaThread*, Thread*)+0x18
V  [libjvm.so+0x880ae9]  JavaThread::thread_main_inner()+0x109
V  [libjvm.so+0x880c6b]  JavaThread::run()+0x14b
V  [libjvm.so+0x753469]  java_start(Thread*)+0x119
C  [libpthread.so.0+0x6d4c]  start_thread+0xcc
C  [libc.so.6+0xeedde]  clone+0x5e


Current CompileTask:
C2:  48559 7690       4       akka.dispatch.Mailbox::processMailbox (100 bytes)


---------------  P R O C E S S  ---------------

Java Threads: ( => current thread )
  0x6a859000 JavaThread "Priority-akka.actor.default-dispatcher-33" [_thread_blocked, id=7196, stack(0x62d34000,0x62d85000)]
  0x689ff800 JavaThread "Priority-akka.actor.default-dispatcher-32" [_thread_blocked, id=7179, stack(0x62d85000,0x62dd6000)]
  0x63e3e400 JavaThread "Priority-prio-dispatcher4-31" [_thread_in_vm, id=7174, stack(0x62dd6000,0x62e27000)]
  0x682cc400 JavaThread "Priority-prio-dispatcher4-25" [_thread_in_Java, id=7173, stack(0x62e27000,0x62e78000)]
  0x6dba1000 JavaThread "Priority-prio-dispatcher4-30" [_thread_in_Java, id=7172, stack(0x62e78000,0x62ec9000)]
  0x647b4000 JavaThread "Priority-prio-dispatcher4-29" [_thread_blocked, id=7171, stack(0x62ec9000,0x62f1a000)]
  0x672b5800 JavaThread "Priority-prio-dispatcher4-28" [_thread_in_Java, id=7170, stack(0x62f1a000,0x62f6b000)]
  0x09f06c00 JavaThread "Priority-prio-dispatcher4-27" [_thread_in_Java, id=7169, stack(0x62f6b000,0x62fbc000)]
  0x09f05800 JavaThread "Priority-prio-dispatcher4-26" [_thread_in_Java, id=7168, stack(0x62fbc000,0x6300d000)]
  0x09f04400 JavaThread "Priority-prio-dispatcher4-24" [_thread_in_Java, id=7167, stack(0x6300d000,0x6305e000)]
  0x68558400 JavaThread "Priority-prio-dispatcher4-23" [_thread_in_Java, id=7166, stack(0x6305e000,0x630af000)]
  0x09f03000 JavaThread "Priority-prio-dispatcher4-22" [_thread_in_Java, id=7165, stack(0x630af000,0x63100000)]
  0x09f02000 JavaThread "Priority-prio-dispatcher4-21" [_thread_in_Java, id=7164, stack(0x63f1a000,0x63f6b000)]
  0x6dbfc800 JavaThread "Priority-akka.actor.default-dispatcher-20" [_thread_blocked, id=7122, stack(0x63f6b000,0x63fbc000)]
  0x68128800 JavaThread "Priority-akka.actor.default-dispatcher-19" [_thread_blocked, id=7119, stack(0x64384000,0x643d5000)]
  0x6a856800 JavaThread "Hashed wheel timer #1" [_thread_blocked, id=7117, stack(0x6519c000,0x651ed000)]
  0x6dbce400 JavaThread "Priority-prio-dispatcher4-18" [_thread_in_Java, id=7116, stack(0x643d5000,0x64426000)]
  0x63e57800 JavaThread "Priority-akka.actor.default-dispatcher-17" [_thread_blocked, id=7115, stack(0x64b0d000,0x64b5e000)]
  0x6a851c00 JavaThread "Priority-akka.actor.default-dispatcher-16" [_thread_blocked, id=7112, stack(0x64b5e000,0x64baf000)]
  0x63e31000 JavaThread "Priority-akka.remote.default-remote-dispatcher-15" [_thread_blocked, id=7110, stack(0x64baf000,0x64c00000)]
  0x6dd9a800 JavaThread "New I/O server boss #6" [_thread_in_native, id=7102, stack(0x63fbc000,0x6400d000)]
  0x6dd9ec00 JavaThread "New I/O worker #5" [_thread_in_native, id=7099, stack(0x6400d000,0x6405e000)]
  0x6ddad400 JavaThread "New I/O worker #4" [_thread_in_native, id=7098, stack(0x6405e000,0x640af000)]
  0x6dd9b800 JavaThread "New I/O boss #3" [_thread_in_native, id=7097, stack(0x640af000,0x64100000)]
  0x6dd57400 JavaThread "New I/O worker #2" [_thread_in_native, id=7096, stack(0x6430d000,0x6435e000)]
  0x6dd59c00 JavaThread "New I/O worker #1" [_thread_in_native, id=7095, stack(0x6456b000,0x645bc000)]
  0x6a836c00 JavaThread "Priority-akka.remote.default-remote-dispatcher-7" [_thread_blocked, id=7094, stack(0x645bc000,0x6460d000)]
  0x6a833c00 JavaThread "Priority-akka.actor.default-dispatcher-6" [_thread_blocked, id=7093, stack(0x6460d000,0x6465e000)]
  0x64709800 JavaThread "Priority-akka.actor.default-dispatcher-5" [_thread_blocked, id=7092, stack(0x6465e000,0x646af000)]
  0x6a831c00 JavaThread "Priority-akka.actor.default-dispatcher-4" [_thread_blocked, id=7091, stack(0x646af000,0x64700000)]
  0x6470d800 JavaThread "Priority-akka.actor.default-dispatcher-3" [_thread_blocked, id=7090, stack(0x6484c000,0x6489d000)]
  0x6471c000 JavaThread "Priority-akka.actor.default-dispatcher-2" [_thread_blocked, id=7089, stack(0x6489d000,0x648ee000)]
  0x64c4e800 JavaThread "Priority-scheduler-1" [_thread_blocked, id=7086, stack(0x64d40000,0x64d91000)]
  0x6db00800 JavaThread "pool-4-thread-6" [_thread_blocked, id=7064, stack(0x66252000,0x662a3000)]
  0x6dd28c00 JavaThread "pool-4-thread-5" [_thread_blocked, id=7063, stack(0x6675e000,0x667af000)]
  0x65f6dc00 JavaThread "pool-4-thread-4" [_thread_blocked, id=7062, stack(0x667af000,0x66800000)]
  0x65f6d000 JavaThread "pool-4-thread-3" [_thread_blocked, id=7061, stack(0x6670d000,0x6675e000)]
  0x65f6c800 JavaThread "pool-4-thread-2" [_thread_blocked, id=7060, stack(0x66201000,0x66252000)]
  0x65f6c000 JavaThread "pool-4-thread-1" [_thread_blocked, id=7059, stack(0x656af000,0x65700000)]
  0x68ee5c00 JavaThread "process reaper" daemon [_thread_blocked, id=6976, stack(0x665af000,0x66600000)]
  0x69704000 JavaThread "process reaper" daemon [_thread_blocked, id=6768, stack(0x69a9d000,0x69ab6000)]
  0x6aca9800 JavaThread "Service Thread" daemon [_thread_blocked, id=6712, stack(0x6d92e000,0x6d97f000)]
  0x6aca6400 JavaThread "C1 CompilerThread2" daemon [_thread_blocked, id=6711, stack(0x6a4fe000,0x6a57f000)]
  0x6aca5000 JavaThread "C2 CompilerThread1" daemon [_thread_in_native, id=6710, stack(0x6a57f000,0x6a600000)]
=>0x6aca3000 JavaThread "C2 CompilerThread0" daemon [_thread_in_vm, id=6709, stack(0x6a97f000,0x6aa00000)]
  0x6aca1800 JavaThread "Signal Dispatcher" daemon [_thread_blocked, id=6708, stack(0x6dc2e000,0x6dc7f000)]
  0x6ac85800 JavaThread "Finalizer" daemon [_thread_blocked, id=6707, stack(0xae22e000,0xae27f000)]
  0x6ac84000 JavaThread "Reference Handler" daemon [_thread_blocked, id=6706, stack(0x6ab2e000,0x6ab7f000)]
  0xb6507400 JavaThread "main" [_thread_blocked, id=6700, stack(0xb66c4000,0xb6715000)]

Other Threads:
  0x6ac81000 VMThread [stack: 0x6ab7f000,0x6ac00000] [id=6705]
  0x6acc4c00 WatcherThread [stack: 0x6a47d000,0x6a4fe000] [id=6713]

VM state:not at safepoint (normal execution)

VM Mutex/Monitor currently owned by a thread:  ([mutex/lock_event])
[0xb6504018] CodeCache_lock - owner thread: 0x6aca3000
[0xb6505260] Compile_lock - owner thread: 0x6aca3000
[0xb6505330] MethodCompileQueue_lock - owner thread: 0x6aca3000

Heap:
 PSYoungGen      total 305920K, used 156048K [0x98cc0000, 0xae200000, 0xae200000)
  eden space 262400K, 59% used [0x98cc0000,0xa2524368,0xa8d00000)
  from space 43520K, 0% used [0xa8d00000,0xa8d00000,0xab780000)
  to   space 43520K, 0% used [0xab780000,0xab780000,0xae200000)
 ParOldGen       total 699136K, used 29855K [0x6e200000, 0x98cc0000, 0x98cc0000)
  object space 699136K, 4% used [0x6e200000,0x6ff27c60,0x98cc0000)
 Metaspace       used 47217K, capacity 47552K, committed 47616K, reserved 48432K

Card table byte_map: [0x6dfff000,0x6e200000] byte_map_base: 0x6dc8e000

Marking Bits: (ParMarkBitMap*) 0xb713f380
 Begin Bits: [0x6b800000, 0x6c800000)
 End Bits:   [0x6c800000, 0x6d800000)

Polling page: 0xb7738000

CodeCache: size=131072Kb used=12675Kb max_used=12675Kb free=118396Kb
 bounds [0xae500000, 0xaf170000, 0xb6500000]
 total_blobs=6856 nmethods=6626 adapters=138
 compilation: enabled

Compilation events (10 events):
Event: 48,130 Thread 0x6aca6400 7749       2       java.util.concurrent.TimeUnit$1::convert (6 bytes)
Event: 48,130 Thread 0x6aca6400 nmethod 7749 0xaf167a08 code [0xaf167b20, 0xaf167c0c]
Event: 48,137 Thread 0x6aca6400 7747       2       akka.actor.RootActorPath::equals (109 bytes)
Event: 48,138 Thread 0x6aca6400 nmethod 7747 0xaf167c88 code [0xaf167dc0, 0xaf167fd8]
Event: 48,138 Thread 0x6aca6400 7748       1       akka.actor.LocalRef$class::isLocal (2 bytes)
Event: 48,138 Thread 0x6aca6400 nmethod 7748 0xaf168148 code [0xaf168240, 0xaf1682c0]
Event: 48,138 Thread 0x6aca6400 7750       1       sun.nio.ch.SelectionKeyImpl::selector (5 bytes)
Event: 48,138 Thread 0x6aca6400 nmethod 7750 0xaf168308 code [0xaf168400, 0xaf1684a0]
Event: 48,273 Thread 0x6aca6400 7752       2       akka.actor.FSM$State::<init> (36 bytes)
Event: 48,274 Thread 0x6aca6400 nmethod 7752 0xaf168508 code [0xaf168600, 0xaf168720]

GC Heap History (10 events):
Event: 21,257 GC heap before
{Heap before GC invocations=5 (full 2):
 PSYoungGen      total 305920K, used 4392K [0x98cc0000, 0xae200000, 0xae200000)
  eden space 262400K, 1% used [0x98cc0000,0x9910a258,0xa8d00000)
  from space 43520K, 0% used [0xab780000,0xab780000,0xae200000)
  to   space 43520K, 0% used [0xa8d00000,0xa8d00000,0xab780000)
 ParOldGen       total 699136K, used 20322K [0x6e200000, 0x98cc0000, 0x98cc0000)
  object space 699136K, 2% used [0x6e200000,0x6f5d88f0,0x98cc0000)
 Metaspace       used 26398K, capacity 26648K, committed 26752K, reserved 26928K
Event: 21,269 GC heap after
Heap after GC invocations=5 (full 2):
 PSYoungGen      total 305920K, used 16K [0x98cc0000, 0xae200000, 0xae200000)
  eden space 262400K, 0% used [0x98cc0000,0x98cc0000,0xa8d00000)
  from space 43520K, 0% used [0xa8d00000,0xa8d04000,0xab780000)
  to   space 43520K, 0% used [0xab780000,0xab780000,0xae200000)
 ParOldGen       total 699136K, used 20322K [0x6e200000, 0x98cc0000, 0x98cc0000)
  object space 699136K, 2% used [0x6e200000,0x6f5d88f0,0x98cc0000)
 Metaspace       used 26398K, capacity 26648K, committed 26752K, reserved 26928K
}
Event: 21,269 GC heap before
{Heap before GC invocations=6 (full 3):
 PSYoungGen      total 305920K, used 16K [0x98cc0000, 0xae200000, 0xae200000)
  eden space 262400K, 0% used [0x98cc0000,0x98cc0000,0xa8d00000)
  from space 43520K, 0% used [0xa8d00000,0xa8d04000,0xab780000)
  to   space 43520K, 0% used [0xab780000,0xab780000,0xae200000)
 ParOldGen       total 699136K, used 20322K [0x6e200000, 0x98cc0000, 0x98cc0000)
  object space 699136K, 2% used [0x6e200000,0x6f5d88f0,0x98cc0000)
 Metaspace       used 26398K, capacity 26648K, committed 26752K, reserved 26928K
Event: 21,552 GC heap after
Heap after GC invocations=6 (full 3):
 PSYoungGen      total 305920K, used 0K [0x98cc0000, 0xae200000, 0xae200000)
  eden space 262400K, 0% used [0x98cc0000,0x98cc0000,0xa8d00000)
  from space 43520K, 0% used [0xa8d00000,0xa8d00000,0xab780000)
  to   space 43520K, 0% used [0xab780000,0xab780000,0xae200000)
 ParOldGen       total 699136K, used 10898K [0x6e200000, 0x98cc0000, 0x98cc0000)
  object space 699136K, 1% used [0x6e200000,0x6eca4af0,0x98cc0000)
 Metaspace       used 26398K, capacity 26648K, committed 26752K, reserved 26928K
}
Event: 36,498 GC heap before
{Heap before GC invocations=7 (full 3):
 PSYoungGen      total 305920K, used 262400K [0x98cc0000, 0xae200000, 0xae200000)
  eden space 262400K, 100% used [0x98cc0000,0xa8d00000,0xa8d00000)
  from space 43520K, 0% used [0xa8d00000,0xa8d00000,0xab780000)
  to   space 43520K, 0% used [0xab780000,0xab780000,0xae200000)
 ParOldGen       total 699136K, used 10898K [0x6e200000, 0x98cc0000, 0x98cc0000)
  object space 699136K, 1% used [0x6e200000,0x6eca4af0,0x98cc0000)
 Metaspace       used 36817K, capacity 37165K, committed 37248K, reserved 38192K
Event: 36,645 GC heap after
Heap after GC invocations=7 (full 3):
 PSYoungGen      total 305920K, used 23358K [0x98cc0000, 0xae200000, 0xae200000)
  eden space 262400K, 0% used [0x98cc0000,0x98cc0000,0xa8d00000)
  from space 43520K, 53% used [0xab780000,0xace4f8c8,0xae200000)
  to   space 43520K, 0% used [0xa8d00000,0xa8d00000,0xab780000)
 ParOldGen       total 699136K, used 10966K [0x6e200000, 0x98cc0000, 0x98cc0000)
  object space 699136K, 1% used [0x6e200000,0x6ecb5b00,0x98cc0000)
 Metaspace       used 36817K, capacity 37165K, committed 37248K, reserved 38192K
}
Event: 39,815 GC heap before
{Heap before GC invocations=8 (full 3):
 PSYoungGen      total 305920K, used 93872K [0x98cc0000, 0xae200000, 0xae200000)
  eden space 262400K, 26% used [0x98cc0000,0x9d19cac0,0xa8d00000)
  from space 43520K, 53% used [0xab780000,0xace4f8c8,0xae200000)
  to   space 43520K, 0% used [0xa8d00000,0xa8d00000,0xab780000)
 ParOldGen       total 699136K, used 10966K [0x6e200000, 0x98cc0000, 0x98cc0000)
  object space 699136K, 1% used [0x6e200000,0x6ecb5b00,0x98cc0000)
 Metaspace       used 44226K, capacity 44523K, committed 44588K, reserved 45360K
Event: 39,930 GC heap after
Heap after GC invocations=8 (full 3):
 PSYoungGen      total 305920K, used 22965K [0x98cc0000, 0xae200000, 0xae200000)
  eden space 262400K, 0% used [0x98cc0000,0x98cc0000,0xa8d00000)
  from space 43520K, 52% used [0xa8d00000,0xaa36d7e8,0xab780000)
  to   space 43520K, 0% used [0xab780000,0xab780000,0xae200000)
 ParOldGen       total 699136K, used 10970K [0x6e200000, 0x98cc0000, 0x98cc0000)
  object space 699136K, 1% used [0x6e200000,0x6ecb6b00,0x98cc0000)
 Metaspace       used 44226K, capacity 44523K, committed 44588K, reserved 45360K
}
Event: 39,931 GC heap before
{Heap before GC invocations=9 (full 4):
 PSYoungGen      total 305920K, used 22965K [0x98cc0000, 0xae200000, 0xae200000)
  eden space 262400K, 0% used [0x98cc0000,0x98cc0000,0xa8d00000)
  from space 43520K, 52% used [0xa8d00000,0xaa36d7e8,0xab780000)
  to   space 43520K, 0% used [0xab780000,0xab780000,0xae200000)
 ParOldGen       total 699136K, used 10970K [0x6e200000, 0x98cc0000, 0x98cc0000)
  object space 699136K, 1% used [0x6e200000,0x6ecb6b00,0x98cc0000)
 Metaspace       used 44226K, capacity 44523K, committed 44588K, reserved 45360K
Event: 40,373 GC heap after
Heap after GC invocations=9 (full 4):
 PSYoungGen      total 305920K, used 0K [0x98cc0000, 0xae200000, 0xae200000)
  eden space 262400K, 0% used [0x98cc0000,0x98cc0000,0xa8d00000)
  from space 43520K, 0% used [0xa8d00000,0xa8d00000,0xab780000)
  to   space 43520K, 0% used [0xab780000,0xab780000,0xae200000)
 ParOldGen       total 699136K, used 29855K [0x6e200000, 0x98cc0000, 0x98cc0000)
  object space 699136K, 4% used [0x6e200000,0x6ff27c60,0x98cc0000)
 Metaspace       used 44226K, capacity 44523K, committed 44588K, reserved 45360K
}

Deoptimization events (10 events):
Event: 43,761 Thread 0x6dbce400 Uncommon trap: reason=predicate action=maybe_recompile pc=0xaf08c210 method=scala.collection.mutable.ResizableArray$class.foreach(Lscala/collection/mutable/ResizableArray;Lscala/Function1;)V @ 14
Event: 43,841 Thread 0x6dbce400 Uncommon trap: reason=predicate action=maybe_recompile pc=0xaf072174 method=scala.collection.mutable.ResizableArray$class.foreach(Lscala/collection/mutable/ResizableArray;Lscala/Function1;)V @ 14
Event: 45,923 Thread 0x672b5800 Uncommon trap: reason=unstable_if action=reinterpret pc=0xaf11a854 method=scala.concurrent.forkjoin.ForkJoinPool.signalWork(Lscala/concurrent/forkjoin/ForkJoinPool$WorkQueue;)V @ 141
Event: 45,923 Thread 0x6dbce400 Uncommon trap: reason=unstable_if action=reinterpret pc=0xaeeb3d40 method=scala.concurrent.forkjoin.ForkJoinPool.scan(Lscala/concurrent/forkjoin/ForkJoinPool$WorkQueue;)Lscala/concurrent/forkjoin/ForkJoinTask; @ 177
Event: 45,925 Thread 0x09f04400 Uncommon trap: reason=unstable_if action=reinterpret pc=0xaeeb3d64 method=scala.concurrent.forkjoin.ForkJoinPool.scan(Lscala/concurrent/forkjoin/ForkJoinPool$WorkQueue;)Lscala/concurrent/forkjoin/ForkJoinTask; @ 182
Event: 45,947 Thread 0x682cc400 Uncommon trap: reason=unstable_if action=reinterpret pc=0xaea3a080 method=scala.concurrent.forkjoin.ForkJoinPool.scan(Lscala/concurrent/forkjoin/ForkJoinPool$WorkQueue;)Lscala/concurrent/forkjoin/ForkJoinTask; @ 177
Event: 46,651 Thread 0x09f03000 Uncommon trap: reason=unstable_if action=reinterpret pc=0xaf1416d8 method=scala.concurrent.forkjoin.ForkJoinPool.scan(Lscala/concurrent/forkjoin/ForkJoinPool$WorkQueue;)Lscala/concurrent/forkjoin/ForkJoinTask; @ 187
Event: 46,749 Thread 0x6dba1000 Uncommon trap: reason=unstable_if action=reinterpret pc=0xaf1474c0 method=java.util.concurrent.PriorityBlockingQueue.siftDownUsingComparator(ILjava/lang/Object;[Ljava/lang/Object;ILjava/util/Comparator;)V @ 1
Event: 46,821 Thread 0x09f04400 Uncommon trap: reason=unstable_if action=reinterpret pc=0xaf150280 method=scala.concurrent.forkjoin.ForkJoinPool.signalWork(Lscala/concurrent/forkjoin/ForkJoinPool$WorkQueue;)V @ 111
Event: 47,289 Thread 0x6a836c00 Uncommon trap: reason=unstable_if action=reinterpret pc=0xaf1598e8 method=scala.concurrent.forkjoin.ForkJoinPool.scan(Lscala/concurrent/forkjoin/ForkJoinPool$WorkQueue;)Lscala/concurrent/forkjoin/ForkJoinTask; @ 630

Internal exceptions (10 events):
Event: 41,552 Thread 0x6dbce400 Exception <a 'java/lang/ClassNotFoundException': java/rmi> (0x9a5dd510) thrown at [/HUDSON3/workspace/8-2-build-linux-i586/jdk8u60/4407/hotspot/src/share/vm/classfile/systemDictionary.cpp, line 210]
Event: 41,552 Thread 0x6dbce400 Exception <a 'java/lang/ClassNotFoundException': java/rmi/package> (0x9a5de608) thrown at [/HUDSON3/workspace/8-2-build-linux-i586/jdk8u60/4407/hotspot/src/share/vm/classfile/systemDictionary.cpp, line 210]
Event: 41,635 Thread 0x6dbce400 Exception <a 'java/lang/ClassNotFoundException': scala/reflect/ScalaSignature> (0x9a652b98) thrown at [/HUDSON3/workspace/8-2-build-linux-i586/jdk8u60/4407/hotspot/src/share/vm/classfile/systemDictionary.cpp, line 210]
Event: 41,635 Thread 0x6dbce400 Exception <a 'java/lang/ClassNotFoundException': scala/reflect/ScalaLongSignature> (0x9a653200) thrown at [/HUDSON3/workspace/8-2-build-linux-i586/jdk8u60/4407/hotspot/src/share/vm/classfile/systemDictionary.cpp, line 210]
Event: 41,649 Thread 0x6dbce400 Exception <a 'java/lang/ClassNotFoundException': java/lang/ref> (0x9a681e68) thrown at [/HUDSON3/workspace/8-2-build-linux-i586/jdk8u60/4407/hotspot/src/share/vm/classfile/systemDictionary.cpp, line 210]
Event: 41,649 Thread 0x6dbce400 Exception <a 'java/lang/ClassNotFoundException': java/lang/ref/package> (0x9a6830e0) thrown at [/HUDSON3/workspace/8-2-build-linux-i586/jdk8u60/4407/hotspot/src/share/vm/classfile/systemDictionary.cpp, line 210]
Event: 42,601 Thread 0x6dbce400 Exception <a 'java/lang/ClassNotFoundException': java/lang/invoke> (0x9ad3f750) thrown at [/HUDSON3/workspace/8-2-build-linux-i586/jdk8u60/4407/hotspot/src/share/vm/classfile/systemDictionary.cpp, line 210]
Event: 42,617 Thread 0x6dbce400 Exception <a 'java/lang/ClassNotFoundException': java/lang/invoke/package> (0x9ad409d8) thrown at [/HUDSON3/workspace/8-2-build-linux-i586/jdk8u60/4407/hotspot/src/share/vm/classfile/systemDictionary.cpp, line 210]
Event: 43,098 Thread 0x6dbce400 Exception <a 'java/lang/ClassNotFoundException': java/lang/annotation> (0x9b0cf228) thrown at [/HUDSON3/workspace/8-2-build-linux-i586/jdk8u60/4407/hotspot/src/share/vm/classfile/systemDictionary.cpp, line 210]
Event: 43,098 Thread 0x6dbce400 Exception <a 'java/lang/ClassNotFoundException': java/lang/annotation/package> (0x9b0d0458) thrown at [/HUDSON3/workspace/8-2-build-linux-i586/jdk8u60/4407/hotspot/src/share/vm/classfile/systemDictionary.cpp, line 210]

Events (10 events):
Event: 46,749 Thread 0x6dba1000 Uncommon trap: trap_request=0xffffff65 fr.pc=0xaf1474c0
Event: 46,749 Thread 0x6dba1000 DEOPT PACKING pc=0xaf1474c0 sp=0x62ec7cb0
Event: 46,749 Thread 0x6dba1000 DEOPT UNPACKING pc=0xae53abd5 sp=0x62ec7af8 mode 2
Event: 46,821 Thread 0x09f04400 Uncommon trap: trap_request=0xffffff65 fr.pc=0xaf150280
Event: 46,821 Thread 0x09f04400 DEOPT PACKING pc=0xaf150280 sp=0x6305ca30
Event: 46,821 Thread 0x09f04400 DEOPT UNPACKING pc=0xae53abd5 sp=0x6305c8a4 mode 2
Event: 47,289 Thread 0x6a836c00 Uncommon trap: trap_request=0xffffff65 fr.pc=0xaf1598e8
Event: 47,289 Thread 0x6a836c00 DEOPT PACKING pc=0xaf1598e8 sp=0x6460baa0
Event: 47,289 Thread 0x6a836c00 DEOPT UNPACKING pc=0xae53abd5 sp=0x6460ba64 mode 2
Event: 47,773 Thread 0x6a859000 Thread added: 0x6a859000


Dynamic libraries:
08048000-08049000 r-xp 00000000 08:12 6948843    /usr/lib/jvm/java-8-oracle/jre/bin/java
08049000-0804a000 rw-p 00000000 08:12 6948843    /usr/lib/jvm/java-8-oracle/jre/bin/java
09c78000-09f14000 rw-p 00000000 00:00 0          [heap]
62d34000-62d37000 ---p 00000000 00:00 0 
62d37000-62d85000 rw-p 00000000 00:00 0 
62d85000-62d88000 ---p 00000000 00:00 0 
62d88000-62dd6000 rw-p 00000000 00:00 0 
62dd6000-62dd9000 ---p 00000000 00:00 0 
62dd9000-62e27000 rw-p 00000000 00:00 0 
62e27000-62e2a000 ---p 00000000 00:00 0 
62e2a000-62e78000 rw-p 00000000 00:00 0 
62e78000-62e7b000 ---p 00000000 00:00 0 
62e7b000-62ec9000 rw-p 00000000 00:00 0 
62ec9000-62ecc000 ---p 00000000 00:00 0 
62ecc000-62f1a000 rw-p 00000000 00:00 0 
62f1a000-62f1d000 ---p 00000000 00:00 0 
62f1d000-62f6b000 rw-p 00000000 00:00 0 
62f6b000-62f6e000 ---p 00000000 00:00 0 
62f6e000-62fbc000 rw-p 00000000 00:00 0 
62fbc000-62fbf000 ---p 00000000 00:00 0 
62fbf000-6300d000 rw-p 00000000 00:00 0 
6300d000-63010000 ---p 00000000 00:00 0 
63010000-6305e000 rw-p 00000000 00:00 0 
6305e000-63061000 ---p 00000000 00:00 0 
63061000-630af000 rw-p 00000000 00:00 0 
630af000-630b2000 ---p 00000000 00:00 0 
630b2000-63140000 rw-p 00000000 00:00 0 
63140000-63200000 ---p 00000000 00:00 0 
63200000-63300000 rw-p 00000000 00:00 0 
63300000-63400000 rw-p 00000000 00:00 0 
63400000-63464000 rw-p 00000000 00:00 0 
63464000-63500000 ---p 00000000 00:00 0 
63500000-63600000 rw-p 00000000 00:00 0 
63600000-63700000 rw-p 00000000 00:00 0 
63700000-63800000 rw-p 00000000 00:00 0 
63800000-63900000 rw-p 00000000 00:00 0 
63900000-63a00000 rw-p 00000000 00:00 0 
63a00000-63b00000 rw-p 00000000 00:00 0 
63b00000-63c00000 rw-p 00000000 00:00 0 
63c00000-63d00000 rw-p 00000000 00:00 0 
63d00000-63e00000 rw-p 00000000 00:00 0 
63e00000-63eff000 rw-p 00000000 00:00 0 
63eff000-63f00000 ---p 00000000 00:00 0 
63f1a000-63f1d000 ---p 00000000 00:00 0 
63f1d000-63f6b000 rw-p 00000000 00:00 0 
63f6b000-63f6e000 ---p 00000000 00:00 0 
63f6e000-63fbc000 rw-p 00000000 00:00 0 
63fbc000-63fbf000 ---p 00000000 00:00 0 
63fbf000-6400d000 rw-p 00000000 00:00 0 
6400d000-64010000 ---p 00000000 00:00 0 
64010000-6405e000 rw-p 00000000 00:00 0 
6405e000-64061000 ---p 00000000 00:00 0 
64061000-640af000 rw-p 00000000 00:00 0 
640af000-640b2000 ---p 00000000 00:00 0 
640b2000-64200000 rw-p 00000000 00:00 0 
64200000-64251000 rw-p 00000000 00:00 0 
64251000-64300000 ---p 00000000 00:00 0 
6430d000-64310000 ---p 00000000 00:00 0 
64310000-6435e000 rw-p 00000000 00:00 0 
64384000-64387000 ---p 00000000 00:00 0 
64387000-643d5000 rw-p 00000000 00:00 0 
643d5000-643d8000 ---p 00000000 00:00 0 
643d8000-64526000 rw-p 00000000 00:00 0 
6456b000-6456e000 ---p 00000000 00:00 0 
6456e000-645bc000 rw-p 00000000 00:00 0 
645bc000-645bf000 ---p 00000000 00:00 0 
645bf000-6460d000 rw-p 00000000 00:00 0 
6460d000-64610000 ---p 00000000 00:00 0 
64610000-6465e000 rw-p 00000000 00:00 0 
6465e000-64661000 ---p 00000000 00:00 0 
64661000-646af000 rw-p 00000000 00:00 0 
646af000-646b2000 ---p 00000000 00:00 0 
646b2000-64700000 rw-p 00000000 00:00 0 
64700000-647e1000 rw-p 00000000 00:00 0 
647e1000-64800000 ---p 00000000 00:00 0 
6484c000-6484f000 ---p 00000000 00:00 0 
6484f000-6489d000 rw-p 00000000 00:00 0 
6489d000-648a0000 ---p 00000000 00:00 0 
648a0000-649ee000 rw-p 00000000 00:00 0 
649ee000-64aee000 rw-p 00000000 00:00 0 
64b0d000-64b10000 ---p 00000000 00:00 0 
64b10000-64b5e000 rw-p 00000000 00:00 0 
64b5e000-64b61000 ---p 00000000 00:00 0 
64b61000-64baf000 rw-p 00000000 00:00 0 
64baf000-64bb2000 ---p 00000000 00:00 0 
64bb2000-64c00000 rw-p 00000000 00:00 0 
64c00000-64d00000 rw-p 00000000 00:00 0 
64d37000-64d3f000 r-xp 00000000 08:12 6825177    /usr/lib/jvm/java-8-oracle/jre/lib/i386/libmanagement.so
64d3f000-64d40000 rw-p 00007000 08:12 6825177    /usr/lib/jvm/java-8-oracle/jre/lib/i386/libmanagement.so
64d40000-64d43000 ---p 00000000 00:00 0 
64d43000-64e91000 rw-p 00000000 00:00 0 
64e91000-64f91000 rw-p 00000000 00:00 0 
64f91000-64faa000 r--s 00167000 08:12 3408569    /home/marco/.ivy2/cache/com.assembla.scala-incubator/graph-core_2.11/jars/graph-core_2.11-1.9.4.jar
64faa000-64fac000 r--s 0000a000 08:12 3408381    /home/marco/Scaricati/activator-dist-1.3.5/repository/org.uncommons.maths/uncommons-maths/1.2.2a/jars/uncommons-maths.jar
64fac000-64fb4000 r--s 0007b000 08:12 4066788    /home/marco/.ivy2/cache/com.google.protobuf/protobuf-java/bundles/protobuf-java-2.5.0.jar
64fb4000-64fcc000 r--s 00115000 08:12 3542049    /home/marco/Scaricati/activator-dist-1.3.5/repository/io.netty/netty/3.8.0.Final/bundles/netty.jar
64fcc000-64fe1000 r--s 0012f000 08:12 4063347    /home/marco/.ivy2/cache/com.typesafe.akka/akka-remote_2.11/jars/akka-remote_2.11-2.3.5.jar
64fe1000-64ff1000 r--s 000f0000 08:12 4063344    /home/marco/.ivy2/cache/com.typesafe.akka/akka-cluster_2.11/jars/akka-cluster_2.11-2.3.5.jar
64ff1000-65016000 r--s 00247000 08:12 3805000    /home/marco/.ivy2/cache/org.scalafx/scalafx_2.11/jars/scalafx_2.11-8.0.40-R8.jar
65016000-65020000 r--s 00095000 08:12 3540717    /home/marco/Scaricati/activator-dist-1.3.5/repository/org.scala-lang.modules/scala-xml_2.11/1.0.2/bundles/scala-xml_2.11.jar
65020000-65025000 r--s 0003f000 08:12 3542348    /home/marco/Scaricati/activator-dist-1.3.5/repository/com.typesafe/config/1.3.0/bundles/config.jar
65025000-65050000 r--s 002ca000 08:12 4063349    /home/marco/.ivy2/cache/com.typesafe.akka/akka-actor_2.11/jars/akka-actor_2.11-2.4-SNAPSHOT.jar
65050000-65150000 rw-p 00000000 00:00 0 
65150000-6519c000 r--s 00412000 08:12 3672793    /home/marco/.ivy2/cache/org.scala-lang/scala-reflect/jars/scala-reflect-2.11.7.jar
6519c000-6519f000 ---p 00000000 00:00 0 
6519f000-651ed000 rw-p 00000000 00:00 0 
651ed000-652f3000 r--s 00d84000 08:12 3672792    /home/marco/.ivy2/cache/org.scala-lang/scala-compiler/jars/scala-compiler-2.11.7.jar
652f3000-6534b000 r--s 00523000 08:12 3672791    /home/marco/.ivy2/cache/org.scala-lang/scala-library/jars/scala-library-2.11.7.jar
6534b000-6544b000 rw-p 00000000 00:00 0 
6544b000-6554b000 rw-p 00000000 00:00 0 
6554b000-655af000 r--s 003e8000 08:12 3410922    /home/marco/Scaricati/activator-dist-1.3.5/repository/org.scalaz/scalaz-core_2.10/6.0.4/jars/scalaz-core_2.10.jar
655af000-656af000 rw-p 00000000 00:00 0 
656af000-656b2000 ---p 00000000 00:00 0 
656b2000-65800000 rw-p 00000000 00:00 0 
65800000-659a0000 rw-p 00000000 00:00 0 
659a0000-65a00000 ---p 00000000 00:00 0 
65a00000-65bfe000 rw-p 00000000 00:00 0 
65bfe000-65c00000 ---p 00000000 00:00 0 
65c00000-65d00000 rw-p 00000000 00:00 0 
65d00000-65dff000 rw-p 00000000 00:00 0 
65dff000-65e00000 ---p 00000000 00:00 0 
65e00000-65ef9000 rw-p 00000000 00:00 0 
65ef9000-65f00000 ---p 00000000 00:00 0 
65f00000-65ffe000 rw-p 00000000 00:00 0 
65ffe000-66000000 ---p 00000000 00:00 0 
66000000-660c1000 rw-p 00000000 00:00 0 
660c1000-66100000 ---p 00000000 00:00 0 
66100000-661fe000 rw-p 00000000 00:00 0 
661fe000-66200000 ---p 00000000 00:00 0 
66201000-66204000 ---p 00000000 00:00 0 
66204000-66252000 rw-p 00000000 00:00 0 
66252000-66255000 ---p 00000000 00:00 0 
66255000-663a3000 rw-p 00000000 00:00 0 
663a3000-6649d000 rw-p 00000000 00:00 0 
6649d000-664a3000 ---p 00000000 00:00 0 
664a4000-664af000 r--s 0005d000 08:12 3935839    /home/marco/.ivy2/cache/org.scala-lang.modules/scala-parser-combinators_2.11/bundles/scala-parser-combinators_2.11-1.0.4.jar
664af000-665af000 rw-p 00000000 00:00 0 
665af000-665b2000 ---p 00000000 00:00 0 
665b2000-66600000 rw-p 00000000 00:00 0 
66600000-666fc000 rw-p 00000000 00:00 0 
666fc000-66700000 ---p 00000000 00:00 0 
66702000-6670d000 r--s 00094000 08:12 4067853    /home/marco/.ivy2/cache/org.scala-lang.modules/scala-xml_2.11/bundles/scala-xml_2.11-1.0.4.jar
6670d000-66710000 ---p 00000000 00:00 0 
66710000-6675e000 rw-p 00000000 00:00 0 
6675e000-66761000 ---p 00000000 00:00 0 
66761000-667af000 rw-p 00000000 00:00 0 
667af000-667b2000 ---p 00000000 00:00 0 
667b2000-66800000 rw-p 00000000 00:00 0 
66800000-669e0000 rw-p 00000000 00:00 0 
669e0000-66a00000 ---p 00000000 00:00 0 
66a00000-66c00000 rw-p 00000000 00:00 0 
66c00000-66cf9000 rw-p 00000000 00:00 0 
66cf9000-66d00000 ---p 00000000 00:00 0 
66d00000-66dd7000 rw-p 00000000 00:00 0 
66dd7000-66e00000 ---p 00000000 00:00 0 
66e00000-66eff000 rw-p 00000000 00:00 0 
66eff000-66f00000 ---p 00000000 00:00 0 
66f00000-67000000 rw-p 00000000 00:00 0 
67000000-67100000 rw-p 00000000 00:00 0 
67100000-671c1000 rw-p 00000000 00:00 0 
671c1000-67200000 ---p 00000000 00:00 0 
67200000-672fb000 rw-p 00000000 00:00 0 
672fb000-67300000 ---p 00000000 00:00 0 
67300000-673fb000 rw-p 00000000 00:00 0 
673fb000-67400000 ---p 00000000 00:00 0 
67400000-67500000 rw-p 00000000 00:00 0 
67500000-67600000 rw-p 00000000 00:00 0 
67600000-676d9000 rw-p 00000000 00:00 0 
676d9000-67700000 ---p 00000000 00:00 0 
67700000-67800000 rw-p 00000000 00:00 0 
67800000-678fb000 rw-p 00000000 00:00 0 
678fb000-67900000 ---p 00000000 00:00 0 
67900000-679ff000 rw-p 00000000 00:00 0 
679ff000-67a00000 ---p 00000000 00:00 0 
67a00000-67ae9000 rw-p 00000000 00:00 0 
67ae9000-67b00000 ---p 00000000 00:00 0 
67b00000-67c00000 rw-p 00000000 00:00 0 
67c00000-67d00000 rw-p 00000000 00:00 0 
67d00000-67de1000 rw-p 00000000 00:00 0 
67de1000-67e00000 ---p 00000000 00:00 0 
67e00000-67efb000 rw-p 00000000 00:00 0 
67efb000-67f00000 ---p 00000000 00:00 0 
67f00000-67ffe000 rw-p 00000000 00:00 0 
67ffe000-68000000 ---p 00000000 00:00 0 
68000000-68100000 rw-p 00000000 00:00 0 
68100000-681e3000 rw-p 00000000 00:00 0 
681e3000-68200000 ---p 00000000 00:00 0 
68200000-682e4000 rw-p 00000000 00:00 0 
682e4000-68300000 ---p 00000000 00:00 0 
68300000-683f5000 rw-p 00000000 00:00 0 
683f5000-68400000 ---p 00000000 00:00 0 
68400000-684ed000 rw-p 00000000 00:00 0 
684ed000-68500000 ---p 00000000 00:00 0 
68500000-685f8000 rw-p 00000000 00:00 0 
685f8000-68600000 ---p 00000000 00:00 0 
68600000-686fc000 rw-p 00000000 00:00 0 
686fc000-68700000 ---p 00000000 00:00 0 
68700000-687fc000 rw-p 00000000 00:00 0 
687fc000-68800000 ---p 00000000 00:00 0 
68800000-688e0000 rw-p 00000000 00:00 0 
688e0000-68900000 ---p 00000000 00:00 0 
68900000-68afc000 rw-p 00000000 00:00 0 
68afc000-68b00000 ---p 00000000 00:00 0 
68b00000-68c00000 rw-p 00000000 00:00 0 
68c00000-68d00000 rw-p 00000000 00:00 0 
68d00000-68e00000 rw-p 00000000 00:00 0 
68e00000-68efe000 rw-p 00000000 00:00 0 
68efe000-68f00000 ---p 00000000 00:00 0 
68f00000-69000000 rw-p 00000000 00:00 0 
69000000-690fe000 rw-p 00000000 00:00 0 
690fe000-69100000 ---p 00000000 00:00 0 
69100000-691ef000 rw-p 00000000 00:00 0 
691ef000-69200000 ---p 00000000 00:00 0 
69200000-69300000 rw-p 00000000 00:00 0 
69300000-693fe000 rw-p 00000000 00:00 0 
693fe000-69400000 ---p 00000000 00:00 0 
69400000-69500000 rw-p 00000000 00:00 0 
69500000-69600000 rw-p 00000000 00:00 0 
69600000-69700000 rw-p 00000000 00:00 0 
69700000-69800000 rw-p 00000000 00:00 0 
69800000-69900000 rw-p 00000000 00:00 0 
69900000-699fc000 rw-p 00000000 00:00 0 
699fc000-69a00000 ---p 00000000 00:00 0 
69a02000-69a06000 r--s 00031000 08:12 3672645    /home/marco/.ivy2/cache/jline/jline/jars/jline-2.12.1.jar
69a06000-69a0d000 r--s 0003c000 08:12 4067492    /home/marco/.ivy2/cache/scala_2.10/sbt_0.13/com.typesafe.sbteclipse/sbteclipse-core/jars/sbteclipse-core-2.2.0.jar
69a0d000-69a20000 r--s 00344000 08:12 6825257    /usr/lib/jvm/java-8-oracle/jre/lib/resources.jar
69a20000-69a99000 r--s 010e2000 08:12 6819668    /usr/lib/jvm/java-8-oracle/lib/tools.jar
69a99000-69a9d000 r--s 00095000 08:12 6825080    /usr/lib/jvm/java-8-oracle/jre/lib/jsse.jar
69a9d000-69aa0000 ---p 00000000 00:00 0 
69aa0000-69ab6000 rw-p 00000000 00:00 0 
69ab6000-69ac0000 r--s 00116000 08:12 6948817    /usr/lib/jvm/java-8-oracle/jre/lib/ext/localedata.jar
69ac0000-69bc0000 rw-p 00000000 00:00 0 
69bc0000-69bc7000 r--s 00000000 08:12 4207080    /usr/lib/i386-linux-gnu/gconv/gconv-modules.cache
69bc7000-69beb000 r--p 00000000 08:12 4599130    /usr/share/locale-langpack/it/LC_MESSAGES/libc.mo
69beb000-69c00000 r--s 00101000 08:12 3412225    /home/marco/.sbt/boot/scala-2.10.5/org.scala-sbt/sbt/0.13.9/ivy-2.3.0-sbt-c5d1b95fdcc1e1007740ffbecf4eb07abc51ec93.jar
69c00000-69d00000 rw-p 00000000 00:00 0 
69d00000-69e00000 rw-p 00000000 00:00 0 
69e00000-69f00000 rw-p 00000000 00:00 0 
69f00000-69ff9000 rw-p 00000000 00:00 0 
69ff9000-6a000000 ---p 00000000 00:00 0 
6a000000-6a0f6000 rw-p 00000000 00:00 0 
6a0f6000-6a100000 ---p 00000000 00:00 0 
6a100000-6a200000 rw-p 00000000 00:00 0 
6a202000-6a300000 r--s 00cd0000 08:12 3412254    /home/marco/.sbt/boot/scala-2.10.5/lib/scala-compiler.jar
6a300000-6a400000 rw-p 00000000 00:00 0 
6a400000-6a402000 r--s 00001000 08:12 4067490    /home/marco/.ivy2/cache/scala_2.10/sbt_0.13/com.typesafe.sbteclipse/sbteclipse-plugin/jars/sbteclipse-plugin-2.2.0.jar
6a402000-6a404000 r--s 0000b000 08:12 3412224    /home/marco/.sbt/boot/scala-2.10.5/org.scala-sbt/sbt/0.13.9/xsbti/interface-0.13.9.jar
6a404000-6a40b000 r--s 0004b000 08:12 3412234    /home/marco/.sbt/boot/scala-2.10.5/org.scala-sbt/sbt/0.13.9/serialization_2.10-0.1.1.jar
6a40b000-6a47d000 r--s 0065b000 08:12 3412251    /home/marco/.sbt/boot/scala-2.10.5/lib/scala-library.jar
6a47d000-6a47e000 ---p 00000000 00:00 0 
6a47e000-6a4fe000 rw-p 00000000 00:00 0 
6a4fe000-6a501000 ---p 00000000 00:00 0 
6a501000-6a57f000 rw-p 00000000 00:00 0 
6a57f000-6a582000 ---p 00000000 00:00 0 
6a582000-6a600000 rw-p 00000000 00:00 0 
6a600000-6a800000 r--p 00000000 08:12 4201162    /usr/lib/locale/locale-archive
6a800000-6a865000 rw-p 00000000 00:00 0 
6a865000-6a900000 ---p 00000000 00:00 0 
6a901000-6a903000 r--s 00012000 08:12 3412208    /home/marco/.sbt/boot/scala-2.10.5/org.scala-sbt/sbt/0.13.9/jawn-parser_2.10-0.6.0.jar
6a903000-6a90c000 r--s 0006e000 08:12 3412216    /home/marco/.sbt/boot/scala-2.10.5/org.scala-sbt/sbt/0.13.9/actions-0.13.9.jar
6a90c000-6a90f000 r--s 0001e000 08:12 3412243    /home/marco/.sbt/boot/scala-2.10.5/org.scala-sbt/sbt/0.13.9/run-0.13.9.jar
6a90f000-6a911000 r--s 00017000 08:12 3412196    /home/marco/.sbt/boot/scala-2.10.5/org.scala-sbt/sbt/0.13.9/testing-0.13.9.jar
6a911000-6a913000 r--s 00001000 08:12 3412204    /home/marco/.sbt/boot/scala-2.10.5/org.scala-sbt/sbt/0.13.9/compiler-ivy-integration-0.13.9.jar
6a913000-6a915000 r--s 0000b000 08:12 3412195    /home/marco/.sbt/boot/scala-2.10.5/org.scala-sbt/sbt/0.13.9/tracking-0.13.9.jar
6a915000-6a94a000 r--s 002da000 08:12 3412236    /home/marco/.sbt/boot/scala-2.10.5/org.scala-sbt/sbt/0.13.9/scala-reflect-2.10.5.jar
6a94a000-6a97f000 r--s 002da000 08:12 3412255    /home/marco/.sbt/boot/scala-2.10.5/lib/scala-reflect.jar
6a97f000-6a982000 ---p 00000000 00:00 0 
6a982000-6aa00000 rw-p 00000000 00:00 0 
6aa00000-6aaff000 rw-p 00000000 00:00 0 
6aaff000-6ab00000 ---p 00000000 00:00 0 
6ab01000-6ab04000 r--s 0001a000 08:12 3412187    /home/marco/.sbt/boot/scala-2.10.5/org.scala-sbt/sbt/0.13.9/cache-0.13.9.jar
6ab04000-6ab08000 r--s 00034000 08:12 3412235    /home/marco/.sbt/boot/scala-2.10.5/org.scala-sbt/sbt/0.13.9/jsch-0.1.46.jar
6ab08000-6ab0b000 r--s 00018000 08:12 3412220    /home/marco/.sbt/boot/scala-2.10.5/org.scala-sbt/sbt/0.13.9/logging-0.13.9.jar
6ab0b000-6ab1a000 r--s 000bb000 08:12 3412227    /home/marco/.sbt/boot/scala-2.10.5/org.scala-sbt/sbt/0.13.9/scala-pickling_2.10-0.10.0.jar
6ab1a000-6ab1d000 r--s 00030000 08:12 3412239    /home/marco/.sbt/boot/scala-2.10.5/org.scala-sbt/sbt/0.13.9/jline-2.11.jar
6ab1d000-6ab20000 r--s 00013000 08:12 3412188    /home/marco/.sbt/boot/scala-2.10.5/org.scala-sbt/sbt/0.13.9/classpath-0.13.9.jar
6ab20000-6ab22000 r--s 00002000 08:12 3412238    /home/marco/.sbt/boot/scala-2.10.5/org.scala-sbt/sbt/0.13.9/test-interface-1.0.jar
6ab22000-6ab26000 r--s 0001c000 08:12 3412210    /home/marco/.sbt/boot/scala-2.10.5/org.scala-sbt/sbt/0.13.9/compiler-integration-0.13.9.jar
6ab26000-6ab2e000 r--s 00057000 08:12 3412199    /home/marco/.sbt/boot/scala-2.10.5/org.scala-sbt/sbt/0.13.9/completion-0.13.9.jar
6ab2e000-6ab31000 ---p 00000000 00:00 0 
6ab31000-6ab7f000 rw-p 00000000 00:00 0 
6ab7f000-6ab80000 ---p 00000000 00:00 0 
6ab80000-6ac00000 rw-p 00000000 00:00 0 
6ac00000-6acfd000 rw-p 00000000 00:00 0 
6acfd000-6ad00000 ---p 00000000 00:00 0 
6ad00000-6ad02000 r--s 00006000 08:12 3412213    /home/marco/.sbt/boot/scala-2.10.5/org.scala-sbt/sbt/0.13.9/relation-0.13.9.jar
6ad02000-6ad05000 r--s 00012000 08:12 3412217    /home/marco/.sbt/boot/scala-2.10.5/org.scala-sbt/sbt/0.13.9/classfile-0.13.9.jar
6ad05000-6ad0a000 r--s 00024000 08:12 3412197    /home/marco/.sbt/boot/scala-2.10.5/org.scala-sbt/sbt/0.13.9/persist-0.13.9.jar
6ad0a000-6ad16000 r--s 000a4000 08:12 3412233    /home/marco/.sbt/boot/scala-2.10.5/org.scala-sbt/sbt/0.13.9/quasiquotes_2.10-2.0.1.jar
6ad16000-6ad18000 r--s 00014000 08:12 3412242    /home/marco/.sbt/boot/scala-2.10.5/org.scala-sbt/sbt/0.13.9/apply-macro-0.13.9.jar
6ad18000-6ad23000 r--s 00096000 08:12 3412205    /home/marco/.sbt/boot/scala-2.10.5/org.scala-sbt/sbt/0.13.9/main-settings-0.13.9.jar
6ad23000-6ad26000 r--s 0001d000 08:12 3412237    /home/marco/.sbt/boot/scala-2.10.5/org.scala-sbt/sbt/0.13.9/task-system-0.13.9.jar
6ad26000-6ad2d000 r--s 00049000 08:12 3412200    /home/marco/.sbt/boot/scala-2.10.5/org.scala-sbt/sbt/0.13.9/api-0.13.9.jar
6ad2d000-6ad32000 r--s 00036000 08:12 3412226    /home/marco/.sbt/boot/scala-2.10.5/org.scala-sbt/sbt/0.13.9/compile-0.13.9.jar
6ad32000-6ad81000 rw-p 00000000 00:00 0 
6ad81000-6af59000 r--s 03d17000 08:12 6825081    /usr/lib/jvm/java-8-oracle/jre/lib/rt.jar
6af59000-6b3fa000 rw-p 00000000 00:00 0 
6b3fa000-6b400000 ---p 00000000 00:00 0 
6b400000-6d800000 rw-p 00000000 00:00 0 
6d800000-6d8fb000 rw-p 00000000 00:00 0 
6d8fb000-6d900000 ---p 00000000 00:00 0 
6d900000-6d902000 r--s 00002000 08:12 3412203    /home/marco/.sbt/boot/scala-2.10.5/org.scala-sbt/sbt/0.13.9/control-0.13.9.jar
6d902000-6d904000 r--s 00007000 08:12 3412232    /home/marco/.sbt/boot/scala-2.10.5/org.scala-sbt/sbt/0.13.9/paranamer-2.6.jar
6d904000-6d90c000 r--s 00060000 08:12 3412206    /home/marco/.sbt/boot/scala-2.10.5/org.scala-sbt/sbt/0.13.9/collections-0.13.9.jar
6d90c000-6d92e000 r--s 001b3000 08:12 3412228    /home/marco/.sbt/boot/scala-2.10.5/org.scala-sbt/sbt/0.13.9/ivy-0.13.9.jar
6d92e000-6d931000 ---p 00000000 00:00 0 
6d931000-6d97f000 rw-p 00000000 00:00 0 
6d97f000-6d980000 ---p 00000000 00:00 0 
6d980000-6da00000 rw-p 00000000 00:00 0 
6da00000-6db00000 rw-p 00000000 00:00 0 
6db00000-6dbff000 rw-p 00000000 00:00 0 
6dbff000-6dc00000 ---p 00000000 00:00 0 
6dc00000-6dc03000 r--s 0001d000 08:12 3412202    /home/marco/.sbt/boot/scala-2.10.5/org.scala-sbt/sbt/0.13.9/tasks-0.13.9.jar
6dc03000-6dc2e000 r--s 00239000 08:12 3412231    /home/marco/.sbt/boot/scala-2.10.5/org.scala-sbt/sbt/0.13.9/main-0.13.9.jar
6dc2e000-6dc31000 ---p 00000000 00:00 0 
6dc31000-6dc7f000 rw-p 00000000 00:00 0 
6dc7f000-6dc80000 ---p 00000000 00:00 0 
6dc80000-6dd00000 rw-p 00000000 00:00 0 
6dd00000-6ddff000 rw-p 00000000 00:00 0 
6ddff000-6de00000 ---p 00000000 00:00 0 
6de00000-6de01000 r--s 00001000 08:12 3412207    /home/marco/.sbt/boot/scala-2.10.5/org.scala-sbt/sbt/0.13.9/cross-0.13.9.jar
6de01000-6de02000 r--s 00005000 08:12 3412221    /home/marco/.sbt/boot/scala-2.10.5/org.scala-sbt/sbt/0.13.9/test-agent-0.13.9.jar
6de02000-6de06000 r--s 0001b000 08:12 3412241    /home/marco/.sbt/boot/scala-2.10.5/org.scala-sbt/sbt/0.13.9/process-0.13.9.jar
6de06000-6de10000 r--s 0006e000 08:12 3412198    /home/marco/.sbt/boot/scala-2.10.5/org.scala-sbt/sbt/0.13.9/incremental-compiler-0.13.9.jar
6de10000-6de11000 r--s 00001000 08:12 3412192    /home/marco/.sbt/boot/scala-2.10.5/org.scala-sbt/sbt/0.13.9/json4s-support_2.10-0.6.0.jar
6de11000-6de16000 r--s 00037000 08:12 3412189    /home/marco/.sbt/boot/scala-2.10.5/org.scala-sbt/sbt/0.13.9/command-0.13.9.jar
6de16000-6de17000 r--s 00002000 08:12 3412209    /home/marco/.sbt/boot/scala-2.10.5/org.scala-sbt/sbt/0.13.9/launcher-interface-1.0.0-M1.jar
6de17000-6de18000 r--s 00005000 08:12 3412201    /home/marco/.sbt/boot/scala-2.10.5/org.scala-sbt/sbt/0.13.9/sbt-0.13.9.jar
6de18000-6de1c000 r--s 00022000 08:12 3412191    /home/marco/.sbt/boot/scala-2.10.5/org.scala-sbt/sbt/0.13.9/sbinary_2.10-0.4.2.jar
6de1c000-6de26000 r--s 00085000 08:12 3412186    /home/marco/.sbt/boot/scala-2.10.5/org.scala-sbt/sbt/0.13.9/json4s-core_2.10-3.2.10.jar
6de26000-6de28000 r--s 00013000 08:12 3412240    /home/marco/.sbt/boot/scala-2.10.5/org.scala-sbt/sbt/0.13.9/json4s-ast_2.10-3.2.10.jar
6de28000-6de29000 ---p 00000000 00:00 0 
6de29000-ae200000 rw-p 00000000 00:00 0 
ae200000-ae202000 r--s 0000e000 08:12 3412222    /home/marco/.sbt/boot/scala-2.10.5/org.scala-sbt/sbt/0.13.9/logic-0.13.9.jar
ae202000-ae211000 r-xp 00000000 08:12 6825168    /usr/lib/jvm/java-8-oracle/jre/lib/i386/libnio.so
ae211000-ae212000 rw-p 0000e000 08:12 6825168    /usr/lib/jvm/java-8-oracle/jre/lib/i386/libnio.so
ae212000-ae22e000 r--s 0010c000 08:12 6818484    /usr/share/sbt-launcher-packaging/bin/sbt-launch.jar
ae22e000-ae231000 ---p 00000000 00:00 0 
ae231000-ae27f000 rw-p 00000000 00:00 0 
ae27f000-ae280000 ---p 00000000 00:00 0 
ae280000-ae332000 rw-p 00000000 00:00 0 
ae332000-ae500000 ---p 00000000 00:00 0 
ae500000-af170000 rwxp 00000000 00:00 0 
af178000-b6500000 ---p 00000000 00:00 0 
b6500000-b65fb000 rw-p 00000000 00:00 0 
b65fb000-b6600000 ---p 00000000 00:00 0 
b6600000-b6615000 r-xp 00000000 08:12 6825137    /usr/lib/jvm/java-8-oracle/jre/lib/i386/libnet.so
b6615000-b6616000 rw-p 00015000 08:12 6825137    /usr/lib/jvm/java-8-oracle/jre/lib/i386/libnet.so
b6616000-b662e000 rw-p 00000000 00:00 0 
b662e000-b6647000 r-xp 00000000 08:12 6825170    /usr/lib/jvm/java-8-oracle/jre/lib/i386/libzip.so
b6647000-b6648000 rw-p 00019000 08:12 6825170    /usr/lib/jvm/java-8-oracle/jre/lib/i386/libzip.so
b6648000-b6653000 r-xp 00000000 08:12 4850293    /lib/i386-linux-gnu/libnss_files-2.15.so
b6653000-b6654000 r--p 0000a000 08:12 4850293    /lib/i386-linux-gnu/libnss_files-2.15.so
b6654000-b6655000 rw-p 0000b000 08:12 4850293    /lib/i386-linux-gnu/libnss_files-2.15.so
b6655000-b665f000 r-xp 00000000 08:12 4850298    /lib/i386-linux-gnu/libnss_nis-2.15.so
b665f000-b6660000 r--p 00009000 08:12 4850298    /lib/i386-linux-gnu/libnss_nis-2.15.so
b6660000-b6661000 rw-p 0000a000 08:12 4850298    /lib/i386-linux-gnu/libnss_nis-2.15.so
b6661000-b6677000 r-xp 00000000 08:12 4850327    /lib/i386-linux-gnu/libnsl-2.15.so
b6677000-b6678000 r--p 00015000 08:12 4850327    /lib/i386-linux-gnu/libnsl-2.15.so
b6678000-b6679000 rw-p 00016000 08:12 4850327    /lib/i386-linux-gnu/libnsl-2.15.so
b6679000-b667b000 rw-p 00000000 00:00 0 
b667b000-b6682000 r-xp 00000000 08:12 4850291    /lib/i386-linux-gnu/libnss_compat-2.15.so
b6682000-b6683000 r--p 00006000 08:12 4850291    /lib/i386-linux-gnu/libnss_compat-2.15.so
b6683000-b6684000 rw-p 00007000 08:12 4850291    /lib/i386-linux-gnu/libnss_compat-2.15.so
b6684000-b668a000 r--s 0003e000 08:12 3412190    /home/marco/.sbt/boot/scala-2.10.5/org.scala-sbt/sbt/0.13.9/io-0.13.9.jar
b668a000-b668e000 r--s 00025000 08:12 3412253    /home/marco/.sbt/boot/scala-2.10.5/lib/jline.jar
b668e000-b6696000 rw-s 00000000 08:12 3017238    /tmp/hsperfdata_marco/6699
b6696000-b66ba000 r-xp 00000000 08:12 6825145    /usr/lib/jvm/java-8-oracle/jre/lib/i386/libjava.so
b66ba000-b66bb000 rw-p 00023000 08:12 6825145    /usr/lib/jvm/java-8-oracle/jre/lib/i386/libjava.so
b66bb000-b66c2000 r-xp 00000000 08:12 4850296    /lib/i386-linux-gnu/librt-2.15.so
b66c2000-b66c3000 r--p 00006000 08:12 4850296    /lib/i386-linux-gnu/librt-2.15.so
b66c3000-b66c4000 rw-p 00007000 08:12 4850296    /lib/i386-linux-gnu/librt-2.15.so
b66c4000-b66c7000 ---p 00000000 00:00 0 
b66c7000-b6715000 rw-p 00000000 00:00 0 
b6715000-b673f000 r-xp 00000000 08:12 4850318    /lib/i386-linux-gnu/libm-2.15.so
b673f000-b6740000 r--p 00029000 08:12 4850318    /lib/i386-linux-gnu/libm-2.15.so
b6740000-b6741000 rw-p 0002a000 08:12 4850318    /lib/i386-linux-gnu/libm-2.15.so
b6741000-b70c1000 r-xp 00000000 08:12 6825149    /usr/lib/jvm/java-8-oracle/jre/lib/i386/server/libjvm.so
b70c1000-b712e000 rw-p 00980000 08:12 6825149    /usr/lib/jvm/java-8-oracle/jre/lib/i386/server/libjvm.so
b712e000-b7554000 rw-p 00000000 00:00 0 
b7554000-b76f7000 r-xp 00000000 08:12 4850289    /lib/i386-linux-gnu/libc-2.15.so
b76f7000-b76f9000 r--p 001a3000 08:12 4850289    /lib/i386-linux-gnu/libc-2.15.so
b76f9000-b76fa000 rw-p 001a5000 08:12 4850289    /lib/i386-linux-gnu/libc-2.15.so
b76fa000-b76fd000 rw-p 00000000 00:00 0 
b76fd000-b7700000 r-xp 00000000 08:12 4850322    /lib/i386-linux-gnu/libdl-2.15.so
b7700000-b7701000 r--p 00002000 08:12 4850322    /lib/i386-linux-gnu/libdl-2.15.so
b7701000-b7702000 rw-p 00003000 08:12 4850322    /lib/i386-linux-gnu/libdl-2.15.so
b7702000-b7703000 rw-p 00000000 00:00 0 
b7703000-b7717000 r-xp 00000000 08:12 6825129    /usr/lib/jvm/java-8-oracle/jre/lib/i386/jli/libjli.so
b7717000-b7718000 rw-p 00014000 08:12 6825129    /usr/lib/jvm/java-8-oracle/jre/lib/i386/jli/libjli.so
b7718000-b772f000 r-xp 00000000 08:12 4850316    /lib/i386-linux-gnu/libpthread-2.15.so
b772f000-b7730000 r--p 00016000 08:12 4850316    /lib/i386-linux-gnu/libpthread-2.15.so
b7730000-b7731000 rw-p 00017000 08:12 4850316    /lib/i386-linux-gnu/libpthread-2.15.so
b7731000-b7733000 rw-p 00000000 00:00 0 
b7733000-b7736000 r--s 00018000 08:12 3412252    /home/marco/.sbt/boot/scala-2.10.5/lib/jansi.jar
b7736000-b7737000 r--p 00859000 08:12 4201162    /usr/lib/locale/locale-archive
b7737000-b7738000 rw-p 00000000 00:00 0 
b7738000-b7739000 r--p 00000000 00:00 0 
b7739000-b7744000 r-xp 00000000 08:12 6825147    /usr/lib/jvm/java-8-oracle/jre/lib/i386/libverify.so
b7744000-b7745000 rw-p 0000b000 08:12 6825147    /usr/lib/jvm/java-8-oracle/jre/lib/i386/libverify.so
b7745000-b7747000 rw-p 00000000 00:00 0 
b7747000-b7748000 r-xp 00000000 00:00 0          [vdso]
b7748000-b7768000 r-xp 00000000 08:12 4850319    /lib/i386-linux-gnu/ld-2.15.so
b7768000-b7769000 r--p 0001f000 08:12 4850319    /lib/i386-linux-gnu/ld-2.15.so
b7769000-b776a000 rw-p 00020000 08:12 4850319    /lib/i386-linux-gnu/ld-2.15.so
bf929000-bf92a000 rwxp 00000000 00:00 0 
bf95c000-bf97d000 rw-p 00000000 00:00 0          [stack]

VM Arguments:
jvm_args: -Xms1024m -Xmx1024m -XX:ReservedCodeCacheSize=128m -XX:MaxMetaspaceSize=256m 
java_command: /usr/share/sbt-launcher-packaging/bin/sbt-launch.jar
java_class_path (initial): /usr/share/sbt-launcher-packaging/bin/sbt-launch.jar
Launcher Type: SUN_STANDARD

Environment Variables:
PATH=/usr/lib/lightdm/lightdm:/usr/local/sbin:/usr/local/bin:/usr/sbin:/usr/bin:/sbin:/bin:/usr/games
SHELL=/bin/bash
DISPLAY=:0.0

Signal Handlers:
SIGSEGV: [libjvm.so+0x8cdb80], sa_mask[0]=11111111011111111101111111111110, sa_flags=SA_RESTART|SA_SIGINFO
SIGBUS: [libjvm.so+0x8cdb80], sa_mask[0]=11111111011111111101111111111110, sa_flags=SA_RESTART|SA_SIGINFO
SIGFPE: [libjvm.so+0x74db00], sa_mask[0]=11111111011111111101111111111110, sa_flags=SA_RESTART|SA_SIGINFO
SIGPIPE: [libjvm.so+0x74db00], sa_mask[0]=11111111011111111101111111111110, sa_flags=SA_RESTART|SA_SIGINFO
SIGXFSZ: [libjvm.so+0x74db00], sa_mask[0]=11111111011111111101111111111110, sa_flags=SA_RESTART|SA_SIGINFO
SIGILL: [libjvm.so+0x74db00], sa_mask[0]=11111111011111111101111111111110, sa_flags=SA_RESTART|SA_SIGINFO
SIGUSR1: SIG_DFL, sa_mask[0]=00000000000000000000000000000000, sa_flags=none
SIGUSR2: [libjvm.so+0x74f180], sa_mask[0]=00000000000000000000000000000000, sa_flags=SA_RESTART|SA_SIGINFO
SIGHUP: [libjvm.so+0x750630], sa_mask[0]=11111111011111111101111111111110, sa_flags=SA_RESTART|SA_SIGINFO
SIGINT: [libjvm.so+0x750630], sa_mask[0]=11111111011111111101111111111110, sa_flags=SA_RESTART|SA_SIGINFO
SIGTERM: [libjvm.so+0x750630], sa_mask[0]=11111111011111111101111111111110, sa_flags=SA_RESTART|SA_SIGINFO
SIGQUIT: [libjvm.so+0x750630], sa_mask[0]=11111111011111111101111111111110, sa_flags=SA_RESTART|SA_SIGINFO


---------------  S Y S T E M  ---------------

OS:DISTRIB_ID=Ubuntu
DISTRIB_RELEASE=12.04
DISTRIB_CODENAME=precise
DISTRIB_DESCRIPTION="Ubuntu 12.04.2 LTS"

uname:Linux 3.2.0-48-generic-pae #74-Ubuntu SMP Thu Jun 6 20:05:01 UTC 2013 i686
libc:glibc 2.15 NPTL 2.15 
rlimit: STACK 8192k, CORE 0k, NPROC 28637, NOFILE 4096, AS infinity
load average:20,52 6,87 3,31

/proc/meminfo:
MemTotal:        3680248 kB
MemFree:          182068 kB
Buffers:           21612 kB
Cached:            47012 kB
SwapCached:            0 kB
Active:          3358664 kB
Inactive:          32408 kB
Active(anon):    3323656 kB
Inactive(anon):      592 kB
Active(file):      35008 kB
Inactive(file):    31816 kB
Unevictable:           0 kB
Mlocked:               0 kB
HighTotal:       2821832 kB
HighFree:          17520 kB
LowTotal:         858416 kB
LowFree:          164548 kB
SwapTotal:             0 kB
SwapFree:              0 kB
Dirty:               720 kB
Writeback:             0 kB
AnonPages:       3296604 kB
Mapped:            25952 kB
Shmem:              1428 kB
Slab:              38656 kB
SReclaimable:      19604 kB
SUnreclaim:        19052 kB
KernelStack:        6320 kB
PageTables:        14820 kB
NFS_Unstable:          0 kB
Bounce:                0 kB
WritebackTmp:          0 kB
CommitLimit:     1840124 kB
Committed_AS:   10443356 kB
VmallocTotal:     122880 kB
VmallocUsed:       83876 kB
VmallocChunk:      23292 kB
HardwareCorrupted:     0 kB
AnonHugePages:         0 kB
HugePages_Total:       0
HugePages_Free:        0
HugePages_Rsvd:        0
HugePages_Surp:        0
Hugepagesize:       2048 kB
DirectMap4k:        8184 kB
DirectMap2M:      905216 kB


CPU:total 4 (4 cores per cpu, 1 threads per core) family 6 model 15 stepping 11, cmov, cx8, fxsr, mmx, sse, sse2, sse3, ssse3, tsc

/proc/cpuinfo:
processor	: 0
vendor_id	: GenuineIntel
cpu family	: 6
model		: 15
model name	: Intel(R) Core(TM)2 Quad CPU    Q6600  @ 2.40GHz
stepping	: 11
microcode	: 0xb3
cpu MHz		: 2400.000
cache size	: 4096 KB
physical id	: 0
siblings	: 4
core id		: 0
cpu cores	: 4
apicid		: 0
initial apicid	: 0
fdiv_bug	: no
hlt_bug		: no
f00f_bug	: no
coma_bug	: no
fpu		: yes
fpu_exception	: yes
cpuid level	: 10
wp		: yes
flags		: fpu vme de pse tsc msr pae mce cx8 apic sep mtrr pge mca cmov pat pse36 clflush dts acpi mmx fxsr sse sse2 ss ht tm pbe nx lm constant_tsc arch_perfmon pebs bts aperfmperf pni dtes64 monitor ds_cpl vmx est tm2 ssse3 cx16 xtpr pdcm lahf_lm dtherm tpr_shadow vnmi flexpriority
bogomips	: 4788.35
clflush size	: 64
cache_alignment	: 64
address sizes	: 36 bits physical, 48 bits virtual
power management:

processor	: 1
vendor_id	: GenuineIntel
cpu family	: 6
model		: 15
model name	: Intel(R) Core(TM)2 Quad CPU    Q6600  @ 2.40GHz
stepping	: 11
microcode	: 0xb3
cpu MHz		: 2400.000
cache size	: 4096 KB
physical id	: 0
siblings	: 4
core id		: 1
cpu cores	: 4
apicid		: 1
initial apicid	: 1
fdiv_bug	: no
hlt_bug		: no
f00f_bug	: no
coma_bug	: no
fpu		: yes
fpu_exception	: yes
cpuid level	: 10
wp		: yes
flags		: fpu vme de pse tsc msr pae mce cx8 apic sep mtrr pge mca cmov pat pse36 clflush dts acpi mmx fxsr sse sse2 ss ht tm pbe nx lm constant_tsc arch_perfmon pebs bts aperfmperf pni dtes64 monitor ds_cpl vmx est tm2 ssse3 cx16 xtpr pdcm lahf_lm dtherm tpr_shadow vnmi flexpriority
bogomips	: 4788.85
clflush size	: 64
cache_alignment	: 64
address sizes	: 36 bits physical, 48 bits virtual
power management:

processor	: 2
vendor_id	: GenuineIntel
cpu family	: 6
model		: 15
model name	: Intel(R) Core(TM)2 Quad CPU    Q6600  @ 2.40GHz
stepping	: 11
microcode	: 0xb3
cpu MHz		: 2400.000
cache size	: 4096 KB
physical id	: 0
siblings	: 4
core id		: 2
cpu cores	: 4
apicid		: 2
initial apicid	: 2
fdiv_bug	: no
hlt_bug		: no
f00f_bug	: no
coma_bug	: no
fpu		: yes
fpu_exception	: yes
cpuid level	: 10
wp		: yes
flags		: fpu vme de pse tsc msr pae mce cx8 apic sep mtrr pge mca cmov pat pse36 clflush dts acpi mmx fxsr sse sse2 ss ht tm pbe nx lm constant_tsc arch_perfmon pebs bts aperfmperf pni dtes64 monitor ds_cpl vmx est tm2 ssse3 cx16 xtpr pdcm lahf_lm dtherm tpr_shadow vnmi flexpriority
bogomips	: 4788.89
clflush size	: 64
cache_alignment	: 64
address sizes	: 36 bits physical, 48 bits virtual
power management:

processor	: 3
vendor_id	: GenuineIntel
cpu family	: 6
model		: 15
model name	: Intel(R) Core(TM)2 Quad CPU    Q6600  @ 2.40GHz
stepping	: 11
microcode	: 0xb3
cpu MHz		: 2400.000
cache size	: 4096 KB
physical id	: 0
siblings	: 4
core id		: 3
cpu cores	: 4
apicid		: 3
initial apicid	: 3
fdiv_bug	: no
hlt_bug		: no
f00f_bug	: no
coma_bug	: no
fpu		: yes
fpu_exception	: yes
cpuid level	: 10
wp		: yes
flags		: fpu vme de pse tsc msr pae mce cx8 apic sep mtrr pge mca cmov pat pse36 clflush dts acpi mmx fxsr sse sse2 ss ht tm pbe nx lm constant_tsc arch_perfmon pebs bts aperfmperf pni dtes64 monitor ds_cpl vmx est tm2 ssse3 cx16 xtpr pdcm lahf_lm dtherm tpr_shadow vnmi flexpriority
bogomips	: 4788.89
clflush size	: 64
cache_alignment	: 64
address sizes	: 36 bits physical, 48 bits virtual
power management:



Memory: 4k page, physical 3680248k(182068k free), swap 0k(0k free)

vm_info: Java HotSpot(TM) Server VM (25.60-b23) for linux-x86 JRE (1.8.0_60-b27), built on Aug  4 2015 10:44:54 by "java_re" with gcc 4.3.0 20080428 (Red Hat 4.3.0-8)

time: Mon Nov 30 11:05:25 2015
elapsed time: 48 seconds (0d 0h 0m 48s)

