#
# There is insufficient memory for the Java Runtime Environment to continue.
# Native memory allocation (mmap) failed to map 358088704 bytes for committing reserved memory.
# Possible reasons:
#   The system is out of physical RAM or swap space
#   In 32 bit mode, the process size limit was hit
# Possible solutions:
#   Reduce memory load on the system
#   Increase physical memory or swap space
#   Check if swap backing store is full
#   Use 64 bit Java on a 64 bit OS
#   Decrease Java heap size (-Xmx/-Xms)
#   Decrease number of Java threads
#   Decrease Java thread stack sizes (-Xss)
#   Set larger code cache with -XX:ReservedCodeCacheSize=
# This output file may be truncated or incomplete.
#
#  Out of Memory Error (os_linux.cpp:2627), pid=11185, tid=3060673344
#
# JRE version:  (8.0_60-b27) (build )
# Java VM: Java HotSpot(TM) Server VM (25.60-b23 mixed mode linux-x86 )
# Failed to write core dump. Core dumps have been disabled. To enable core dumping, try "ulimit -c unlimited" before starting Java again
#

---------------  T H R E A D  ---------------

Current thread (0xb6507400):  JavaThread "Unknown thread" [_thread_in_vm, id=11186, stack(0xb6692000,0xb66e3000)]

Stack: [0xb6692000,0xb66e3000],  sp=0xb66e1b30,  free space=318k
Native frames: (J=compiled Java code, j=interpreted, Vv=VM code, C=native code)
V  [libjvm.so+0x8cd06f]  VMError::report_and_die()+0x16f
V  [libjvm.so+0x38bea5]  report_vm_out_of_memory(char const*, int, unsigned int, VMErrorType, char const*)+0x55
V  [libjvm.so+0x750e26]  os::Linux::commit_memory_impl(char*, unsigned int, bool)+0xe6
V  [libjvm.so+0x7512f8]  os::pd_commit_memory(char*, unsigned int, unsigned int, bool)+0x28
V  [libjvm.so+0x74b21c]  os::commit_memory(char*, unsigned int, unsigned int, bool)+0x2c
V  [libjvm.so+0x7b5818]  PSVirtualSpace::expand_by(unsigned int)+0x48
V  [libjvm.so+0x7a824b]  PSOldGen::initialize(ReservedSpace, unsigned int, char const*, int)+0x8b
V  [libjvm.so+0x1a5767]  AdjoiningGenerations::AdjoiningGenerations(ReservedSpace, GenerationSizer*, unsigned int)+0x2e7
V  [libjvm.so+0x7720df]  ParallelScavengeHeap::initialize()+0x19f
V  [libjvm.so+0x897f9d]  Universe::initialize_heap()+0xcd
V  [libjvm.so+0x8982d3]  universe_init()+0x23
V  [libjvm.so+0x4c1ba5]  init_globals()+0x55
V  [libjvm.so+0x87d51b]  Threads::create_vm(JavaVMInitArgs*, bool*)+0x24b
V  [libjvm.so+0x53c25c]  JNI_CreateJavaVM+0x5c
C  [libjli.so+0x6e28]  JavaMain+0x98
C  [libpthread.so.0+0x6d4c]  start_thread+0xcc
C  [libc.so.6+0xeedde]  clone+0x5e


---------------  P R O C E S S  ---------------

Java Threads: ( => current thread )

Other Threads:

=>0xb6507400 (exited) JavaThread "Unknown thread" [_thread_in_vm, id=11186, stack(0xb6692000,0xb66e3000)]

VM state:not at safepoint (not fully initialized)

VM Mutex/Monitor currently owned by a thread: None

GC Heap History (0 events):
No events

Deoptimization events (0 events):
No events

Internal exceptions (0 events):
No events

Events (0 events):
No events


Dynamic libraries:
08048000-08049000 r-xp 00000000 08:12 6948843    /usr/lib/jvm/java-8-oracle/jre/bin/java
08049000-0804a000 rw-p 00000000 08:12 6948843    /usr/lib/jvm/java-8-oracle/jre/bin/java
09b02000-09b23000 rw-p 00000000 00:00 0          [heap]
8e0ff000-8e1a9000 ---p 00000000 00:00 0 
8e1a9000-8e200000 rw-p 00000000 00:00 0 
a35e5000-ae200000 rw-p 00000000 00:00 0 
ae230000-ae2ef000 rw-p 00000000 00:00 0 
ae2ef000-ae4e6000 ---p 00000000 00:00 0 
ae4e6000-ae726000 rwxp 00000000 00:00 0 
ae726000-b64e6000 ---p 00000000 00:00 0 
b64e6000-b64ff000 r-xp 00000000 08:12 6825170    /usr/lib/jvm/java-8-oracle/jre/lib/i386/libzip.so
b64ff000-b6500000 rw-p 00019000 08:12 6825170    /usr/lib/jvm/java-8-oracle/jre/lib/i386/libzip.so
b6500000-b6521000 rw-p 00000000 00:00 0 
b6521000-b6600000 ---p 00000000 00:00 0 
b6616000-b6621000 r-xp 00000000 08:12 4850293    /lib/i386-linux-gnu/libnss_files-2.15.so
b6621000-b6622000 r--p 0000a000 08:12 4850293    /lib/i386-linux-gnu/libnss_files-2.15.so
b6622000-b6623000 rw-p 0000b000 08:12 4850293    /lib/i386-linux-gnu/libnss_files-2.15.so
b6623000-b662d000 r-xp 00000000 08:12 4850298    /lib/i386-linux-gnu/libnss_nis-2.15.so
b662d000-b662e000 r--p 00009000 08:12 4850298    /lib/i386-linux-gnu/libnss_nis-2.15.so
b662e000-b662f000 rw-p 0000a000 08:12 4850298    /lib/i386-linux-gnu/libnss_nis-2.15.so
b662f000-b6645000 r-xp 00000000 08:12 4850327    /lib/i386-linux-gnu/libnsl-2.15.so
b6645000-b6646000 r--p 00015000 08:12 4850327    /lib/i386-linux-gnu/libnsl-2.15.so
b6646000-b6647000 rw-p 00016000 08:12 4850327    /lib/i386-linux-gnu/libnsl-2.15.so
b6647000-b6649000 rw-p 00000000 00:00 0 
b6649000-b6650000 r-xp 00000000 08:12 4850291    /lib/i386-linux-gnu/libnss_compat-2.15.so
b6650000-b6651000 r--p 00006000 08:12 4850291    /lib/i386-linux-gnu/libnss_compat-2.15.so
b6651000-b6652000 rw-p 00007000 08:12 4850291    /lib/i386-linux-gnu/libnss_compat-2.15.so
b665c000-b6664000 rw-s 00000000 08:12 3017717    /tmp/hsperfdata_marco/11185
b6664000-b6688000 r-xp 00000000 08:12 6825145    /usr/lib/jvm/java-8-oracle/jre/lib/i386/libjava.so
b6688000-b6689000 rw-p 00023000 08:12 6825145    /usr/lib/jvm/java-8-oracle/jre/lib/i386/libjava.so
b6689000-b6690000 r-xp 00000000 08:12 4850296    /lib/i386-linux-gnu/librt-2.15.so
b6690000-b6691000 r--p 00006000 08:12 4850296    /lib/i386-linux-gnu/librt-2.15.so
b6691000-b6692000 rw-p 00007000 08:12 4850296    /lib/i386-linux-gnu/librt-2.15.so
b6692000-b6695000 ---p 00000000 00:00 0 
b6695000-b66e3000 rw-p 00000000 00:00 0 
b66e3000-b670d000 r-xp 00000000 08:12 4850318    /lib/i386-linux-gnu/libm-2.15.so
b670d000-b670e000 r--p 00029000 08:12 4850318    /lib/i386-linux-gnu/libm-2.15.so
b670e000-b670f000 rw-p 0002a000 08:12 4850318    /lib/i386-linux-gnu/libm-2.15.so
b670f000-b708f000 r-xp 00000000 08:12 6825149    /usr/lib/jvm/java-8-oracle/jre/lib/i386/server/libjvm.so
b708f000-b70fc000 rw-p 00980000 08:12 6825149    /usr/lib/jvm/java-8-oracle/jre/lib/i386/server/libjvm.so
b70fc000-b7522000 rw-p 00000000 00:00 0 
b7522000-b76c5000 r-xp 00000000 08:12 4850289    /lib/i386-linux-gnu/libc-2.15.so
b76c5000-b76c7000 r--p 001a3000 08:12 4850289    /lib/i386-linux-gnu/libc-2.15.so
b76c7000-b76c8000 rw-p 001a5000 08:12 4850289    /lib/i386-linux-gnu/libc-2.15.so
b76c8000-b76cb000 rw-p 00000000 00:00 0 
b76cb000-b76ce000 r-xp 00000000 08:12 4850322    /lib/i386-linux-gnu/libdl-2.15.so
b76ce000-b76cf000 r--p 00002000 08:12 4850322    /lib/i386-linux-gnu/libdl-2.15.so
b76cf000-b76d0000 rw-p 00003000 08:12 4850322    /lib/i386-linux-gnu/libdl-2.15.so
b76d0000-b76d1000 rw-p 00000000 00:00 0 
b76d1000-b76e5000 r-xp 00000000 08:12 6825129    /usr/lib/jvm/java-8-oracle/jre/lib/i386/jli/libjli.so
b76e5000-b76e6000 rw-p 00014000 08:12 6825129    /usr/lib/jvm/java-8-oracle/jre/lib/i386/jli/libjli.so
b76e6000-b76fd000 r-xp 00000000 08:12 4850316    /lib/i386-linux-gnu/libpthread-2.15.so
b76fd000-b76fe000 r--p 00016000 08:12 4850316    /lib/i386-linux-gnu/libpthread-2.15.so
b76fe000-b76ff000 rw-p 00017000 08:12 4850316    /lib/i386-linux-gnu/libpthread-2.15.so
b76ff000-b7701000 rw-p 00000000 00:00 0 
b7702000-b7706000 rw-p 00000000 00:00 0 
b7706000-b7707000 r--p 00000000 00:00 0 
b7707000-b7712000 r-xp 00000000 08:12 6825147    /usr/lib/jvm/java-8-oracle/jre/lib/i386/libverify.so
b7712000-b7713000 rw-p 0000b000 08:12 6825147    /usr/lib/jvm/java-8-oracle/jre/lib/i386/libverify.so
b7713000-b7715000 rw-p 00000000 00:00 0 
b7715000-b7716000 r-xp 00000000 00:00 0          [vdso]
b7716000-b7736000 r-xp 00000000 08:12 4850319    /lib/i386-linux-gnu/ld-2.15.so
b7736000-b7737000 r--p 0001f000 08:12 4850319    /lib/i386-linux-gnu/ld-2.15.so
b7737000-b7738000 rw-p 00020000 08:12 4850319    /lib/i386-linux-gnu/ld-2.15.so
bfbc3000-bfbc4000 rwxp 00000000 00:00 0 
bfbf6000-bfc17000 rw-p 00000000 00:00 0          [stack]

VM Arguments:
jvm_args: -Xms512m -Xmx512m -XX:ReservedCodeCacheSize=128m -XX:MaxMetaspaceSize=256m 
java_command: /usr/share/sbt-launcher-packaging/bin/sbt-launch.jar
java_class_path (initial): /usr/share/sbt-launcher-packaging/bin/sbt-launch.jar
Launcher Type: SUN_STANDARD

Environment Variables:
PATH=/usr/lib/lightdm/lightdm:/usr/local/sbin:/usr/local/bin:/usr/sbin:/usr/bin:/sbin:/bin:/usr/games
SHELL=/bin/bash
DISPLAY=:0.0

Signal Handlers:
SIGSEGV: [libjvm.so+0x8cdb80], sa_mask[0]=11111111011111111101111111111110, sa_flags=SA_RESTART|SA_SIGINFO
SIGBUS: [libjvm.so+0x8cdb80], sa_mask[0]=11111111011111111101111111111110, sa_flags=SA_RESTART|SA_SIGINFO
SIGFPE: [libjvm.so+0x74db00], sa_mask[0]=11111111011111111101111111111110, sa_flags=SA_RESTART|SA_SIGINFO
SIGPIPE: [libjvm.so+0x74db00], sa_mask[0]=11111111011111111101111111111110, sa_flags=SA_RESTART|SA_SIGINFO
SIGXFSZ: [libjvm.so+0x74db00], sa_mask[0]=11111111011111111101111111111110, sa_flags=SA_RESTART|SA_SIGINFO
SIGILL: [libjvm.so+0x74db00], sa_mask[0]=11111111011111111101111111111110, sa_flags=SA_RESTART|SA_SIGINFO
SIGUSR1: SIG_DFL, sa_mask[0]=00000000000000000000000000000000, sa_flags=none
SIGUSR2: [libjvm.so+0x74f180], sa_mask[0]=00000000000000000000000000000000, sa_flags=SA_RESTART|SA_SIGINFO
SIGHUP: SIG_DFL, sa_mask[0]=00000000000000000000000000000000, sa_flags=none
SIGINT: SIG_DFL, sa_mask[0]=00000000000000000000000000000000, sa_flags=none
SIGTERM: SIG_DFL, sa_mask[0]=00000000000000000000000000000000, sa_flags=none
SIGQUIT: SIG_DFL, sa_mask[0]=00000000000000000000000000000000, sa_flags=none


---------------  S Y S T E M  ---------------

OS:DISTRIB_ID=Ubuntu
DISTRIB_RELEASE=12.04
DISTRIB_CODENAME=precise
DISTRIB_DESCRIPTION="Ubuntu 12.04.2 LTS"

uname:Linux 3.2.0-48-generic-pae #74-Ubuntu SMP Thu Jun 6 20:05:01 UTC 2013 i686
libc:glibc 2.15 NPTL 2.15 
rlimit: STACK 8192k, CORE 0k, NPROC 28637, NOFILE 4096, AS infinity
load average:11.26 5.47 3.67

/proc/meminfo:
MemTotal:        3680248 kB
MemFree:          236100 kB
Buffers:           60652 kB
Cached:           232004 kB
SwapCached:            0 kB
Active:          3199620 kB
Inactive:         139356 kB
Active(anon):    3047236 kB
Inactive(anon):     1388 kB
Active(file):     152384 kB
Inactive(file):   137968 kB
Unevictable:           0 kB
Mlocked:               0 kB
HighTotal:       2821832 kB
HighFree:          34932 kB
LowTotal:         858416 kB
LowFree:          201168 kB
SwapTotal:             0 kB
SwapFree:              0 kB
Dirty:              1864 kB
Writeback:             0 kB
AnonPages:       3046448 kB
Mapped:            76980 kB
Shmem:              2256 kB
Slab:              36888 kB
SReclaimable:      17912 kB
SUnreclaim:        18976 kB
KernelStack:        6048 kB
PageTables:        13900 kB
NFS_Unstable:          0 kB
Bounce:                0 kB
WritebackTmp:          0 kB
CommitLimit:     1840124 kB
Committed_AS:    8742864 kB
VmallocTotal:     122880 kB
VmallocUsed:       84240 kB
VmallocChunk:      25252 kB
HardwareCorrupted:     0 kB
AnonHugePages:         0 kB
HugePages_Total:       0
HugePages_Free:        0
HugePages_Rsvd:        0
HugePages_Surp:        0
Hugepagesize:       2048 kB
DirectMap4k:        8184 kB
DirectMap2M:      905216 kB


CPU:total 4 (4 cores per cpu, 1 threads per core) family 6 model 15 stepping 11, cmov, cx8, fxsr, mmx, sse, sse2, sse3, ssse3, tsc

/proc/cpuinfo:
processor	: 0
vendor_id	: GenuineIntel
cpu family	: 6
model		: 15
model name	: Intel(R) Core(TM)2 Quad CPU    Q6600  @ 2.40GHz
stepping	: 11
microcode	: 0xb3
cpu MHz		: 1600.000
cache size	: 4096 KB
physical id	: 0
siblings	: 4
core id		: 0
cpu cores	: 4
apicid		: 0
initial apicid	: 0
fdiv_bug	: no
hlt_bug		: no
f00f_bug	: no
coma_bug	: no
fpu		: yes
fpu_exception	: yes
cpuid level	: 10
wp		: yes
flags		: fpu vme de pse tsc msr pae mce cx8 apic sep mtrr pge mca cmov pat pse36 clflush dts acpi mmx fxsr sse sse2 ss ht tm pbe nx lm constant_tsc arch_perfmon pebs bts aperfmperf pni dtes64 monitor ds_cpl vmx est tm2 ssse3 cx16 xtpr pdcm lahf_lm dtherm tpr_shadow vnmi flexpriority
bogomips	: 4788.62
clflush size	: 64
cache_alignment	: 64
address sizes	: 36 bits physical, 48 bits virtual
power management:

processor	: 1
vendor_id	: GenuineIntel
cpu family	: 6
model		: 15
model name	: Intel(R) Core(TM)2 Quad CPU    Q6600  @ 2.40GHz
stepping	: 11
microcode	: 0xb3
cpu MHz		: 1600.000
cache size	: 4096 KB
physical id	: 0
siblings	: 4
core id		: 1
cpu cores	: 4
apicid		: 1
initial apicid	: 1
fdiv_bug	: no
hlt_bug		: no
f00f_bug	: no
coma_bug	: no
fpu		: yes
fpu_exception	: yes
cpuid level	: 10
wp		: yes
flags		: fpu vme de pse tsc msr pae mce cx8 apic sep mtrr pge mca cmov pat pse36 clflush dts acpi mmx fxsr sse sse2 ss ht tm pbe nx lm constant_tsc arch_perfmon pebs bts aperfmperf pni dtes64 monitor ds_cpl vmx est tm2 ssse3 cx16 xtpr pdcm lahf_lm dtherm tpr_shadow vnmi flexpriority
bogomips	: 4788.84
clflush size	: 64
cache_alignment	: 64
address sizes	: 36 bits physical, 48 bits virtual
power management:

processor	: 2
vendor_id	: GenuineIntel
cpu family	: 6
model		: 15
model name	: Intel(R) Core(TM)2 Quad CPU    Q6600  @ 2.40GHz
stepping	: 11
microcode	: 0xb3
cpu MHz		: 2400.000
cache size	: 4096 KB
physical id	: 0
siblings	: 4
core id		: 2
cpu cores	: 4
apicid		: 2
initial apicid	: 2
fdiv_bug	: no
hlt_bug		: no
f00f_bug	: no
coma_bug	: no
fpu		: yes
fpu_exception	: yes
cpuid level	: 10
wp		: yes
flags		: fpu vme de pse tsc msr pae mce cx8 apic sep mtrr pge mca cmov pat pse36 clflush dts acpi mmx fxsr sse sse2 ss ht tm pbe nx lm constant_tsc arch_perfmon pebs bts aperfmperf pni dtes64 monitor ds_cpl vmx est tm2 ssse3 cx16 xtpr pdcm lahf_lm dtherm tpr_shadow vnmi flexpriority
bogomips	: 4788.89
clflush size	: 64
cache_alignment	: 64
address sizes	: 36 bits physical, 48 bits virtual
power management:

processor	: 3
vendor_id	: GenuineIntel
cpu family	: 6
model		: 15
model name	: Intel(R) Core(TM)2 Quad CPU    Q6600  @ 2.40GHz
stepping	: 11
microcode	: 0xb3
cpu MHz		: 1600.000
cache size	: 4096 KB
physical id	: 0
siblings	: 4
core id		: 3
cpu cores	: 4
apicid		: 3
initial apicid	: 3
fdiv_bug	: no
hlt_bug		: no
f00f_bug	: no
coma_bug	: no
fpu		: yes
fpu_exception	: yes
cpuid level	: 10
wp		: yes
flags		: fpu vme de pse tsc msr pae mce cx8 apic sep mtrr pge mca cmov pat pse36 clflush dts acpi mmx fxsr sse sse2 ss ht tm pbe nx lm constant_tsc arch_perfmon pebs bts aperfmperf pni dtes64 monitor ds_cpl vmx est tm2 ssse3 cx16 xtpr pdcm lahf_lm dtherm tpr_shadow vnmi flexpriority
bogomips	: 4788.90
clflush size	: 64
cache_alignment	: 64
address sizes	: 36 bits physical, 48 bits virtual
power management:



Memory: 4k page, physical 3680248k(236100k free), swap 0k(0k free)

vm_info: Java HotSpot(TM) Server VM (25.60-b23) for linux-x86 JRE (1.8.0_60-b27), built on Aug  4 2015 10:44:54 by "java_re" with gcc 4.3.0 20080428 (Red Hat 4.3.0-8)

time: Mon Nov 30 15:35:15 2015
elapsed time: 0 seconds (0d 0h 0m 0s)

